2024-02-16 12:29:25.052 [info] Extension host with pid 828 started
2024-02-16 12:29:25.053 [error] Error: EEXIST: file already exists, open '/home/seeker/.vscode-server/data/User/workspaceStorage/6eb3d133dc462f74df09f76586defd87/vscode.lock'
2024-02-16 12:29:25.061 [info] Lock '/home/seeker/.vscode-server/data/User/workspaceStorage/6eb3d133dc462f74df09f76586defd87/vscode.lock': Could not acquire lock, checking if the file is stale.
2024-02-16 12:29:25.074 [info] Lock '/home/seeker/.vscode-server/data/User/workspaceStorage/6eb3d133dc462f74df09f76586defd87/vscode.lock': The pid 4787 appears to be gone.
2024-02-16 12:29:25.074 [info] Lock '/home/seeker/.vscode-server/data/User/workspaceStorage/6eb3d133dc462f74df09f76586defd87/vscode.lock': Deleting a stale lock.
2024-02-16 12:29:25.087 [info] Lock '/home/seeker/.vscode-server/data/User/workspaceStorage/6eb3d133dc462f74df09f76586defd87/vscode.lock': Lock acquired.
2024-02-16 12:29:25.174 [info] ExtensionService#_doActivateExtension vscode.emmet, startup: false, activationEvent: 'onLanguage'
2024-02-16 12:29:25.184 [info] ExtensionService#_doActivateExtension vscode.php-language-features, startup: false, activationEvent: 'onLanguage:php'
2024-02-16 12:29:25.355 [info] ExtensionService#_doActivateExtension vscode.git-base, startup: true, activationEvent: '*', root cause: vscode.git
2024-02-16 12:29:25.400 [info] ExtensionService#_doActivateExtension vscode.git, startup: true, activationEvent: '*'
2024-02-16 12:29:25.400 [info] ExtensionService#_doActivateExtension vscode.github, startup: true, activationEvent: '*'
2024-02-16 12:29:25.959 [info] Eager extensions activated
2024-02-16 12:29:25.960 [info] ExtensionService#_doActivateExtension vscode.debug-auto-launch, startup: false, activationEvent: 'onStartupFinished'
2024-02-16 12:29:25.969 [info] ExtensionService#_doActivateExtension vscode.merge-conflict, startup: false, activationEvent: 'onStartupFinished'
2024-02-16 12:34:02.269 [info] ExtensionService#_doActivateExtension vscode.typescript-language-features, startup: false, activationEvent: 'onLanguage:javascript'
2024-02-16 12:35:06.422 [info] ExtensionService#_doActivateExtension vscode.extension-editing, startup: false, activationEvent: 'onLanguage:json'
2024-02-16 12:35:06.422 [info] ExtensionService#_doActivateExtension vscode.json-language-features, startup: false, activationEvent: 'onLanguage:json'
2024-02-16 12:35:06.423 [info] ExtensionService#_doActivateExtension vscode.npm, startup: false, activationEvent: 'onLanguage:json'
2024-02-16 12:35:43.319 [warning] [Decorations] CAPPING events from decorations provider vscode.git 1399
2024-02-16 12:35:43.663 [warning] [Decorations] CAPPING events from decorations provider vscode.git 1399
2024-02-16 12:42:26.083 [warning] [Decorations] CAPPING events from decorations provider vscode.git 1400
