2023-12-01 14:06:00.242 [info] Log level: Info
2023-12-01 14:06:00.242 [info] Validating found git in: "git"
2023-12-01 14:06:00.242 [info] Using git "2.34.1" from "git"
2023-12-01 14:06:00.242 [info] > git rev-parse --show-toplevel [3ms]
2023-12-01 14:06:00.242 [info] fatal: not a git repository (or any of the parent directories): .git
2023-12-01 14:06:00.242 [info] > git rev-parse --show-toplevel [3ms]
2023-12-01 14:06:00.242 [info] fatal: not a git repository (or any of the parent directories): .git
2023-12-01 14:06:00.242 [info] > git rev-parse --show-toplevel [1ms]
2023-12-01 14:06:00.242 [info] fatal: not a git repository (or any of the parent directories): .git
2023-12-01 14:06:00.254 [info] > git rev-parse --show-toplevel [1ms]
2023-12-01 14:06:00.254 [info] fatal: not a git repository (or any of the parent directories): .git
2023-12-01 14:06:00.261 [info] > git rev-parse --show-toplevel [1ms]
2023-12-01 14:06:00.261 [info] fatal: not a git repository (or any of the parent directories): .git
2023-12-01 14:06:00.272 [info] > git rev-parse --show-toplevel [5ms]
2023-12-01 14:06:00.280 [info] > git rev-parse --git-dir --git-common-dir [2ms]
2023-12-01 14:06:00.295 [info] Open repository: /home/seeker/example-app
2023-12-01 14:06:00.315 [info] > git rev-parse --show-toplevel [3ms]
2023-12-01 14:06:00.315 [info] fatal: not a git repository (or any of the parent directories): .git
2023-12-01 14:06:00.316 [info] > git config --get commit.template [9ms]
2023-12-01 14:06:00.340 [info] > git rev-parse --show-toplevel [14ms]
2023-12-01 14:06:00.340 [info] fatal: not a git repository (or any of the parent directories): .git
2023-12-01 14:06:00.350 [info] > git for-each-ref --format=%(refname)%00%(upstream:short)%00%(objectname)%00%(upstream:track)%00%(upstream:remotename)%00%(upstream:remoteref) refs/heads/main refs/remotes/main [14ms]
2023-12-01 14:06:00.380 [info] > git status -z -uall [18ms]
2023-12-01 14:06:00.414 [info] > git config --get commit.template [3ms]
2023-12-01 14:06:00.435 [info] > git for-each-ref --format=%(refname)%00%(upstream:short)%00%(objectname)%00%(upstream:track)%00%(upstream:remotename)%00%(upstream:remoteref) refs/heads/main refs/remotes/main [2ms]
2023-12-01 14:06:00.446 [info] > git status -z -uall [2ms]
2023-12-01 14:06:00.872 [info] > git check-ignore -v -z --stdin [3ms]
2023-12-01 14:06:15.230 [info] > git check-ignore -v -z --stdin [2ms]
2023-12-01 14:07:41.835 [info] > git config --get commit.template [2ms]
2023-12-01 14:07:41.846 [info] > git for-each-ref --format=%(refname)%00%(upstream:short)%00%(objectname)%00%(upstream:track)%00%(upstream:remotename)%00%(upstream:remoteref) refs/heads/main refs/remotes/main [2ms]
2023-12-01 14:07:41.856 [info] > git status -z -uall [3ms]
2023-12-01 14:08:19.319 [info] > git check-ignore -v -z --stdin [1ms]
2023-12-01 14:08:38.743 [info] > git check-ignore -v -z --stdin [1ms]
2023-12-01 14:09:01.140 [info] > git check-ignore -v -z --stdin [3ms]
2023-12-01 14:09:08.412 [info] > git check-ignore -v -z --stdin [1ms]
2023-12-01 14:09:16.219 [info] > git check-ignore -v -z --stdin [2ms]
2023-12-01 14:09:18.728 [info] > git show --textconv :resources/views/components/layouts/main.blade.php [15ms]
2023-12-01 14:09:18.731 [info] > git ls-files --stage -- /home/seeker/example-app/resources/views/components/layouts/main.blade.php [4ms]
2023-12-01 14:12:09.413 [info] > git config --get commit.template [3ms]
2023-12-01 14:12:09.420 [info] > git for-each-ref --format=%(refname)%00%(upstream:short)%00%(objectname)%00%(upstream:track)%00%(upstream:remotename)%00%(upstream:remoteref) refs/heads/main refs/remotes/main [2ms]
2023-12-01 14:12:09.428 [info] > git status -z -uall [3ms]
2023-12-01 14:13:17.301 [info] > git check-ignore -v -z --stdin [2ms]
2023-12-01 14:14:06.677 [info] > git show --textconv :resources/views/components/layouts/main.css [7ms]
2023-12-01 14:14:06.678 [info] > git ls-files --stage -- /home/seeker/example-app/resources/views/components/layouts/main.css [2ms]
2023-12-01 14:14:06.895 [info] > git check-ignore -v -z --stdin [3ms]
2023-12-01 14:14:07.527 [info] > git config --get commit.template [1ms]
2023-12-01 14:14:07.534 [info] > git for-each-ref --format=%(refname)%00%(upstream:short)%00%(objectname)%00%(upstream:track)%00%(upstream:remotename)%00%(upstream:remoteref) refs/heads/main refs/remotes/main [1ms]
2023-12-01 14:14:07.541 [info] > git status -z -uall [2ms]
2023-12-01 14:14:31.524 [info] > git show --textconv :resources/views/components/layouts/main.blade.php [8ms]
2023-12-01 14:14:31.524 [info] > git ls-files --stage -- /home/seeker/example-app/resources/views/components/layouts/main.blade.php [4ms]
2023-12-01 20:18:31.674 [info] > git show --textconv :resources/views/components/layouts/main.css [8ms]
2023-12-01 20:18:31.676 [info] > git ls-files --stage -- /home/seeker/example-app/resources/views/components/layouts/main.css [4ms]
2023-12-01 20:21:53.118 [info] > git show --textconv :resources/views/components/layouts/main.blade.php [5ms]
2023-12-01 20:21:53.119 [info] > git ls-files --stage -- /home/seeker/example-app/resources/views/components/layouts/main.blade.php [1ms]
2023-12-01 20:24:18.523 [info] > git config --get commit.template [2ms]
2023-12-01 20:24:18.532 [info] > git for-each-ref --format=%(refname)%00%(upstream:short)%00%(objectname)%00%(upstream:track)%00%(upstream:remotename)%00%(upstream:remoteref) refs/heads/main refs/remotes/main [1ms]
2023-12-01 20:24:18.538 [info] > git status -z -uall [1ms]
2023-12-01 20:31:35.769 [info] > git check-ignore -v -z --stdin [2ms]
2023-12-01 20:31:42.743 [info] > git check-ignore -v -z --stdin [2ms]
2023-12-01 20:31:51.213 [info] > git show --textconv :app/View/Components/Layouts/Main.php [6ms]
2023-12-01 20:31:51.215 [info] > git ls-files --stage -- /home/seeker/example-app/app/View/Components/Layouts/Main.php [3ms]
2023-12-01 20:31:51.385 [info] > git check-ignore -v -z --stdin [1ms]
2023-12-01 20:34:44.123 [info] > git show --textconv :resources/views/songs.blade.php [5ms]
2023-12-01 20:34:44.124 [info] > git ls-files --stage -- /home/seeker/example-app/resources/views/songs.blade.php [1ms]
2023-12-01 20:34:44.130 [info] > git cat-file -s 05b702623fdd74754d5d90a6749bbc6280eae503 [0ms]
2023-12-01 20:35:50.187 [info] > git show --textconv :resources/views/songs_static.blade.php [8ms]
2023-12-01 20:35:50.189 [info] > git ls-files --stage -- /home/seeker/example-app/resources/views/songs_static.blade.php [3ms]
2023-12-01 20:35:52.887 [info] > git show --textconv :resources/views/components/layouts/main.blade.php [4ms]
2023-12-01 20:35:52.887 [info] > git ls-files --stage -- /home/seeker/example-app/resources/views/components/layouts/main.blade.php [1ms]
2023-12-01 20:36:19.757 [info] > git show --textconv :resources/views/songs_static.blade.php [8ms]
2023-12-01 20:36:19.758 [info] > git ls-files --stage -- /home/seeker/example-app/resources/views/songs_static.blade.php [2ms]
2023-12-01 20:36:59.475 [info] > git show --textconv :resources/views/components/layouts/main.css [5ms]
2023-12-01 20:36:59.476 [info] > git ls-files --stage -- /home/seeker/example-app/resources/views/components/layouts/main.css [2ms]
2023-12-01 20:37:34.650 [info] > git show --textconv :app/View/Components/Layouts/Main.php [5ms]
2023-12-01 20:37:34.651 [info] > git ls-files --stage -- /home/seeker/example-app/app/View/Components/Layouts/Main.php [2ms]
2023-12-01 20:38:47.335 [info] > git config --get commit.template [0ms]
2023-12-01 20:38:47.341 [info] > git for-each-ref --format=%(refname)%00%(upstream:short)%00%(objectname)%00%(upstream:track)%00%(upstream:remotename)%00%(upstream:remoteref) refs/heads/main refs/remotes/main [0ms]
2023-12-01 20:38:47.350 [info] > git status -z -uall [2ms]
2023-12-01 20:39:06.432 [info] > git show --textconv :resources/views/components/layouts/main.css [6ms]
2023-12-01 20:39:06.434 [info] > git ls-files --stage -- /home/seeker/example-app/resources/views/components/layouts/main.css [1ms]
2023-12-01 20:42:45.318 [info] > git show --textconv :app/View/Components/Layouts/Main.php [6ms]
2023-12-01 20:42:45.320 [info] > git ls-files --stage -- /home/seeker/example-app/app/View/Components/Layouts/Main.php [1ms]
2023-12-01 20:42:52.739 [info] > git config --get commit.template [1ms]
2023-12-01 20:42:52.747 [info] > git for-each-ref --format=%(refname)%00%(upstream:short)%00%(objectname)%00%(upstream:track)%00%(upstream:remotename)%00%(upstream:remoteref) refs/heads/main refs/remotes/main [1ms]
2023-12-01 20:42:52.752 [info] > git status -z -uall [1ms]
2023-12-01 20:44:23.131 [info] > git config --get commit.template [12ms]
2023-12-01 20:44:23.132 [info] > git for-each-ref --format=%(refname)%00%(upstream:short)%00%(objectname)%00%(upstream:track)%00%(upstream:remotename)%00%(upstream:remoteref) refs/heads/main refs/remotes/main [2ms]
2023-12-01 20:44:23.141 [info] > git status -z -uall [1ms]
2023-12-01 20:44:40.009 [info] > git check-ignore -v -z --stdin [0ms]
2023-12-01 20:44:41.700 [info] > git show --textconv :routes/web.php [6ms]
2023-12-01 20:44:41.701 [info] > git ls-files --stage -- /home/seeker/example-app/routes/web.php [2ms]
2023-12-01 20:44:41.708 [info] > git cat-file -s 5a6a980d7f54d4aabbecb484f32b9e4b60673d5a [1ms]
2023-12-01 20:45:30.887 [info] > git config --get commit.template [9ms]
2023-12-01 20:45:30.888 [info] > git for-each-ref --format=%(refname)%00%(upstream:short)%00%(objectname)%00%(upstream:track)%00%(upstream:remotename)%00%(upstream:remoteref) refs/heads/main refs/remotes/main [2ms]
2023-12-01 20:45:30.896 [info] > git status -z -uall [2ms]
2023-12-01 20:46:10.055 [info] > git show --textconv :app/View/Components/Layouts/Main.php [6ms]
2023-12-01 20:46:10.056 [info] > git ls-files --stage -- /home/seeker/example-app/app/View/Components/Layouts/Main.php [2ms]
2023-12-01 20:51:20.278 [info] > git show --textconv :resources/views/components/layouts/main.css [6ms]
2023-12-01 20:51:20.279 [info] > git ls-files --stage -- /home/seeker/example-app/resources/views/components/layouts/main.css [2ms]
2023-12-01 20:51:24.166 [info] > git show --textconv :app/View/Components/Layouts/Main.php [6ms]
2023-12-01 20:51:24.167 [info] > git ls-files --stage -- /home/seeker/example-app/app/View/Components/Layouts/Main.php [2ms]
2023-12-01 20:51:25.073 [info] > git config --get commit.template [1ms]
2023-12-01 20:51:25.080 [info] > git for-each-ref --format=%(refname)%00%(upstream:short)%00%(objectname)%00%(upstream:track)%00%(upstream:remotename)%00%(upstream:remoteref) refs/heads/main refs/remotes/main [1ms]
2023-12-01 20:51:25.086 [info] > git status -z -uall [1ms]
2023-12-01 20:51:33.581 [info] > git show --textconv :resources/views/songs.blade.php [6ms]
2023-12-01 20:51:33.582 [info] > git ls-files --stage -- /home/seeker/example-app/resources/views/songs.blade.php [2ms]
2023-12-01 20:51:33.587 [info] > git cat-file -s 05b702623fdd74754d5d90a6749bbc6280eae503 [0ms]
2023-12-01 21:02:05.242 [info] > git config --get commit.template [1ms]
2023-12-01 21:02:05.251 [info] > git for-each-ref --format=%(refname)%00%(upstream:short)%00%(objectname)%00%(upstream:track)%00%(upstream:remotename)%00%(upstream:remoteref) refs/heads/main refs/remotes/main [1ms]
2023-12-01 21:02:05.257 [info] > git status -z -uall [2ms]
2023-12-01 21:02:05.273 [info] > git ls-files --stage -- /home/seeker/example-app/resources/views/songs.blade.php [1ms]
2023-12-01 21:02:05.280 [info] > git cat-file -s 5fac8ed1b5975b924ac98f8269bc3a5a0eecaeec [1ms]
2023-12-01 21:02:05.332 [info] > git show --textconv :resources/views/songs.blade.php [1ms]
2023-12-01 21:02:10.277 [info] > git config --get commit.template [1ms]
2023-12-01 21:02:10.283 [info] > git for-each-ref --format=%(refname)%00%(upstream:short)%00%(objectname)%00%(upstream:track)%00%(upstream:remotename)%00%(upstream:remoteref) refs/heads/main refs/remotes/main [1ms]
2023-12-01 21:02:10.288 [info] > git status -z -uall [1ms]
2023-12-01 21:02:37.420 [info] > git show --textconv :resources/views/components/layouts/main.blade.php [5ms]
2023-12-01 21:02:37.421 [info] > git ls-files --stage -- /home/seeker/example-app/resources/views/components/layouts/main.blade.php [1ms]
2023-12-01 21:02:37.426 [info] > git cat-file -s dede74b25dcf6589c802ba2fcca306ba93f7b999 [1ms]
2023-12-01 21:02:37.617 [info] > git check-ignore -v -z --stdin [2ms]
2023-12-01 21:02:38.244 [info] > git config --get commit.template [6ms]
2023-12-01 21:02:38.244 [info] > git for-each-ref --format=%(refname)%00%(upstream:short)%00%(objectname)%00%(upstream:track)%00%(upstream:remotename)%00%(upstream:remoteref) refs/heads/main refs/remotes/main [2ms]
2023-12-01 21:02:38.251 [info] > git status -z -uall [1ms]
2023-12-01 21:02:40.601 [info] > git show --textconv :resources/views/playlist.blade.php [7ms]
2023-12-01 21:02:40.602 [info] > git ls-files --stage -- /home/seeker/example-app/resources/views/playlist.blade.php [2ms]
2023-12-01 21:03:01.426 [info] > git config --get commit.template [1ms]
2023-12-01 21:03:01.433 [info] > git for-each-ref --format=%(refname)%00%(upstream:short)%00%(objectname)%00%(upstream:track)%00%(upstream:remotename)%00%(upstream:remoteref) refs/heads/main refs/remotes/main [1ms]
2023-12-01 21:03:01.440 [info] > git status -z -uall [2ms]
2023-12-01 21:03:40.758 [info] > git check-ignore -v -z --stdin [1ms]
2023-12-01 21:03:42.191 [info] > git show --textconv :app/Models/Song.php [7ms]
2023-12-01 21:03:42.192 [info] > git ls-files --stage -- /home/seeker/example-app/app/Models/Song.php [3ms]
2023-12-01 21:03:42.196 [info] > git cat-file -s 9662896835a03ee49b90f46f6068583d1b192077 [0ms]
2023-12-01 21:05:12.454 [info] > git show --textconv :app/View/Components/Layouts/SongsList.php [5ms]
2023-12-01 21:05:12.454 [info] > git ls-files --stage -- /home/seeker/example-app/app/View/Components/Layouts/SongsList.php [1ms]
2023-12-01 21:05:12.709 [info] > git check-ignore -v -z --stdin [0ms]
2023-12-01 21:05:13.308 [info] > git config --get commit.template [1ms]
2023-12-01 21:05:13.314 [info] > git for-each-ref --format=%(refname)%00%(upstream:short)%00%(objectname)%00%(upstream:track)%00%(upstream:remotename)%00%(upstream:remoteref) refs/heads/main refs/remotes/main [1ms]
2023-12-01 21:05:13.322 [info] > git status -z -uall [2ms]
2023-12-01 21:06:03.830 [info] > git config --get commit.template [1ms]
2023-12-01 21:06:03.836 [info] > git for-each-ref --format=%(refname)%00%(upstream:short)%00%(objectname)%00%(upstream:track)%00%(upstream:remotename)%00%(upstream:remoteref) refs/heads/main refs/remotes/main [1ms]
2023-12-01 21:06:03.842 [info] > git status -z -uall [2ms]
2023-12-01 21:06:08.856 [info] > git config --get commit.template [1ms]
2023-12-01 21:06:08.861 [info] > git for-each-ref --format=%(refname)%00%(upstream:short)%00%(objectname)%00%(upstream:track)%00%(upstream:remotename)%00%(upstream:remoteref) refs/heads/main refs/remotes/main [1ms]
2023-12-01 21:06:08.867 [info] > git status -z -uall [1ms]
2023-12-01 21:07:03.899 [info] > git show --textconv :resources/views/playlist.blade.php [6ms]
2023-12-01 21:07:03.899 [info] > git ls-files --stage -- /home/seeker/example-app/resources/views/playlist.blade.php [1ms]
2023-12-01 21:07:41.544 [info] > git show --textconv :routes/web.php [6ms]
2023-12-01 21:07:41.545 [info] > git ls-files --stage -- /home/seeker/example-app/routes/web.php [2ms]
2023-12-01 21:07:41.550 [info] > git cat-file -s 4d31cf6980e48c3eaca575a898e9052085e14fbf [0ms]
2023-12-01 21:07:47.862 [info] > git config --get commit.template [6ms]
2023-12-01 21:07:47.862 [info] > git for-each-ref --format=%(refname)%00%(upstream:short)%00%(objectname)%00%(upstream:track)%00%(upstream:remotename)%00%(upstream:remoteref) refs/heads/main refs/remotes/main [1ms]
2023-12-01 21:07:47.868 [info] > git status -z -uall [2ms]
2023-12-01 21:08:42.561 [info] > git ls-files --stage -- /home/seeker/example-app/composer.lock [1ms]
2023-12-01 21:08:42.584 [info] > git show --textconv :composer.lock [30ms]
2023-12-01 21:08:42.587 [info] > git cat-file -s e1bceeaccd0742108ba105e8f52eecf0b0ffc3cf [21ms]
2023-12-01 21:11:08.959 [info] > git check-ignore -v -z --stdin [0ms]
2023-12-01 21:11:18.018 [info] > git check-ignore -v -z --stdin [1ms]
2023-12-01 21:11:22.061 [info] > git show --textconv :database/seeders/SongSeeder.php [5ms]
2023-12-01 21:11:22.063 [info] > git ls-files --stage -- /home/seeker/example-app/database/seeders/SongSeeder.php [3ms]
2023-12-01 21:11:22.068 [info] > git cat-file -s 023ebbf4d48c922aefc03ff701ffa2e733aaf1ee [1ms]
2023-12-01 21:11:38.065 [info] > git show --textconv :database/seeders/DatabaseSeeder.php [6ms]
2023-12-01 21:11:38.066 [info] > git ls-files --stage -- /home/seeker/example-app/database/seeders/DatabaseSeeder.php [2ms]
2023-12-01 21:11:38.072 [info] > git cat-file -s a9f4519fce324e270bc0722a679840a65c3e0caf [0ms]
2023-12-01 21:13:35.008 [info] > git show --textconv :routes/web.php [6ms]
2023-12-01 21:13:35.009 [info] > git ls-files --stage -- /home/seeker/example-app/routes/web.php [2ms]
2023-12-01 21:13:35.014 [info] > git cat-file -s 4d31cf6980e48c3eaca575a898e9052085e14fbf [1ms]
2023-12-01 21:15:25.958 [info] > git config --get commit.template [2ms]
2023-12-01 21:15:25.971 [info] > git for-each-ref --format=%(refname)%00%(upstream:short)%00%(objectname)%00%(upstream:track)%00%(upstream:remotename)%00%(upstream:remoteref) refs/heads/main refs/remotes/main [2ms]
2023-12-01 21:15:25.981 [info] > git status -z -uall [2ms]
2023-12-01 21:15:26.003 [info] > git ls-files --stage -- /home/seeker/example-app/routes/web.php [1ms]
2023-12-01 21:15:26.018 [info] > git cat-file -s 4d31cf6980e48c3eaca575a898e9052085e14fbf [1ms]
2023-12-01 21:15:26.030 [info] > git show --textconv :routes/web.php [1ms]
2023-12-01 21:18:41.898 [info] > git show --textconv :app/Models/Song.php [5ms]
2023-12-01 21:18:41.899 [info] > git ls-files --stage -- /home/seeker/example-app/app/Models/Song.php [1ms]
2023-12-01 21:18:41.906 [info] > git cat-file -s 9662896835a03ee49b90f46f6068583d1b192077 [2ms]
2023-12-01 21:18:47.838 [info] > git show --textconv :routes/web.php [6ms]
2023-12-01 21:18:47.839 [info] > git ls-files --stage -- /home/seeker/example-app/routes/web.php [1ms]
2023-12-01 21:18:47.852 [info] > git cat-file -s 4d31cf6980e48c3eaca575a898e9052085e14fbf [1ms]
2023-12-01 21:18:49.548 [info] > git show --textconv :resources/views/playlist.blade.php [6ms]
2023-12-01 21:18:49.549 [info] > git ls-files --stage -- /home/seeker/example-app/resources/views/playlist.blade.php [2ms]
2023-12-01 21:18:52.174 [info] > git show --textconv :app/View/Components/Layouts/Main.php [6ms]
2023-12-01 21:18:52.175 [info] > git ls-files --stage -- /home/seeker/example-app/app/View/Components/Layouts/Main.php [2ms]
2023-12-01 21:18:52.181 [info] > git cat-file -s df24e5e5c6bfa8a21c96ab94b21370a0541a7680 [2ms]
2023-12-01 21:18:59.171 [info] > git show --textconv :resources/views/songs_static.blade.php [6ms]
2023-12-01 21:18:59.171 [info] > git ls-files --stage -- /home/seeker/example-app/resources/views/songs_static.blade.php [2ms]
2023-12-01 21:18:59.177 [info] > git cat-file -s d8b254cc9df83d38cd19a6799086f6fe6e5f47f0 [0ms]
2023-12-01 21:42:34.408 [info] > git config --get commit.template [6ms]
2023-12-01 21:42:34.415 [info] > git for-each-ref --format=%(refname)%00%(upstream:short)%00%(objectname)%00%(upstream:track)%00%(upstream:remotename)%00%(upstream:remoteref) refs/heads/main refs/remotes/main [1ms]
2023-12-01 21:42:34.422 [info] > git status -z -uall [2ms]
2023-12-01 21:43:20.565 [info] > git config --get commit.template [3ms]
2023-12-01 21:43:20.571 [info] > git for-each-ref --format=%(refname)%00%(upstream:short)%00%(objectname)%00%(upstream:track)%00%(upstream:remotename)%00%(upstream:remoteref) refs/heads/main refs/remotes/main [1ms]
2023-12-01 21:43:20.577 [info] > git status -z -uall [1ms]
2023-12-01 21:43:38.327 [info] > git config --get commit.template [1ms]
2023-12-01 21:43:38.333 [info] > git for-each-ref --format=%(refname)%00%(upstream:short)%00%(objectname)%00%(upstream:track)%00%(upstream:remotename)%00%(upstream:remoteref) refs/heads/main refs/remotes/main [1ms]
2023-12-01 21:43:38.339 [info] > git status -z -uall [2ms]
2023-12-01 21:44:06.143 [info] > git config --get commit.template [3ms]
2023-12-01 21:44:06.157 [info] > git for-each-ref --format=%(refname)%00%(upstream:short)%00%(objectname)%00%(upstream:track)%00%(upstream:remotename)%00%(upstream:remoteref) refs/heads/main refs/remotes/main [1ms]
2023-12-01 21:44:06.167 [info] > git status -z -uall [3ms]
2023-12-01 21:48:00.335 [info] > git config --get commit.template [1ms]
2023-12-01 21:48:00.341 [info] > git for-each-ref --format=%(refname)%00%(upstream:short)%00%(objectname)%00%(upstream:track)%00%(upstream:remotename)%00%(upstream:remoteref) refs/heads/main refs/remotes/main [1ms]
2023-12-01 21:48:00.348 [info] > git status -z -uall [2ms]
2023-12-01 21:48:39.321 [info] > git config --get commit.template [1ms]
2023-12-01 21:48:39.336 [info] > git for-each-ref --format=%(refname)%00%(upstream:short)%00%(objectname)%00%(upstream:track)%00%(upstream:remotename)%00%(upstream:remoteref) refs/heads/main refs/remotes/main [2ms]
2023-12-01 21:48:39.346 [info] > git status -z -uall [2ms]
2023-12-01 21:55:09.590 [info] > git ls-files --stage -- /home/seeker/example-app/resources/views/songs_static.blade.php [2ms]
2023-12-01 21:55:09.597 [info] > git config --get commit.template [18ms]
2023-12-01 21:55:09.606 [info] > git cat-file -s 593ece247898e861c10611f3f9214a63ab1ebf17 [10ms]
2023-12-01 21:55:09.607 [info] > git for-each-ref --format=%(refname)%00%(upstream:short)%00%(objectname)%00%(upstream:track)%00%(upstream:remotename)%00%(upstream:remoteref) refs/heads/main refs/remotes/main [2ms]
2023-12-01 21:55:09.616 [info] > git status -z -uall [3ms]
2023-12-01 21:55:09.636 [info] > git show --textconv :resources/views/songs_static.blade.php [2ms]
2023-12-19 13:19:37.906 [info] > git config --get commit.template [24ms]
2023-12-19 13:19:37.910 [info] > git for-each-ref --format=%(refname)%00%(upstream:short)%00%(objectname)%00%(upstream:track)%00%(upstream:remotename)%00%(upstream:remoteref) refs/heads/main refs/remotes/main [22ms]
2023-12-19 13:19:37.967 [info] > git status -z -uall [45ms]
2023-12-19 13:20:20.665 [info] > git show --textconv :resources/views/playlist.blade.php [10ms]
2023-12-19 13:20:20.667 [info] > git ls-files --stage -- /home/seeker/example-app/resources/views/playlist.blade.php [3ms]
2023-12-19 13:20:20.679 [info] > git cat-file -s 3aa262b71daba5d41d85c3c3acd53a1a571203e7 [3ms]
2023-12-19 13:20:23.912 [info] > git show --textconv :resources/views/songs_static.blade.php [12ms]
2023-12-19 13:20:23.913 [info] > git ls-files --stage -- /home/seeker/example-app/resources/views/songs_static.blade.php [2ms]
2023-12-19 13:20:23.931 [info] > git cat-file -s 593ece247898e861c10611f3f9214a63ab1ebf17 [1ms]
2023-12-19 13:22:49.673 [info] > git show --textconv :resources/css/app.css [8ms]
2023-12-19 13:22:49.674 [info] > git ls-files --stage -- /home/seeker/example-app/resources/css/app.css [2ms]
2023-12-19 13:22:49.681 [info] > git cat-file -s e69de29bb2d1d6434b8b29ae775ad8c2e48c5391 [1ms]
2023-12-19 13:22:52.888 [info] > git show --textconv :resources/views/songs.blade.php [7ms]
2023-12-19 13:22:52.888 [info] > git ls-files --stage -- /home/seeker/example-app/resources/views/songs.blade.php [1ms]
2023-12-19 13:22:52.896 [info] > git cat-file -s 5fac8ed1b5975b924ac98f8269bc3a5a0eecaeec [2ms]
2023-12-19 13:23:51.225 [info] > git show --textconv :app/View/Components/Layouts/SongsList.php [7ms]
2023-12-19 13:23:51.226 [info] > git ls-files --stage -- /home/seeker/example-app/app/View/Components/Layouts/SongsList.php [1ms]
2023-12-19 13:23:51.233 [info] > git cat-file -s 87ef6b77308849b12318922e388eb746e587e699 [1ms]
2023-12-19 13:23:58.781 [info] > git show --textconv :app/Models/Song.php [6ms]
2023-12-19 13:23:58.781 [info] > git ls-files --stage -- /home/seeker/example-app/app/Models/Song.php [1ms]
2023-12-19 13:23:58.787 [info] > git cat-file -s 9662896835a03ee49b90f46f6068583d1b192077 [1ms]
2023-12-19 13:24:01.573 [info] > git show --textconv :app/Models/User.php [7ms]
2023-12-19 13:24:01.573 [info] > git ls-files --stage -- /home/seeker/example-app/app/Models/User.php [1ms]
2023-12-19 13:24:01.579 [info] > git cat-file -s 4d7f70f568fe2e9eff23fa12f309a10bf1e74e3c [1ms]
2023-12-19 13:24:14.480 [info] > git show --textconv :database/seeders/SongSeeder.php [7ms]
2023-12-19 13:24:14.480 [info] > git ls-files --stage -- /home/seeker/example-app/database/seeders/SongSeeder.php [1ms]
2023-12-19 13:24:14.487 [info] > git cat-file -s 023ebbf4d48c922aefc03ff701ffa2e733aaf1ee [1ms]
2023-12-19 13:24:25.382 [info] > git check-ignore -v -z --stdin [2ms]
2023-12-19 13:24:28.885 [info] > git show --textconv :practicals/Song.php [5ms]
2023-12-19 13:24:28.886 [info] > git ls-files --stage -- /home/seeker/example-app/practicals/Song.php [1ms]
2023-12-19 13:24:28.892 [info] > git cat-file -s 71ec395a6462ec90b8374568437fd581ab1d1c30 [1ms]
2023-12-19 13:24:56.543 [info] > git show --textconv :practicals/Practical.php [7ms]
2023-12-19 13:24:56.544 [info] > git ls-files --stage -- /home/seeker/example-app/practicals/Practical.php [1ms]
2023-12-19 13:24:56.569 [info] > git cat-file -s 86b96d8884fd3fd02a0536644a1e211fac5b0bef [3ms]
2023-12-19 13:25:06.979 [info] > git check-ignore -v -z --stdin [1ms]
2023-12-19 13:25:09.297 [info] > git show --textconv :resources/css/app.css [7ms]
2023-12-19 13:25:09.298 [info] > git ls-files --stage -- /home/seeker/example-app/resources/css/app.css [0ms]
2023-12-19 13:25:09.305 [info] > git cat-file -s e69de29bb2d1d6434b8b29ae775ad8c2e48c5391 [1ms]
2023-12-19 13:25:19.301 [info] > git show --textconv :routes/web.php [8ms]
2023-12-19 13:25:19.302 [info] > git ls-files --stage -- /home/seeker/example-app/routes/web.php [3ms]
2023-12-19 13:25:19.309 [info] > git cat-file -s 4d31cf6980e48c3eaca575a898e9052085e14fbf [1ms]
2023-12-19 13:25:36.441 [info] > git show --textconv :resources/views/songs.blade.php [6ms]
2023-12-19 13:25:36.442 [info] > git ls-files --stage -- /home/seeker/example-app/resources/views/songs.blade.php [2ms]
2023-12-19 13:25:36.449 [info] > git cat-file -s 5fac8ed1b5975b924ac98f8269bc3a5a0eecaeec [0ms]
2023-12-19 13:25:40.082 [info] > git show --textconv :resources/views/playlist.blade.php [9ms]
2023-12-19 13:25:40.082 [info] > git ls-files --stage -- /home/seeker/example-app/resources/views/playlist.blade.php [2ms]
2023-12-19 13:25:40.090 [info] > git cat-file -s 3aa262b71daba5d41d85c3c3acd53a1a571203e7 [1ms]
2023-12-19 13:25:44.907 [info] > git show --textconv :resources/views/songs_static.blade.php [7ms]
2023-12-19 13:25:44.908 [info] > git ls-files --stage -- /home/seeker/example-app/resources/views/songs_static.blade.php [1ms]
2023-12-19 13:25:44.914 [info] > git cat-file -s 593ece247898e861c10611f3f9214a63ab1ebf17 [0ms]
2023-12-19 13:30:50.049 [info] > git config --get commit.template [1ms]
2023-12-19 13:30:50.056 [info] > git for-each-ref --format=%(refname)%00%(upstream:short)%00%(objectname)%00%(upstream:track)%00%(upstream:remotename)%00%(upstream:remoteref) refs/heads/main refs/remotes/main [1ms]
2023-12-19 13:30:50.064 [info] > git status -z -uall [3ms]
2023-12-19 13:30:55.096 [info] > git config --get commit.template [8ms]
2023-12-19 13:30:55.096 [info] > git for-each-ref --format=%(refname)%00%(upstream:short)%00%(objectname)%00%(upstream:track)%00%(upstream:remotename)%00%(upstream:remoteref) refs/heads/main refs/remotes/main [1ms]
2023-12-19 13:30:55.103 [info] > git status -z -uall [1ms]
2023-12-19 13:31:34.852 [info] > git config --get commit.template [1ms]
2023-12-19 13:31:34.875 [info] > git for-each-ref --format=%(refname)%00%(upstream:short)%00%(objectname)%00%(upstream:track)%00%(upstream:remotename)%00%(upstream:remoteref) refs/heads/main refs/remotes/main [2ms]
2023-12-19 13:31:34.883 [info] > git status -z -uall [1ms]
2023-12-19 13:32:09.795 [info] > git config --get commit.template [1ms]
2023-12-19 13:32:09.802 [info] > git for-each-ref --format=%(refname)%00%(upstream:short)%00%(objectname)%00%(upstream:track)%00%(upstream:remotename)%00%(upstream:remoteref) refs/heads/main refs/remotes/main [1ms]
2023-12-19 13:32:09.808 [info] > git status -z -uall [2ms]
2023-12-19 13:35:40.369 [info] > git config --get commit.template [10ms]
2023-12-19 13:35:40.370 [info] > git for-each-ref --format=%(refname)%00%(upstream:short)%00%(objectname)%00%(upstream:track)%00%(upstream:remotename)%00%(upstream:remoteref) refs/heads/main refs/remotes/main [2ms]
2023-12-19 13:35:40.383 [info] > git status -z -uall [2ms]
2024-01-03 13:27:03.083 [info] > git config --get commit.template [31ms]
2024-01-03 13:27:03.087 [info] > git for-each-ref --format=%(refname)%00%(upstream:short)%00%(objectname)%00%(upstream:track)%00%(upstream:remotename)%00%(upstream:remoteref) refs/heads/main refs/remotes/main [8ms]
2024-01-03 13:27:03.131 [info] > git status -z -uall [21ms]
