2023-11-11 09:54:24.718 [info] Log level: Info
2023-11-11 09:54:24.718 [info] Validating found git in: "git"
2023-11-11 09:54:24.718 [info] Using git "2.34.1" from "git"
2023-11-11 09:54:24.718 [warning] Failed to get repository realpath for: "/home/seeker/workspace/example-app". Error: ENOENT: no such file or directory, realpath '/home/seeker/workspace/example-app'
2023-11-11 09:54:24.718 [info] > git rev-parse --show-toplevel [37ms]
2023-11-11 09:54:39.657 [info] > git rev-parse --show-toplevel [0ms]
2023-11-11 09:54:39.662 [info] > git rev-parse --git-dir --git-common-dir [1ms]
2023-11-11 09:54:39.670 [info] Open repository: /home/seeker/example-app
2023-11-11 09:54:39.695 [info] > git config --get commit.template [15ms]
2023-11-11 09:54:39.708 [info] > git for-each-ref --format=%(refname)%00%(upstream:short)%00%(objectname)%00%(upstream:track)%00%(upstream:remotename)%00%(upstream:remoteref) refs/heads/main refs/remotes/main [14ms]
2023-11-11 09:54:39.733 [info] > git status -z -uall [16ms]
2023-11-11 09:54:39.757 [info] > git config --get commit.template [3ms]
2023-11-11 09:54:39.783 [info] > git for-each-ref --format=%(refname)%00%(upstream:short)%00%(objectname)%00%(upstream:track)%00%(upstream:remotename)%00%(upstream:remoteref) refs/heads/main refs/remotes/main [4ms]
2023-11-11 09:54:39.791 [info] > git status -z -uall [2ms]
2023-11-11 09:54:40.167 [info] > git show --textconv :helloworld.php [6ms]
2023-11-11 09:54:40.167 [info] > git ls-files --stage -- /home/seeker/example-app/helloworld.php [2ms]
2023-11-11 09:54:40.224 [info] > git check-ignore -v -z --stdin [2ms]
2023-11-11 09:55:30.933 [info] > git config --get commit.template [6ms]
2023-11-11 09:55:30.933 [info] > git for-each-ref --format=%(refname)%00%(upstream:short)%00%(objectname)%00%(upstream:track)%00%(upstream:remotename)%00%(upstream:remoteref) refs/heads/main refs/remotes/main [1ms]
2023-11-11 09:55:30.940 [info] > git status -z -uall [1ms]
2023-11-11 09:56:06.206 [info] > git config --get commit.template [0ms]
2023-11-11 09:56:06.212 [info] > git for-each-ref --format=%(refname)%00%(upstream:short)%00%(objectname)%00%(upstream:track)%00%(upstream:remotename)%00%(upstream:remoteref) refs/heads/main refs/remotes/main [1ms]
2023-11-11 09:56:06.217 [info] > git status -z -uall [1ms]
2023-11-11 09:56:29.537 [info] > git rev-parse --show-toplevel [1ms]
2023-11-11 09:56:29.537 [info] fatal: not a git repository (or any of the parent directories): .git
