2023-11-17 14:02:07.775 [info] Log level: Info
2023-11-17 14:02:07.775 [info] Validating found git in: "git"
2023-11-17 14:02:07.775 [info] Using git "2.34.1" from "git"
2023-11-17 14:02:07.775 [info] > git rev-parse --show-toplevel [4ms]
2023-11-17 14:02:07.775 [info] > git rev-parse --git-dir --git-common-dir [3ms]
2023-11-17 14:02:07.775 [info] Open repository: /home/seeker/example-app
2023-11-17 14:02:07.779 [info] > git rev-parse --show-toplevel [10ms]
2023-11-17 14:02:07.780 [info] > git config --get commit.template [26ms]
2023-11-17 14:02:07.804 [info] > git for-each-ref --format=%(refname)%00%(upstream:short)%00%(objectname)%00%(upstream:track)%00%(upstream:remotename)%00%(upstream:remoteref) refs/heads/main refs/remotes/main [5ms]
2023-11-17 14:02:07.811 [info] > git rev-parse --show-toplevel [20ms]
2023-11-17 14:02:07.820 [info] > git status -z -uall [9ms]
2023-11-17 14:02:07.854 [info] > git rev-parse --show-toplevel [36ms]
2023-11-17 14:02:07.876 [info] > git config --get commit.template [22ms]
2023-11-17 14:02:07.877 [info] > git rev-parse --show-toplevel [7ms]
2023-11-17 14:02:07.892 [info] > git rev-parse --show-toplevel [1ms]
2023-11-17 14:02:07.892 [info] > git for-each-ref --format=%(refname)%00%(upstream:short)%00%(objectname)%00%(upstream:track)%00%(upstream:remotename)%00%(upstream:remoteref) refs/heads/main refs/remotes/main [7ms]
2023-11-17 14:02:07.915 [info] > git status -z -uall [17ms]
2023-11-17 14:02:07.926 [info] > git rev-parse --show-toplevel [12ms]
2023-11-17 14:02:07.942 [info] > git rev-parse --show-toplevel [1ms]
2023-11-17 14:02:08.026 [info] > git rev-parse --show-toplevel [8ms]
2023-11-17 14:02:08.037 [info] > git rev-parse --show-toplevel [1ms]
2023-11-17 14:02:08.045 [info] > git rev-parse --show-toplevel [1ms]
2023-11-17 14:02:08.113 [info] > git rev-parse --show-toplevel [56ms]
2023-11-17 14:02:08.305 [info] > git check-ignore -v -z --stdin [6ms]
2023-11-17 14:02:34.233 [info] > git show --textconv :helloworld.php [6ms]
2023-11-17 14:02:34.235 [info] > git ls-files --stage -- /home/seeker/example-app/helloworld.php [3ms]
2023-11-17 14:02:34.245 [info] > git cat-file -s 0cfa9c3c6ed2040e9bbb1b91e2ce0bb1cba0312b [2ms]
2023-11-17 14:02:48.264 [info] > git check-ignore -v -z --stdin [2ms]
2023-11-17 14:03:04.052 [info] > git show --textconv :practicals/song.php [10ms]
2023-11-17 14:03:04.054 [info] > git ls-files --stage -- /home/seeker/example-app/practicals/song.php [3ms]
2023-11-17 14:03:04.061 [info] > git cat-file -s 1136b11f3d0c882484a3151198c17386bdd8e434 [1ms]
2023-11-17 14:06:46.513 [info] > git show --textconv :practicals/Practical.php [11ms]
2023-11-17 14:06:46.517 [info] > git ls-files --stage -- /home/seeker/example-app/practicals/Practical.php [5ms]
2023-11-17 14:06:46.732 [info] > git check-ignore -v -z --stdin [1ms]
2023-11-17 14:06:47.362 [info] > git config --get commit.template [2ms]
2023-11-17 14:06:47.369 [info] > git for-each-ref --format=%(refname)%00%(upstream:short)%00%(objectname)%00%(upstream:track)%00%(upstream:remotename)%00%(upstream:remoteref) refs/heads/main refs/remotes/main [2ms]
2023-11-17 14:06:47.378 [info] > git status -z -uall [2ms]
2023-11-17 14:08:20.140 [info] > git config --get commit.template [1ms]
2023-11-17 14:08:20.147 [info] > git for-each-ref --format=%(refname)%00%(upstream:short)%00%(objectname)%00%(upstream:track)%00%(upstream:remotename)%00%(upstream:remoteref) refs/heads/main refs/remotes/main [1ms]
2023-11-17 14:08:20.154 [info] > git status -z -uall [2ms]
2023-11-17 14:12:20.161 [info] > git config --get commit.template [23ms]
2023-11-17 14:12:20.162 [info] > git for-each-ref --format=%(refname)%00%(upstream:short)%00%(objectname)%00%(upstream:track)%00%(upstream:remotename)%00%(upstream:remoteref) refs/heads/main refs/remotes/main [6ms]
2023-11-17 14:12:20.178 [info] > git status -z -uall [4ms]
2023-11-17 14:12:40.613 [info] > git check-ignore -v -z --stdin [2ms]
2023-11-17 14:12:42.802 [info] > git check-ignore -v -z --stdin [2ms]
2023-11-17 14:12:45.994 [info] > git check-ignore -v -z --stdin [2ms]
2023-11-17 14:13:28.354 [info] > git show --textconv :tests/TestCase.php [21ms]
2023-11-17 14:13:28.356 [info] > git ls-files --stage -- /home/seeker/example-app/tests/TestCase.php [5ms]
2023-11-17 14:13:28.374 [info] > git cat-file -s 2932d4a69d6554cec4dea94e3194351710bd659e [7ms]
2023-11-17 14:15:08.564 [info] > git check-ignore -v -z --stdin [4ms]
2023-11-17 14:15:10.932 [info] > git check-ignore -v -z --stdin [4ms]
2023-11-17 14:15:12.660 [info] > git check-ignore -v -z --stdin [2ms]
2023-11-17 14:15:14.679 [info] > git check-ignore -v -z --stdin [2ms]
2023-11-17 14:15:16.427 [info] > git show --textconv :app/Http/Kernel.php [8ms]
2023-11-17 14:15:16.429 [info] > git ls-files --stage -- /home/seeker/example-app/app/Http/Kernel.php [2ms]
2023-11-17 14:15:16.436 [info] > git cat-file -s 494c0501b13f3b7a5e700beaf46adcc6eb0a7d74 [2ms]
2023-11-17 14:15:18.300 [info] > git check-ignore -v -z --stdin [2ms]
2023-11-17 14:15:20.565 [info] > git show --textconv :app/Models/User.php [7ms]
2023-11-17 14:15:20.566 [info] > git ls-files --stage -- /home/seeker/example-app/app/Models/User.php [3ms]
2023-11-17 14:15:20.573 [info] > git cat-file -s 4d7f70f568fe2e9eff23fa12f309a10bf1e74e3c [2ms]
2023-11-17 14:15:40.978 [info] > git check-ignore -v -z --stdin [2ms]
2023-11-17 14:15:54.008 [info] > git show --textconv :tests/Unit/PracticalTest.php [9ms]
2023-11-17 14:15:54.011 [info] > git ls-files --stage -- /home/seeker/example-app/tests/Unit/PracticalTest.php [5ms]
2023-11-17 14:16:39.378 [info] > git config --get commit.template [8ms]
2023-11-17 14:16:39.378 [info] > git for-each-ref --format=%(refname)%00%(upstream:short)%00%(objectname)%00%(upstream:track)%00%(upstream:remotename)%00%(upstream:remoteref) refs/heads/main refs/remotes/main [2ms]
2023-11-17 14:16:39.388 [info] > git status -z -uall [4ms]
2023-11-17 14:17:01.942 [info] > git check-ignore -v -z --stdin [7ms]
2023-11-17 14:19:26.492 [info] > git config --get commit.template [9ms]
2023-11-17 14:19:26.493 [info] > git ls-files --stage -- /home/seeker/example-app/tests/Unit/PracticalTest.php [3ms]
2023-11-17 14:19:26.513 [info] > git cat-file -s 9d3085d22c77b17c8140687c425ef1192a01502d [9ms]
2023-11-17 14:19:26.517 [info] > git for-each-ref --format=%(refname)%00%(upstream:short)%00%(objectname)%00%(upstream:track)%00%(upstream:remotename)%00%(upstream:remoteref) refs/heads/main refs/remotes/main [4ms]
2023-11-17 14:19:26.541 [info] > git status -z -uall [12ms]
2023-11-17 14:19:26.553 [info] > git show --textconv :tests/Unit/PracticalTest.php [14ms]
2023-11-17 14:19:29.678 [info] > git check-ignore -v -z --stdin [2ms]
2023-11-17 14:19:31.578 [info] > git config --get commit.template [11ms]
2023-11-17 14:19:31.579 [info] > git for-each-ref --format=%(refname)%00%(upstream:short)%00%(objectname)%00%(upstream:track)%00%(upstream:remotename)%00%(upstream:remoteref) refs/heads/main refs/remotes/main [2ms]
2023-11-17 14:19:31.591 [info] > git status -z -uall [3ms]
2023-11-17 14:19:31.665 [info] > git show --textconv :tests/Feature/BaiganTest.php [10ms]
2023-11-17 14:19:31.668 [info] > git ls-files --stage -- /home/seeker/example-app/tests/Feature/BaiganTest.php [5ms]
2023-11-17 14:21:11.935 [info] > git config --get commit.template [3ms]
2023-11-17 14:21:11.942 [info] > git for-each-ref --format=%(refname)%00%(upstream:short)%00%(objectname)%00%(upstream:track)%00%(upstream:remotename)%00%(upstream:remoteref) refs/heads/main refs/remotes/main [1ms]
2023-11-17 14:21:11.952 [info] > git status -z -uall [2ms]
2023-11-17 14:21:24.756 [info] > git config --get commit.template [2ms]
2023-11-17 14:21:24.764 [info] > git for-each-ref --format=%(refname)%00%(upstream:short)%00%(objectname)%00%(upstream:track)%00%(upstream:remotename)%00%(upstream:remoteref) refs/heads/main refs/remotes/main [1ms]
2023-11-17 14:21:24.773 [info] > git status -z -uall [3ms]
2023-11-17 14:21:32.920 [info] > git check-ignore -v -z --stdin [2ms]
2023-11-17 14:21:56.829 [info] > git show --textconv :resources/views/veggies.blade.php [6ms]
2023-11-17 14:21:56.831 [info] > git ls-files --stage -- /home/seeker/example-app/resources/views/veggies.blade.php [3ms]
2023-11-17 14:21:57.070 [info] > git check-ignore -v -z --stdin [2ms]
2023-11-17 14:21:57.642 [info] > git config --get commit.template [2ms]
2023-11-17 14:21:57.650 [info] > git for-each-ref --format=%(refname)%00%(upstream:short)%00%(objectname)%00%(upstream:track)%00%(upstream:remotename)%00%(upstream:remoteref) refs/heads/main refs/remotes/main [2ms]
2023-11-17 14:21:57.657 [info] > git status -z -uall [2ms]
2023-11-17 14:22:28.754 [info] > git config --get commit.template [3ms]
2023-11-17 14:22:28.762 [info] > git for-each-ref --format=%(refname)%00%(upstream:short)%00%(objectname)%00%(upstream:track)%00%(upstream:remotename)%00%(upstream:remoteref) refs/heads/main refs/remotes/main [2ms]
2023-11-17 14:22:28.770 [info] > git status -z -uall [2ms]
2023-11-17 14:22:39.406 [info] > git check-ignore -v -z --stdin [1ms]
2023-11-17 14:22:40.968 [info] > git show --textconv :routes/web.php [8ms]
2023-11-17 14:22:40.969 [info] > git ls-files --stage -- /home/seeker/example-app/routes/web.php [2ms]
2023-11-17 14:22:40.977 [info] > git cat-file -s d259f33ea86c43a079839b711b6129d5798f38f4 [2ms]
2023-11-17 14:23:38.458 [info] > git config --get commit.template [10ms]
2023-11-17 14:23:38.459 [info] > git for-each-ref --format=%(refname)%00%(upstream:short)%00%(objectname)%00%(upstream:track)%00%(upstream:remotename)%00%(upstream:remoteref) refs/heads/main refs/remotes/main [3ms]
2023-11-17 14:23:38.470 [info] > git status -z -uall [4ms]
2023-11-17 14:24:12.446 [info] > git config --get commit.template [8ms]
2023-11-17 14:24:12.447 [info] > git for-each-ref --format=%(refname)%00%(upstream:short)%00%(objectname)%00%(upstream:track)%00%(upstream:remotename)%00%(upstream:remoteref) refs/heads/main refs/remotes/main [2ms]
2023-11-17 14:24:12.454 [info] > git status -z -uall [2ms]
2023-11-17 14:25:40.071 [info] > git config --get commit.template [16ms]
2023-11-17 14:25:40.071 [info] > git for-each-ref --format=%(refname)%00%(upstream:short)%00%(objectname)%00%(upstream:track)%00%(upstream:remotename)%00%(upstream:remoteref) refs/heads/main refs/remotes/main [4ms]
2023-11-17 14:25:40.085 [info] > git status -z -uall [3ms]
2023-11-17 14:26:06.119 [info] > git show --textconv :tests/TestCase.php [8ms]
2023-11-17 14:26:06.121 [info] > git ls-files --stage -- /home/seeker/example-app/tests/TestCase.php [3ms]
2023-11-17 14:26:06.129 [info] > git cat-file -s 2932d4a69d6554cec4dea94e3194351710bd659e [1ms]
2023-11-17 21:28:24.220 [info] > git check-ignore -v -z --stdin [6ms]
2023-11-17 21:34:22.571 [info] > git config --get commit.template [7ms]
2023-11-17 21:34:22.579 [info] > git for-each-ref --format=%(refname)%00%(upstream:short)%00%(objectname)%00%(upstream:track)%00%(upstream:remotename)%00%(upstream:remoteref) refs/heads/main refs/remotes/main [9ms]
2023-11-17 21:34:22.600 [info] > git status -z -uall [15ms]
2023-11-17 21:34:27.618 [info] > git config --get commit.template [0ms]
2023-11-17 21:34:27.623 [info] > git for-each-ref --format=%(refname)%00%(upstream:short)%00%(objectname)%00%(upstream:track)%00%(upstream:remotename)%00%(upstream:remoteref) refs/heads/main refs/remotes/main [1ms]
2023-11-17 21:34:27.629 [info] > git status -z -uall [2ms]
2023-11-17 21:34:32.648 [info] > git config --get commit.template [5ms]
2023-11-17 21:34:32.648 [info] > git for-each-ref --format=%(refname)%00%(upstream:short)%00%(objectname)%00%(upstream:track)%00%(upstream:remotename)%00%(upstream:remoteref) refs/heads/main refs/remotes/main [1ms]
2023-11-17 21:34:32.661 [info] > git status -z -uall [2ms]
2023-11-17 21:45:33.685 [info] > git show --textconv :tests/Unit/PracticalTest.php [8ms]
2023-11-17 21:45:33.686 [info] > git ls-files --stage -- /home/seeker/example-app/tests/Unit/PracticalTest.php [1ms]
2023-11-17 21:45:33.696 [info] > git cat-file -s 9d3085d22c77b17c8140687c425ef1192a01502d [1ms]
2023-11-17 21:45:38.627 [info] > git show --textconv :tests/CreatesApplication.php [9ms]
2023-11-17 21:45:38.627 [info] > git ls-files --stage -- /home/seeker/example-app/tests/CreatesApplication.php [1ms]
2023-11-17 21:45:38.641 [info] > git cat-file -s cc68301129ceb87d18e18e7b84de3bbb31d06034 [1ms]
2023-11-17 21:45:42.510 [info] > git show --textconv :tests/Feature/BaiganTest.php [6ms]
2023-11-17 21:45:42.513 [info] > git ls-files --stage -- /home/seeker/example-app/tests/Feature/BaiganTest.php [5ms]
2023-11-17 21:46:01.310 [info] > git show --textconv :tests/TestCase.php [6ms]
2023-11-17 21:46:01.310 [info] > git ls-files --stage -- /home/seeker/example-app/tests/TestCase.php [1ms]
2023-11-17 21:46:01.319 [info] > git cat-file -s 2932d4a69d6554cec4dea94e3194351710bd659e [1ms]
2023-11-17 21:56:09.314 [info] > git config --get commit.template [8ms]
2023-11-17 21:56:09.315 [info] > git for-each-ref --format=%(refname)%00%(upstream:short)%00%(objectname)%00%(upstream:track)%00%(upstream:remotename)%00%(upstream:remoteref) refs/heads/main refs/remotes/main [1ms]
2023-11-17 21:56:09.321 [info] > git status -z -uall [1ms]
2023-11-17 22:08:35.739 [info] > git config --get commit.template [16ms]
2023-11-17 22:08:35.740 [info] > git for-each-ref --format=%(refname)%00%(upstream:short)%00%(objectname)%00%(upstream:track)%00%(upstream:remotename)%00%(upstream:remoteref) refs/heads/main refs/remotes/main [5ms]
2023-11-17 22:08:35.753 [info] > git status -z -uall [5ms]
2023-11-17 22:46:06.976 [info] > git ls-files --stage -- /home/seeker/example-app/resources/views/veggies.blade.php [14ms]
2023-11-17 22:46:06.983 [info] > git show --textconv :resources/views/veggies.blade.php [41ms]
2023-11-17 22:46:19.581 [info] > git config --get commit.template [43ms]
2023-11-17 22:46:19.584 [info] > git for-each-ref --format=%(refname)%00%(upstream:short)%00%(objectname)%00%(upstream:track)%00%(upstream:remotename)%00%(upstream:remoteref) refs/heads/main refs/remotes/main [16ms]
2023-11-17 22:46:19.631 [info] > git status -z -uall [17ms]
2023-11-18 14:10:19.131 [info] > git check-ignore -v -z --stdin [5ms]
2023-11-18 14:12:57.698 [info] > git config --get commit.template [3ms]
2023-11-18 14:12:57.742 [info] > git for-each-ref --format=%(refname)%00%(upstream:short)%00%(objectname)%00%(upstream:track)%00%(upstream:remotename)%00%(upstream:remoteref) refs/heads/main refs/remotes/main [9ms]
2023-11-18 14:12:57.810 [info] > git status -z -uall [39ms]
2023-11-18 14:12:57.878 [info] > git ls-files --stage -- /home/seeker/example-app/resources/views/veggies.blade.php [69ms]
2023-11-18 14:12:57.895 [info] > git cat-file -s 6f503dc4bc7c5a7e7c0f9f4c476f2046dadc13d5 [5ms]
2023-11-18 14:12:57.924 [info] > git show --textconv :resources/views/veggies.blade.php [10ms]
2023-11-18 14:13:00.527 [info] > git show --textconv :tests/Feature/SongsTest.php [16ms]
2023-11-18 14:13:00.530 [info] > git ls-files --stage -- /home/seeker/example-app/tests/Feature/SongsTest.php [4ms]
2023-11-18 14:13:02.898 [info] > git config --get commit.template [8ms]
2023-11-18 14:13:02.901 [info] > git for-each-ref --format=%(refname)%00%(upstream:short)%00%(objectname)%00%(upstream:track)%00%(upstream:remotename)%00%(upstream:remoteref) refs/heads/main refs/remotes/main [2ms]
2023-11-18 14:13:02.909 [info] > git status -z -uall [2ms]
2023-11-18 14:16:56.030 [info] > git config --get commit.template [2ms]
2023-11-18 14:16:56.041 [info] > git for-each-ref --format=%(refname)%00%(upstream:short)%00%(objectname)%00%(upstream:track)%00%(upstream:remotename)%00%(upstream:remoteref) refs/heads/main refs/remotes/main [1ms]
2023-11-18 14:16:56.050 [info] > git status -z -uall [3ms]
2023-11-18 14:17:15.848 [info] > git config --get commit.template [11ms]
2023-11-18 14:17:15.848 [info] > git for-each-ref --format=%(refname)%00%(upstream:short)%00%(objectname)%00%(upstream:track)%00%(upstream:remotename)%00%(upstream:remoteref) refs/heads/main refs/remotes/main [2ms]
2023-11-18 14:17:15.857 [info] > git status -z -uall [2ms]
2023-11-18 14:18:04.132 [info] > git config --get commit.template [1ms]
2023-11-18 14:18:04.144 [info] > git for-each-ref --format=%(refname)%00%(upstream:short)%00%(objectname)%00%(upstream:track)%00%(upstream:remotename)%00%(upstream:remoteref) refs/heads/main refs/remotes/main [1ms]
2023-11-18 14:18:04.158 [info] > git status -z -uall [3ms]
2023-11-18 14:20:22.954 [info] > git config --get commit.template [5ms]
2023-11-18 14:20:22.962 [info] > git for-each-ref --format=%(refname)%00%(upstream:short)%00%(objectname)%00%(upstream:track)%00%(upstream:remotename)%00%(upstream:remoteref) refs/heads/main refs/remotes/main [1ms]
2023-11-18 14:20:22.969 [info] > git status -z -uall [2ms]
2023-11-18 14:20:29.456 [info] > git show --textconv :routes/web.php [14ms]
2023-11-18 14:20:29.457 [info] > git ls-files --stage -- /home/seeker/example-app/routes/web.php [8ms]
2023-11-18 14:20:29.465 [info] > git cat-file -s de064674a46bc81727cebb88a9808e9cc0ab85ee [2ms]
2023-11-18 14:21:17.854 [info] > git config --get commit.template [1ms]
2023-11-18 14:21:17.863 [info] > git for-each-ref --format=%(refname)%00%(upstream:short)%00%(objectname)%00%(upstream:track)%00%(upstream:remotename)%00%(upstream:remoteref) refs/heads/main refs/remotes/main [1ms]
2023-11-18 14:21:17.874 [info] > git status -z -uall [1ms]
2023-11-18 14:21:22.889 [info] > git config --get commit.template [1ms]
2023-11-18 14:21:22.899 [info] > git for-each-ref --format=%(refname)%00%(upstream:short)%00%(objectname)%00%(upstream:track)%00%(upstream:remotename)%00%(upstream:remoteref) refs/heads/main refs/remotes/main [1ms]
2023-11-18 14:21:22.907 [info] > git status -z -uall [2ms]
2023-11-18 14:22:54.486 [info] > git show --textconv :resources/views/songs.blade.php [11ms]
2023-11-18 14:22:54.489 [info] > git ls-files --stage -- /home/seeker/example-app/resources/views/songs.blade.php [4ms]
2023-11-18 14:22:54.740 [info] > git check-ignore -v -z --stdin [3ms]
2023-11-18 14:22:55.322 [info] > git config --get commit.template [12ms]
2023-11-18 14:22:55.323 [info] > git for-each-ref --format=%(refname)%00%(upstream:short)%00%(objectname)%00%(upstream:track)%00%(upstream:remotename)%00%(upstream:remoteref) refs/heads/main refs/remotes/main [2ms]
2023-11-18 14:22:55.337 [info] > git status -z -uall [3ms]
2023-11-18 14:24:50.849 [info] > git show --textconv :practicals/song.php [6ms]
2023-11-18 14:24:50.850 [info] > git ls-files --stage -- /home/seeker/example-app/practicals/song.php [2ms]
2023-11-18 14:24:50.857 [info] > git cat-file -s 1136b11f3d0c882484a3151198c17386bdd8e434 [2ms]
2023-11-18 14:25:00.168 [info] > git show --textconv :routes/web.php [10ms]
2023-11-18 14:25:00.171 [info] > git ls-files --stage -- /home/seeker/example-app/routes/web.php [2ms]
2023-11-18 14:25:00.178 [info] > git cat-file -s de064674a46bc81727cebb88a9808e9cc0ab85ee [1ms]
2023-11-18 14:25:54.816 [info] > git config --get commit.template [11ms]
2023-11-18 14:25:54.816 [info] > git for-each-ref --format=%(refname)%00%(upstream:short)%00%(objectname)%00%(upstream:track)%00%(upstream:remotename)%00%(upstream:remoteref) refs/heads/main refs/remotes/main [6ms]
2023-11-18 14:25:54.824 [info] > git status -z -uall [2ms]
2023-11-18 14:25:59.838 [info] > git config --get commit.template [1ms]
2023-11-18 14:25:59.846 [info] > git for-each-ref --format=%(refname)%00%(upstream:short)%00%(objectname)%00%(upstream:track)%00%(upstream:remotename)%00%(upstream:remoteref) refs/heads/main refs/remotes/main [2ms]
2023-11-18 14:25:59.855 [info] > git status -z -uall [1ms]
2023-11-18 14:28:05.954 [info] > git config --get commit.template [0ms]
2023-11-18 14:28:05.960 [info] > git for-each-ref --format=%(refname)%00%(upstream:short)%00%(objectname)%00%(upstream:track)%00%(upstream:remotename)%00%(upstream:remoteref) refs/heads/main refs/remotes/main [1ms]
2023-11-18 14:28:05.973 [info] > git status -z -uall [0ms]
2023-11-18 14:28:21.315 [info] > git show --textconv :resources/views/songs.blade.php [5ms]
2023-11-18 14:28:21.317 [info] > git ls-files --stage -- /home/seeker/example-app/resources/views/songs.blade.php [2ms]
2023-11-18 14:28:29.667 [info] > git config --get commit.template [1ms]
2023-11-18 14:28:29.675 [info] > git for-each-ref --format=%(refname)%00%(upstream:short)%00%(objectname)%00%(upstream:track)%00%(upstream:remotename)%00%(upstream:remoteref) refs/heads/main refs/remotes/main [2ms]
2023-11-18 14:28:29.683 [info] > git status -z -uall [3ms]
2023-11-18 14:28:34.702 [info] > git config --get commit.template [1ms]
2023-11-18 14:28:34.709 [info] > git for-each-ref --format=%(refname)%00%(upstream:short)%00%(objectname)%00%(upstream:track)%00%(upstream:remotename)%00%(upstream:remoteref) refs/heads/main refs/remotes/main [2ms]
2023-11-18 14:28:34.721 [info] > git status -z -uall [2ms]
2023-11-18 14:28:52.084 [info] > git config --get commit.template [9ms]
2023-11-18 14:28:52.085 [info] > git for-each-ref --format=%(refname)%00%(upstream:short)%00%(objectname)%00%(upstream:track)%00%(upstream:remotename)%00%(upstream:remoteref) refs/heads/main refs/remotes/main [1ms]
2023-11-18 14:28:52.099 [info] > git status -z -uall [3ms]
2023-11-18 14:28:52.720 [info] > git show --textconv :routes/web.php [12ms]
2023-11-18 14:28:52.722 [info] > git ls-files --stage -- /home/seeker/example-app/routes/web.php [3ms]
2023-11-18 14:28:52.736 [info] > git cat-file -s de064674a46bc81727cebb88a9808e9cc0ab85ee [1ms]
2023-11-18 14:32:30.784 [info] > git config --get commit.template [15ms]
2023-11-18 14:32:30.785 [info] > git for-each-ref --format=%(refname)%00%(upstream:short)%00%(objectname)%00%(upstream:track)%00%(upstream:remotename)%00%(upstream:remoteref) refs/heads/main refs/remotes/main [3ms]
2023-11-18 14:32:30.797 [info] > git status -z -uall [3ms]
2023-11-18 14:32:54.117 [info] > git show --textconv :resources/views/songs.blade.php [11ms]
2023-11-18 14:32:54.119 [info] > git ls-files --stage -- /home/seeker/example-app/resources/views/songs.blade.php [4ms]
2023-11-18 14:35:58.338 [info] > git config --get commit.template [9ms]
2023-11-18 14:35:58.339 [info] > git for-each-ref --format=%(refname)%00%(upstream:short)%00%(objectname)%00%(upstream:track)%00%(upstream:remotename)%00%(upstream:remoteref) refs/heads/main refs/remotes/main [1ms]
2023-11-18 14:35:58.346 [info] > git status -z -uall [2ms]
2023-11-18 14:39:26.627 [info] > git config --get commit.template [1ms]
2023-11-18 14:39:26.638 [info] > git for-each-ref --format=%(refname)%00%(upstream:short)%00%(objectname)%00%(upstream:track)%00%(upstream:remotename)%00%(upstream:remoteref) refs/heads/main refs/remotes/main [1ms]
2023-11-18 14:39:26.649 [info] > git status -z -uall [2ms]
2023-11-18 14:39:33.454 [info] > git check-ignore -v -z --stdin [1ms]
2023-11-18 14:39:54.845 [info] > git show --textconv :app/Models/Song.php [11ms]
2023-11-18 14:39:54.846 [info] > git ls-files --stage -- /home/seeker/example-app/app/Models/Song.php [2ms]
2023-11-18 14:40:34.870 [info] > git show --textconv :resources/views/songs.blade.php [8ms]
2023-11-18 14:40:34.871 [info] > git ls-files --stage -- /home/seeker/example-app/resources/views/songs.blade.php [4ms]
2023-11-18 14:40:56.355 [info] > git show --textconv :app/Models/Song.php [7ms]
2023-11-18 14:40:56.356 [info] > git ls-files --stage -- /home/seeker/example-app/app/Models/Song.php [2ms]
2023-11-18 14:41:12.541 [info] > git config --get commit.template [10ms]
2023-11-18 14:41:12.543 [info] > git for-each-ref --format=%(refname)%00%(upstream:short)%00%(objectname)%00%(upstream:track)%00%(upstream:remotename)%00%(upstream:remoteref) refs/heads/main refs/remotes/main [1ms]
2023-11-18 14:41:12.550 [info] > git status -z -uall [3ms]
2023-11-18 14:41:28.573 [info] > git config --get commit.template [7ms]
2023-11-18 14:41:28.573 [info] > git for-each-ref --format=%(refname)%00%(upstream:short)%00%(objectname)%00%(upstream:track)%00%(upstream:remotename)%00%(upstream:remoteref) refs/heads/main refs/remotes/main [1ms]
2023-11-18 14:41:28.580 [info] > git status -z -uall [1ms]
2023-11-18 14:41:53.765 [info] > git check-ignore -v -z --stdin [2ms]
2023-11-18 14:41:55.466 [info] > git check-ignore -v -z --stdin [4ms]
2023-11-18 14:42:17.520 [info] > git show --textconv :database/migrations/2014_10_12_000000_create_users_table.php [14ms]
2023-11-18 14:42:17.522 [info] > git ls-files --stage -- /home/seeker/example-app/database/migrations/2014_10_12_000000_create_users_table.php [4ms]
2023-11-18 14:42:17.530 [info] > git cat-file -s 444fafb7f5328e7adee2e409be0ee197ccaf1940 [1ms]
2023-11-18 14:42:46.611 [info] > git show --textconv :database/migrations/2023_11_18_090758_create_songs_table.php [11ms]
2023-11-18 14:42:46.612 [info] > git ls-files --stage -- /home/seeker/example-app/database/migrations/2023_11_18_090758_create_songs_table.php [1ms]
2023-11-18 14:43:36.134 [info] > git config --get commit.template [8ms]
2023-11-18 14:43:36.135 [info] > git for-each-ref --format=%(refname)%00%(upstream:short)%00%(objectname)%00%(upstream:track)%00%(upstream:remotename)%00%(upstream:remoteref) refs/heads/main refs/remotes/main [1ms]
2023-11-18 14:43:36.143 [info] > git status -z -uall [2ms]
2023-11-18 14:47:31.095 [info] > git config --get commit.template [16ms]
2023-11-18 14:47:31.097 [info] > git for-each-ref --format=%(refname)%00%(upstream:short)%00%(objectname)%00%(upstream:track)%00%(upstream:remotename)%00%(upstream:remoteref) refs/heads/main refs/remotes/main [3ms]
2023-11-18 14:47:31.113 [info] > git status -z -uall [2ms]
2023-11-18 14:47:36.142 [info] > git config --get commit.template [1ms]
2023-11-18 14:47:36.150 [info] > git for-each-ref --format=%(refname)%00%(upstream:short)%00%(objectname)%00%(upstream:track)%00%(upstream:remotename)%00%(upstream:remoteref) refs/heads/main refs/remotes/main [1ms]
2023-11-18 14:47:36.158 [info] > git status -z -uall [2ms]
2023-11-18 14:47:50.189 [info] > git show --textconv :resources/views/songs.blade.php [9ms]
2023-11-18 14:47:50.189 [info] > git ls-files --stage -- /home/seeker/example-app/resources/views/songs.blade.php [1ms]
2023-11-18 14:48:59.825 [info] > git show --textconv :database/migrations/2023_11_18_090758_create_songs_table.php [8ms]
2023-11-18 14:48:59.827 [info] > git ls-files --stage -- /home/seeker/example-app/database/migrations/2023_11_18_090758_create_songs_table.php [3ms]
2023-11-18 14:57:33.310 [info] > git check-ignore -v -z --stdin [2ms]
2023-11-18 14:57:35.705 [info] > git show --textconv :database/seeders/SongSeeder.php [10ms]
2023-11-18 14:57:35.707 [info] > git ls-files --stage -- /home/seeker/example-app/database/seeders/SongSeeder.php [2ms]
2023-11-18 14:59:19.353 [info] > git config --get commit.template [1ms]
2023-11-18 14:59:19.362 [info] > git for-each-ref --format=%(refname)%00%(upstream:short)%00%(objectname)%00%(upstream:track)%00%(upstream:remotename)%00%(upstream:remoteref) refs/heads/main refs/remotes/main [1ms]
2023-11-18 14:59:19.374 [info] > git status -z -uall [3ms]
2023-11-18 15:00:24.592 [info] > git config --get commit.template [7ms]
2023-11-18 15:00:24.593 [info] > git for-each-ref --format=%(refname)%00%(upstream:short)%00%(objectname)%00%(upstream:track)%00%(upstream:remotename)%00%(upstream:remoteref) refs/heads/main refs/remotes/main [1ms]
2023-11-18 15:00:24.601 [info] > git status -z -uall [1ms]
2023-11-18 15:08:58.642 [info] > git config --get commit.template [11ms]
2023-11-18 15:08:58.643 [info] > git for-each-ref --format=%(refname)%00%(upstream:short)%00%(objectname)%00%(upstream:track)%00%(upstream:remotename)%00%(upstream:remoteref) refs/heads/main refs/remotes/main [3ms]
2023-11-18 15:08:58.655 [info] > git status -z -uall [2ms]
2023-11-18 15:09:03.682 [info] > git config --get commit.template [9ms]
2023-11-18 15:09:03.684 [info] > git for-each-ref --format=%(refname)%00%(upstream:short)%00%(objectname)%00%(upstream:track)%00%(upstream:remotename)%00%(upstream:remoteref) refs/heads/main refs/remotes/main [1ms]
2023-11-18 15:09:03.696 [info] > git status -z -uall [2ms]
2023-11-18 15:09:39.662 [info] > git show --textconv :resources/views/veggies.blade.php [8ms]
2023-11-18 15:09:39.663 [info] > git ls-files --stage -- /home/seeker/example-app/resources/views/veggies.blade.php [2ms]
2023-11-18 15:09:39.672 [info] > git cat-file -s 6f503dc4bc7c5a7e7c0f9f4c476f2046dadc13d5 [2ms]
2023-11-18 15:09:51.312 [info] > git config --get commit.template [8ms]
2023-11-18 15:09:51.313 [info] > git for-each-ref --format=%(refname)%00%(upstream:short)%00%(objectname)%00%(upstream:track)%00%(upstream:remotename)%00%(upstream:remoteref) refs/heads/main refs/remotes/main [3ms]
2023-11-18 15:09:51.336 [info] > git status -z -uall [3ms]
2023-11-18 15:09:56.371 [info] > git config --get commit.template [9ms]
2023-11-18 15:09:56.372 [info] > git for-each-ref --format=%(refname)%00%(upstream:short)%00%(objectname)%00%(upstream:track)%00%(upstream:remotename)%00%(upstream:remoteref) refs/heads/main refs/remotes/main [2ms]
2023-11-18 15:09:56.388 [info] > git status -z -uall [2ms]
2023-11-18 15:11:55.665 [info] > git config --get commit.template [17ms]
2023-11-18 15:11:55.665 [info] > git for-each-ref --format=%(refname)%00%(upstream:short)%00%(objectname)%00%(upstream:track)%00%(upstream:remotename)%00%(upstream:remoteref) refs/heads/main refs/remotes/main [5ms]
2023-11-18 15:11:55.683 [info] > git status -z -uall [3ms]
2023-11-18 15:16:00.233 [info] > git show --textconv :routes/web.php [10ms]
2023-11-18 15:16:00.234 [info] > git ls-files --stage -- /home/seeker/example-app/routes/web.php [2ms]
2023-11-18 15:16:00.241 [info] > git cat-file -s de064674a46bc81727cebb88a9808e9cc0ab85ee [1ms]
2023-11-18 15:24:28.416 [info] > git config --get commit.template [16ms]
2023-11-18 15:24:28.416 [info] > git for-each-ref --format=%(refname)%00%(upstream:short)%00%(objectname)%00%(upstream:track)%00%(upstream:remotename)%00%(upstream:remoteref) refs/heads/main refs/remotes/main [1ms]
2023-11-18 15:24:28.429 [info] > git status -z -uall [5ms]
2023-11-18 15:24:53.427 [info] > git show --textconv :practicals/song.php [11ms]
2023-11-18 15:24:53.429 [info] > git ls-files --stage -- /home/seeker/example-app/practicals/song.php [3ms]
2023-11-18 15:24:53.437 [info] > git cat-file -s 1136b11f3d0c882484a3151198c17386bdd8e434 [1ms]
2023-11-18 15:25:03.289 [info] > git config --get commit.template [14ms]
2023-11-18 15:25:03.290 [info] > git for-each-ref --format=%(refname)%00%(upstream:short)%00%(objectname)%00%(upstream:track)%00%(upstream:remotename)%00%(upstream:remoteref) refs/heads/main refs/remotes/main [1ms]
2023-11-18 15:25:03.298 [info] > git status -z -uall [2ms]
2023-11-18 15:28:50.992 [info] > git config --get commit.template [1ms]
2023-11-18 15:28:51.001 [info] > git for-each-ref --format=%(refname)%00%(upstream:short)%00%(objectname)%00%(upstream:track)%00%(upstream:remotename)%00%(upstream:remoteref) refs/heads/main refs/remotes/main [1ms]
2023-11-18 15:28:51.010 [info] > git status -z -uall [1ms]
2023-11-18 15:29:04.739 [info] > git show --textconv :routes/web.php [10ms]
2023-11-18 15:29:04.741 [info] > git ls-files --stage -- /home/seeker/example-app/routes/web.php [3ms]
2023-11-18 15:29:04.749 [info] > git cat-file -s de064674a46bc81727cebb88a9808e9cc0ab85ee [2ms]
2023-11-18 15:33:16.034 [info] > git config --get commit.template [4ms]
2023-11-18 15:33:16.047 [info] > git for-each-ref --format=%(refname)%00%(upstream:short)%00%(objectname)%00%(upstream:track)%00%(upstream:remotename)%00%(upstream:remoteref) refs/heads/main refs/remotes/main [2ms]
2023-11-18 15:33:16.061 [info] > git status -z -uall [3ms]
2023-11-18 15:36:56.415 [info] > git config --get commit.template [8ms]
2023-11-18 15:36:56.415 [info] > git for-each-ref --format=%(refname)%00%(upstream:short)%00%(objectname)%00%(upstream:track)%00%(upstream:remotename)%00%(upstream:remoteref) refs/heads/main refs/remotes/main [1ms]
2023-11-18 15:36:56.423 [info] > git status -z -uall [2ms]
2023-11-18 15:37:01.447 [info] > git config --get commit.template [8ms]
2023-11-18 15:37:01.448 [info] > git for-each-ref --format=%(refname)%00%(upstream:short)%00%(objectname)%00%(upstream:track)%00%(upstream:remotename)%00%(upstream:remoteref) refs/heads/main refs/remotes/main [2ms]
2023-11-18 15:37:01.457 [info] > git status -z -uall [2ms]
2023-11-18 15:37:52.172 [info] > git config --get commit.template [9ms]
2023-11-18 15:37:52.173 [info] > git for-each-ref --format=%(refname)%00%(upstream:short)%00%(objectname)%00%(upstream:track)%00%(upstream:remotename)%00%(upstream:remoteref) refs/heads/main refs/remotes/main [3ms]
2023-11-18 15:37:52.181 [info] > git status -z -uall [2ms]
2023-11-18 15:40:08.020 [info] > git config --get commit.template [4ms]
2023-11-18 15:40:08.037 [info] > git for-each-ref --format=%(refname)%00%(upstream:short)%00%(objectname)%00%(upstream:track)%00%(upstream:remotename)%00%(upstream:remoteref) refs/heads/main refs/remotes/main [2ms]
2023-11-18 15:40:08.051 [info] > git status -z -uall [3ms]
2023-11-18 15:41:51.938 [info] > git config --get commit.template [16ms]
2023-11-18 15:41:51.939 [info] > git for-each-ref --format=%(refname)%00%(upstream:short)%00%(objectname)%00%(upstream:track)%00%(upstream:remotename)%00%(upstream:remoteref) refs/heads/main refs/remotes/main [3ms]
2023-11-18 15:41:51.956 [info] > git status -z -uall [5ms]
2023-11-18 15:41:56.983 [info] > git config --get commit.template [4ms]
2023-11-18 15:41:56.994 [info] > git for-each-ref --format=%(refname)%00%(upstream:short)%00%(objectname)%00%(upstream:track)%00%(upstream:remotename)%00%(upstream:remoteref) refs/heads/main refs/remotes/main [1ms]
2023-11-18 15:41:57.006 [info] > git status -z -uall [3ms]
2023-11-18 15:42:15.607 [info] > git config --get commit.template [1ms]
2023-11-18 15:42:15.616 [info] > git for-each-ref --format=%(refname)%00%(upstream:short)%00%(objectname)%00%(upstream:track)%00%(upstream:remotename)%00%(upstream:remoteref) refs/heads/main refs/remotes/main [1ms]
2023-11-18 15:42:15.624 [info] > git status -z -uall [2ms]
2023-11-18 15:42:52.856 [info] > git config --get commit.template [1ms]
2023-11-18 15:42:52.875 [info] > git for-each-ref --format=%(refname)%00%(upstream:short)%00%(objectname)%00%(upstream:track)%00%(upstream:remotename)%00%(upstream:remoteref) refs/heads/main refs/remotes/main [2ms]
2023-11-18 15:42:52.892 [info] > git status -z -uall [3ms]
2023-11-18 15:43:23.140 [info] > git config --get commit.template [1ms]
2023-11-18 15:43:23.147 [info] > git for-each-ref --format=%(refname)%00%(upstream:short)%00%(objectname)%00%(upstream:track)%00%(upstream:remotename)%00%(upstream:remoteref) refs/heads/main refs/remotes/main [1ms]
2023-11-18 15:43:23.160 [info] > git status -z -uall [2ms]
2023-11-18 15:43:37.675 [info] > git config --get commit.template [9ms]
2023-11-18 15:43:37.675 [info] > git for-each-ref --format=%(refname)%00%(upstream:short)%00%(objectname)%00%(upstream:track)%00%(upstream:remotename)%00%(upstream:remoteref) refs/heads/main refs/remotes/main [1ms]
2023-11-18 15:43:37.693 [info] > git status -z -uall [2ms]
2023-11-18 15:43:45.543 [info] > git config --get commit.template [7ms]
2023-11-18 15:43:45.543 [info] > git for-each-ref --format=%(refname)%00%(upstream:short)%00%(objectname)%00%(upstream:track)%00%(upstream:remotename)%00%(upstream:remoteref) refs/heads/main refs/remotes/main [1ms]
2023-11-18 15:43:45.561 [info] > git status -z -uall [5ms]
2023-11-18 15:45:02.980 [info] > git config --get commit.template [2ms]
2023-11-18 15:45:02.994 [info] > git for-each-ref --format=%(refname)%00%(upstream:short)%00%(objectname)%00%(upstream:track)%00%(upstream:remotename)%00%(upstream:remoteref) refs/heads/main refs/remotes/main [2ms]
2023-11-18 15:45:03.007 [info] > git status -z -uall [2ms]
2023-11-18 15:45:08.040 [info] > git config --get commit.template [9ms]
2023-11-18 15:45:08.041 [info] > git for-each-ref --format=%(refname)%00%(upstream:short)%00%(objectname)%00%(upstream:track)%00%(upstream:remotename)%00%(upstream:remoteref) refs/heads/main refs/remotes/main [1ms]
2023-11-18 15:45:08.050 [info] > git status -z -uall [2ms]
2023-11-18 15:45:38.166 [info] > git config --get commit.template [4ms]
2023-11-18 15:45:38.175 [info] > git for-each-ref --format=%(refname)%00%(upstream:short)%00%(objectname)%00%(upstream:track)%00%(upstream:remotename)%00%(upstream:remoteref) refs/heads/main refs/remotes/main [2ms]
2023-11-18 15:45:38.183 [info] > git status -z -uall [2ms]
2023-11-18 15:46:59.427 [info] > git config --get commit.template [3ms]
2023-11-18 15:46:59.446 [info] > git for-each-ref --format=%(refname)%00%(upstream:short)%00%(objectname)%00%(upstream:track)%00%(upstream:remotename)%00%(upstream:remoteref) refs/heads/main refs/remotes/main [1ms]
2023-11-18 15:46:59.475 [info] > git status -z -uall [1ms]
2023-11-18 15:47:14.088 [info] > git config --get commit.template [1ms]
2023-11-18 15:47:14.102 [info] > git for-each-ref --format=%(refname)%00%(upstream:short)%00%(objectname)%00%(upstream:track)%00%(upstream:remotename)%00%(upstream:remoteref) refs/heads/main refs/remotes/main [1ms]
2023-11-18 15:47:14.112 [info] > git status -z -uall [2ms]
2023-11-18 15:48:14.409 [info] > git config --get commit.template [18ms]
2023-11-18 15:48:14.410 [info] > git for-each-ref --format=%(refname)%00%(upstream:short)%00%(objectname)%00%(upstream:track)%00%(upstream:remotename)%00%(upstream:remoteref) refs/heads/main refs/remotes/main [2ms]
2023-11-18 15:48:14.425 [info] > git status -z -uall [4ms]
2023-11-18 15:49:32.100 [info] > git config --get commit.template [10ms]
2023-11-18 15:49:32.100 [info] > git for-each-ref --format=%(refname)%00%(upstream:short)%00%(objectname)%00%(upstream:track)%00%(upstream:remotename)%00%(upstream:remoteref) refs/heads/main refs/remotes/main [1ms]
2023-11-18 15:49:32.110 [info] > git status -z -uall [3ms]
2023-11-18 15:49:37.135 [info] > git config --get commit.template [1ms]
2023-11-18 15:49:37.144 [info] > git for-each-ref --format=%(refname)%00%(upstream:short)%00%(objectname)%00%(upstream:track)%00%(upstream:remotename)%00%(upstream:remoteref) refs/heads/main refs/remotes/main [1ms]
2023-11-18 15:49:37.155 [info] > git status -z -uall [1ms]
2023-11-18 15:50:09.285 [info] > git config --get commit.template [8ms]
2023-11-18 15:50:09.285 [info] > git for-each-ref --format=%(refname)%00%(upstream:short)%00%(objectname)%00%(upstream:track)%00%(upstream:remotename)%00%(upstream:remoteref) refs/heads/main refs/remotes/main [1ms]
2023-11-18 15:50:09.295 [info] > git status -z -uall [2ms]
2023-11-18 15:50:14.326 [info] > git config --get commit.template [11ms]
2023-11-18 15:50:14.326 [info] > git for-each-ref --format=%(refname)%00%(upstream:short)%00%(objectname)%00%(upstream:track)%00%(upstream:remotename)%00%(upstream:remoteref) refs/heads/main refs/remotes/main [1ms]
2023-11-18 15:50:14.335 [info] > git status -z -uall [2ms]
2023-11-18 15:50:25.686 [info] > git show --textconv :practicals/song.php [13ms]
2023-11-18 15:50:25.686 [info] > git ls-files --stage -- /home/seeker/example-app/practicals/song.php [1ms]
2023-11-18 15:50:25.695 [info] > git cat-file -s 1136b11f3d0c882484a3151198c17386bdd8e434 [2ms]
2023-11-18 15:50:45.776 [info] > git show --textconv :resources/views/songs.blade.php [10ms]
2023-11-18 15:50:45.779 [info] > git ls-files --stage -- /home/seeker/example-app/resources/views/songs.blade.php [4ms]
2023-11-18 15:51:11.014 [info] > git config --get commit.template [1ms]
2023-11-18 15:51:11.026 [info] > git for-each-ref --format=%(refname)%00%(upstream:short)%00%(objectname)%00%(upstream:track)%00%(upstream:remotename)%00%(upstream:remoteref) refs/heads/main refs/remotes/main [1ms]
2023-11-18 15:51:11.036 [info] > git status -z -uall [2ms]
2023-11-18 15:51:12.022 [info] > git show --textconv :tests/Feature/SongsTest.php [10ms]
2023-11-18 15:51:12.024 [info] > git ls-files --stage -- /home/seeker/example-app/tests/Feature/SongsTest.php [1ms]
2023-11-18 15:51:47.727 [info] > git config --get commit.template [16ms]
2023-11-18 15:51:47.728 [info] > git for-each-ref --format=%(refname)%00%(upstream:short)%00%(objectname)%00%(upstream:track)%00%(upstream:remotename)%00%(upstream:remoteref) refs/heads/main refs/remotes/main [2ms]
2023-11-18 15:51:47.738 [info] > git status -z -uall [2ms]
2023-11-18 15:52:46.048 [info] > git config --get commit.template [23ms]
2023-11-18 15:52:46.049 [info] > git for-each-ref --format=%(refname)%00%(upstream:short)%00%(objectname)%00%(upstream:track)%00%(upstream:remotename)%00%(upstream:remoteref) refs/heads/main refs/remotes/main [6ms]
2023-11-18 15:52:46.062 [info] > git status -z -uall [3ms]
2023-11-18 15:53:28.988 [info] > git config --get commit.template [8ms]
2023-11-18 15:53:28.989 [info] > git for-each-ref --format=%(refname)%00%(upstream:short)%00%(objectname)%00%(upstream:track)%00%(upstream:remotename)%00%(upstream:remoteref) refs/heads/main refs/remotes/main [2ms]
2023-11-18 15:53:28.997 [info] > git status -z -uall [2ms]
2023-11-18 15:53:46.544 [info] > git config --get commit.template [17ms]
2023-11-18 15:53:46.545 [info] > git for-each-ref --format=%(refname)%00%(upstream:short)%00%(objectname)%00%(upstream:track)%00%(upstream:remotename)%00%(upstream:remoteref) refs/heads/main refs/remotes/main [2ms]
2023-11-18 15:53:46.581 [info] > git status -z -uall [3ms]
2023-11-18 15:54:40.145 [info] > git config --get commit.template [14ms]
2023-11-18 15:54:40.146 [info] > git for-each-ref --format=%(refname)%00%(upstream:short)%00%(objectname)%00%(upstream:track)%00%(upstream:remotename)%00%(upstream:remoteref) refs/heads/main refs/remotes/main [1ms]
2023-11-18 15:54:40.155 [info] > git status -z -uall [1ms]
2023-11-18 15:54:45.183 [info] > git config --get commit.template [7ms]
2023-11-18 15:54:45.184 [info] > git for-each-ref --format=%(refname)%00%(upstream:short)%00%(objectname)%00%(upstream:track)%00%(upstream:remotename)%00%(upstream:remoteref) refs/heads/main refs/remotes/main [1ms]
2023-11-18 15:54:45.191 [info] > git status -z -uall [2ms]
2023-11-18 15:55:12.805 [info] > git show --textconv :app/Models/Song.php [7ms]
2023-11-18 15:55:12.806 [info] > git ls-files --stage -- /home/seeker/example-app/app/Models/Song.php [2ms]
2023-11-18 15:55:33.252 [info] > git show --textconv :practicals/song.php [10ms]
2023-11-18 15:55:33.253 [info] > git ls-files --stage -- /home/seeker/example-app/practicals/song.php [2ms]
2023-11-18 15:55:33.263 [info] > git cat-file -s 1136b11f3d0c882484a3151198c17386bdd8e434 [1ms]
2023-11-18 15:56:12.529 [info] > git config --get commit.template [12ms]
2023-11-18 15:56:12.530 [info] > git for-each-ref --format=%(refname)%00%(upstream:short)%00%(objectname)%00%(upstream:track)%00%(upstream:remotename)%00%(upstream:remoteref) refs/heads/main refs/remotes/main [2ms]
2023-11-18 15:56:12.537 [info] > git status -z -uall [2ms]
2023-11-18 15:56:17.558 [info] > git config --get commit.template [1ms]
2023-11-18 15:56:17.569 [info] > git for-each-ref --format=%(refname)%00%(upstream:short)%00%(objectname)%00%(upstream:track)%00%(upstream:remotename)%00%(upstream:remoteref) refs/heads/main refs/remotes/main [1ms]
2023-11-18 15:56:17.580 [info] > git status -z -uall [3ms]
2023-11-18 15:57:50.873 [info] > git config --get commit.template [23ms]
2023-11-18 15:57:50.874 [info] > git for-each-ref --format=%(refname)%00%(upstream:short)%00%(objectname)%00%(upstream:track)%00%(upstream:remotename)%00%(upstream:remoteref) refs/heads/main refs/remotes/main [2ms]
2023-11-18 15:57:50.886 [info] > git status -z -uall [4ms]
2023-11-18 15:57:55.909 [info] > git config --get commit.template [3ms]
2023-11-18 15:57:55.919 [info] > git for-each-ref --format=%(refname)%00%(upstream:short)%00%(objectname)%00%(upstream:track)%00%(upstream:remotename)%00%(upstream:remoteref) refs/heads/main refs/remotes/main [2ms]
2023-11-18 15:57:55.926 [info] > git status -z -uall [2ms]
2023-11-18 15:57:59.030 [info] > git show --textconv :routes/web.php [13ms]
2023-11-18 15:57:59.032 [info] > git ls-files --stage -- /home/seeker/example-app/routes/web.php [4ms]
2023-11-18 15:57:59.042 [info] > git cat-file -s de064674a46bc81727cebb88a9808e9cc0ab85ee [2ms]
2023-11-18 15:58:14.510 [info] > git config --get commit.template [9ms]
2023-11-18 15:58:14.511 [info] > git for-each-ref --format=%(refname)%00%(upstream:short)%00%(objectname)%00%(upstream:track)%00%(upstream:remotename)%00%(upstream:remoteref) refs/heads/main refs/remotes/main [1ms]
2023-11-18 15:58:14.521 [info] > git status -z -uall [2ms]
2023-11-18 15:59:01.506 [info] > git config --get commit.template [6ms]
2023-11-18 15:59:01.529 [info] > git for-each-ref --format=%(refname)%00%(upstream:short)%00%(objectname)%00%(upstream:track)%00%(upstream:remotename)%00%(upstream:remoteref) refs/heads/main refs/remotes/main [2ms]
2023-11-18 15:59:01.545 [info] > git status -z -uall [3ms]
2023-11-18 15:59:21.941 [info] > git config --get commit.template [12ms]
2023-11-18 15:59:21.942 [info] > git for-each-ref --format=%(refname)%00%(upstream:short)%00%(objectname)%00%(upstream:track)%00%(upstream:remotename)%00%(upstream:remoteref) refs/heads/main refs/remotes/main [2ms]
2023-11-18 15:59:21.953 [info] > git status -z -uall [3ms]
2023-11-18 16:00:57.721 [info] > git config --get commit.template [2ms]
2023-11-18 16:00:57.738 [info] > git for-each-ref --format=%(refname)%00%(upstream:short)%00%(objectname)%00%(upstream:track)%00%(upstream:remotename)%00%(upstream:remoteref) refs/heads/main refs/remotes/main [2ms]
2023-11-18 16:00:57.753 [info] > git status -z -uall [4ms]
2023-11-18 16:01:22.664 [info] > git show --textconv :practicals/song.php [12ms]
2023-11-18 16:01:22.665 [info] > git ls-files --stage -- /home/seeker/example-app/practicals/song.php [4ms]
2023-11-18 16:01:22.673 [info] > git cat-file -s 1136b11f3d0c882484a3151198c17386bdd8e434 [1ms]
2023-11-18 16:01:36.942 [info] > git show --textconv :routes/web.php [6ms]
2023-11-18 16:01:36.943 [info] > git ls-files --stage -- /home/seeker/example-app/routes/web.php [2ms]
2023-11-18 16:01:36.955 [info] > git cat-file -s de064674a46bc81727cebb88a9808e9cc0ab85ee [2ms]
2023-11-18 16:01:46.839 [info] > git for-each-ref --format=%(refname)%00%(upstream:short)%00%(objectname)%00%(upstream:track)%00%(upstream:remotename)%00%(upstream:remoteref) refs/heads/main refs/remotes/main [3ms]
2023-11-18 16:01:46.840 [info] > git config --get commit.template [13ms]
2023-11-18 16:01:46.851 [info] > git status -z -uall [3ms]
2023-11-18 16:01:48.587 [info] > git show --textconv :practicals/song.php [11ms]
2023-11-18 16:01:48.588 [info] > git ls-files --stage -- /home/seeker/example-app/practicals/song.php [2ms]
2023-11-18 16:01:48.595 [info] > git cat-file -s 1136b11f3d0c882484a3151198c17386bdd8e434 [1ms]
2023-11-18 16:01:55.319 [info] > git show --textconv :routes/web.php [10ms]
2023-11-18 16:01:55.320 [info] > git ls-files --stage -- /home/seeker/example-app/routes/web.php [2ms]
2023-11-18 16:01:55.328 [info] > git cat-file -s de064674a46bc81727cebb88a9808e9cc0ab85ee [1ms]
2023-11-18 16:01:59.744 [info] > git config --get commit.template [8ms]
2023-11-18 16:01:59.745 [info] > git for-each-ref --format=%(refname)%00%(upstream:short)%00%(objectname)%00%(upstream:track)%00%(upstream:remotename)%00%(upstream:remoteref) refs/heads/main refs/remotes/main [1ms]
2023-11-18 16:01:59.754 [info] > git status -z -uall [2ms]
2023-11-19 19:46:21.002 [info] > git config --get commit.template [41ms]
2023-11-19 19:46:21.005 [info] > git for-each-ref --format=%(refname)%00%(upstream:short)%00%(objectname)%00%(upstream:track)%00%(upstream:remotename)%00%(upstream:remoteref) refs/heads/main refs/remotes/main [10ms]
2023-11-19 19:46:21.068 [info] > git status -z -uall [22ms]
2023-11-22 09:18:59.754 [info] > git config --get commit.template [45ms]
2023-11-22 09:18:59.768 [info] > git for-each-ref --format=%(refname)%00%(upstream:short)%00%(objectname)%00%(upstream:track)%00%(upstream:remotename)%00%(upstream:remoteref) refs/heads/main refs/remotes/main [38ms]
2023-11-22 09:18:59.813 [info] > git status -z -uall [35ms]
2023-11-22 09:19:32.437 [info] > git ls-files --stage -- /home/seeker/example-app/tests/Feature/BaiganTest.php [3ms]
2023-11-22 09:19:32.449 [info] > git show --textconv :tests/Feature/BaiganTest.php [23ms]
2023-11-22 09:19:32.451 [info] > git cat-file -s 84d42c28e3001ee186671d7525877bd2e73ad1a6 [2ms]
2023-11-22 09:21:57.558 [info] > git show --textconv :app/Models/Song.php [12ms]
2023-11-22 09:21:57.558 [info] > git ls-files --stage -- /home/seeker/example-app/app/Models/Song.php [2ms]
2023-11-22 09:23:27.963 [info] > git show --textconv :routes/web.php [7ms]
2023-11-22 09:23:27.964 [info] > git ls-files --stage -- /home/seeker/example-app/routes/web.php [2ms]
2023-11-22 09:23:27.977 [info] > git cat-file -s de064674a46bc81727cebb88a9808e9cc0ab85ee [1ms]
2023-11-22 09:26:03.347 [info] > git show --textconv :practicals/song.php [6ms]
2023-11-22 09:26:03.348 [info] > git ls-files --stage -- /home/seeker/example-app/practicals/song.php [2ms]
2023-11-22 09:26:03.353 [info] > git cat-file -s 1136b11f3d0c882484a3151198c17386bdd8e434 [1ms]
2023-11-22 09:26:16.628 [info] > git config --get commit.template [1ms]
2023-11-22 09:26:16.637 [info] > git for-each-ref --format=%(refname)%00%(upstream:short)%00%(objectname)%00%(upstream:track)%00%(upstream:remotename)%00%(upstream:remoteref) refs/heads/main refs/remotes/main [3ms]
2023-11-22 09:26:16.651 [info] > git status -z -uall [1ms]
2023-11-22 09:32:10.003 [info] > git show --textconv :tests/Feature/SongsTest.php [5ms]
2023-11-22 09:32:10.005 [info] > git ls-files --stage -- /home/seeker/example-app/tests/Feature/SongsTest.php [1ms]
2023-11-22 09:32:43.802 [info] > git show --textconv :resources/views/songs.blade.php [5ms]
2023-11-22 09:32:43.803 [info] > git ls-files --stage -- /home/seeker/example-app/resources/views/songs.blade.php [1ms]
2023-11-22 09:36:42.741 [info] > git config --get commit.template [8ms]
2023-11-22 09:36:42.741 [info] > git for-each-ref --format=%(refname)%00%(upstream:short)%00%(objectname)%00%(upstream:track)%00%(upstream:remotename)%00%(upstream:remoteref) refs/heads/main refs/remotes/main [1ms]
2023-11-22 09:36:42.758 [info] > git status -z -uall [2ms]
2023-11-22 09:36:54.421 [info] > git show --textconv :app/Models/Song.php [9ms]
2023-11-22 09:36:54.421 [info] > git ls-files --stage -- /home/seeker/example-app/app/Models/Song.php [1ms]
2023-11-22 09:37:05.369 [info] > git show --textconv :practicals/song.php [8ms]
2023-11-22 09:37:05.369 [info] > git ls-files --stage -- /home/seeker/example-app/practicals/song.php [1ms]
2023-11-22 09:37:05.376 [info] > git cat-file -s 1136b11f3d0c882484a3151198c17386bdd8e434 [1ms]
2023-11-22 09:37:12.078 [info] > git show --textconv :resources/views/songs.blade.php [5ms]
2023-11-22 09:37:12.079 [info] > git ls-files --stage -- /home/seeker/example-app/resources/views/songs.blade.php [1ms]
2023-11-22 09:37:16.923 [info] > git config --get commit.template [1ms]
2023-11-22 09:37:16.930 [info] > git for-each-ref --format=%(refname)%00%(upstream:short)%00%(objectname)%00%(upstream:track)%00%(upstream:remotename)%00%(upstream:remoteref) refs/heads/main refs/remotes/main [1ms]
2023-11-22 09:37:16.939 [info] > git status -z -uall [1ms]
2023-11-22 09:37:19.565 [info] > git show --textconv :routes/web.php [6ms]
2023-11-22 09:37:19.566 [info] > git ls-files --stage -- /home/seeker/example-app/routes/web.php [1ms]
2023-11-22 09:37:19.574 [info] > git cat-file -s de064674a46bc81727cebb88a9808e9cc0ab85ee [1ms]
2023-11-22 09:37:24.576 [info] > git config --get commit.template [1ms]
2023-11-22 09:37:24.582 [info] > git for-each-ref --format=%(refname)%00%(upstream:short)%00%(objectname)%00%(upstream:track)%00%(upstream:remotename)%00%(upstream:remoteref) refs/heads/main refs/remotes/main [1ms]
2023-11-22 09:37:24.596 [info] > git status -z -uall [2ms]
2023-11-22 09:37:34.686 [info] > git show --textconv :tests/Feature/SongsTest.php [6ms]
2023-11-22 09:37:34.687 [info] > git ls-files --stage -- /home/seeker/example-app/tests/Feature/SongsTest.php [1ms]
2023-11-22 09:37:39.646 [info] > git config --get commit.template [4ms]
2023-11-22 09:37:39.653 [info] > git for-each-ref --format=%(refname)%00%(upstream:short)%00%(objectname)%00%(upstream:track)%00%(upstream:remotename)%00%(upstream:remoteref) refs/heads/main refs/remotes/main [1ms]
2023-11-22 09:37:39.660 [info] > git status -z -uall [2ms]
2023-11-22 09:42:44.183 [info] > git show --textconv :practicals/song.php [6ms]
2023-11-22 09:42:44.184 [info] > git ls-files --stage -- /home/seeker/example-app/practicals/song.php [2ms]
2023-11-22 09:42:44.190 [info] > git cat-file -s 1136b11f3d0c882484a3151198c17386bdd8e434 [1ms]
2023-11-22 09:43:08.888 [info] > git config --get commit.template [5ms]
2023-11-22 09:43:08.902 [info] > git for-each-ref --format=%(refname)%00%(upstream:short)%00%(objectname)%00%(upstream:track)%00%(upstream:remotename)%00%(upstream:remoteref) refs/heads/main refs/remotes/main [1ms]
2023-11-22 09:43:08.919 [info] > git status -z -uall [5ms]
2023-11-22 09:43:21.695 [info] > git config --get commit.template [1ms]
2023-11-22 09:43:21.703 [info] > git for-each-ref --format=%(refname)%00%(upstream:short)%00%(objectname)%00%(upstream:track)%00%(upstream:remotename)%00%(upstream:remoteref) refs/heads/main refs/remotes/main [1ms]
2023-11-22 09:43:21.711 [info] > git status -z -uall [3ms]
2023-11-22 09:43:26.727 [info] > git config --get commit.template [0ms]
2023-11-22 09:43:26.738 [info] > git for-each-ref --format=%(refname)%00%(upstream:short)%00%(objectname)%00%(upstream:track)%00%(upstream:remotename)%00%(upstream:remoteref) refs/heads/main refs/remotes/main [6ms]
2023-11-22 09:43:26.747 [info] > git status -z -uall [1ms]
2023-11-22 09:43:58.620 [info] > git config --get commit.template [14ms]
2023-11-22 09:43:58.622 [info] > git for-each-ref --format=%(refname)%00%(upstream:short)%00%(objectname)%00%(upstream:track)%00%(upstream:remotename)%00%(upstream:remoteref) refs/heads/main refs/remotes/main [5ms]
2023-11-22 09:43:58.643 [info] > git status -z -uall [3ms]
2023-11-22 09:44:02.425 [info] > git show --textconv :routes/web.php [7ms]
2023-11-22 09:44:02.426 [info] > git ls-files --stage -- /home/seeker/example-app/routes/web.php [2ms]
2023-11-22 09:44:02.432 [info] > git cat-file -s de064674a46bc81727cebb88a9808e9cc0ab85ee [1ms]
2023-11-22 09:44:03.656 [info] > git config --get commit.template [1ms]
2023-11-22 09:44:03.665 [info] > git for-each-ref --format=%(refname)%00%(upstream:short)%00%(objectname)%00%(upstream:track)%00%(upstream:remotename)%00%(upstream:remoteref) refs/heads/main refs/remotes/main [1ms]
2023-11-22 09:44:03.672 [info] > git status -z -uall [1ms]
2023-11-22 10:01:05.372 [info] > git show --textconv :practicals/song.php [14ms]
2023-11-22 10:01:05.375 [info] > git ls-files --stage -- /home/seeker/example-app/practicals/song.php [4ms]
2023-11-22 10:01:05.389 [info] > git cat-file -s 1136b11f3d0c882484a3151198c17386bdd8e434 [2ms]
2023-11-22 10:04:08.547 [info] > git show --textconv :routes/web.php [7ms]
2023-11-22 10:04:08.548 [info] > git ls-files --stage -- /home/seeker/example-app/routes/web.php [2ms]
2023-11-22 10:04:08.556 [info] > git cat-file -s de064674a46bc81727cebb88a9808e9cc0ab85ee [0ms]
2023-11-22 10:04:15.155 [info] > git config --get commit.template [1ms]
2023-11-22 10:04:15.163 [info] > git for-each-ref --format=%(refname)%00%(upstream:short)%00%(objectname)%00%(upstream:track)%00%(upstream:remotename)%00%(upstream:remoteref) refs/heads/main refs/remotes/main [1ms]
2023-11-22 10:04:15.182 [info] > git status -z -uall [6ms]
2023-11-22 10:04:20.197 [info] > git config --get commit.template [1ms]
2023-11-22 10:04:20.209 [info] > git for-each-ref --format=%(refname)%00%(upstream:short)%00%(objectname)%00%(upstream:track)%00%(upstream:remotename)%00%(upstream:remoteref) refs/heads/main refs/remotes/main [1ms]
2023-11-22 10:04:20.216 [info] > git status -z -uall [0ms]
2023-11-22 10:04:59.770 [info] > git config --get commit.template [0ms]
2023-11-22 10:04:59.784 [info] > git for-each-ref --format=%(refname)%00%(upstream:short)%00%(objectname)%00%(upstream:track)%00%(upstream:remotename)%00%(upstream:remoteref) refs/heads/main refs/remotes/main [2ms]
2023-11-22 10:04:59.804 [info] > git status -z -uall [3ms]
2023-11-22 10:05:47.016 [info] > git config --get commit.template [1ms]
2023-11-22 10:05:47.022 [info] > git for-each-ref --format=%(refname)%00%(upstream:short)%00%(objectname)%00%(upstream:track)%00%(upstream:remotename)%00%(upstream:remoteref) refs/heads/main refs/remotes/main [1ms]
2023-11-22 10:05:47.030 [info] > git status -z -uall [2ms]
2023-11-22 10:06:02.634 [info] > git config --get commit.template [1ms]
2023-11-22 10:06:02.647 [info] > git for-each-ref --format=%(refname)%00%(upstream:short)%00%(objectname)%00%(upstream:track)%00%(upstream:remotename)%00%(upstream:remoteref) refs/heads/main refs/remotes/main [1ms]
2023-11-22 10:06:02.663 [info] > git status -z -uall [2ms]
2023-11-22 10:08:26.346 [info] > git config --get commit.template [17ms]
2023-11-22 10:08:26.346 [info] > git for-each-ref --format=%(refname)%00%(upstream:short)%00%(objectname)%00%(upstream:track)%00%(upstream:remotename)%00%(upstream:remoteref) refs/heads/main refs/remotes/main [1ms]
2023-11-22 10:08:26.362 [info] > git status -z -uall [5ms]
2023-11-22 10:08:54.346 [info] > git show --textconv :practicals/song.php [18ms]
2023-11-22 10:08:54.347 [info] > git ls-files --stage -- /home/seeker/example-app/practicals/song.php [2ms]
2023-11-22 10:08:54.362 [info] > git cat-file -s 1136b11f3d0c882484a3151198c17386bdd8e434 [3ms]
