2024-01-20 13:36:24.778 [info] Log level: Info
2024-01-20 13:36:24.778 [info] Validating found git in: "git"
2024-01-20 13:36:24.778 [info] Using git "2.34.1" from "git"
2024-01-20 13:36:24.778 [info] > git rev-parse --show-toplevel [79ms]
2024-01-20 13:36:24.778 [info] fatal: not a git repository (or any of the parent directories): .git
2024-01-20 13:36:24.781 [info] > git rev-parse --show-toplevel [6ms]
2024-01-20 13:36:24.801 [info] > git rev-parse --git-dir --git-common-dir [1ms]
2024-01-20 13:36:24.842 [info] Open repository: /home/seeker/example-app
2024-01-20 13:36:24.923 [info] > git rev-parse --show-toplevel [10ms]
2024-01-20 13:36:24.923 [info] fatal: not a git repository (or any of the parent directories): .git
2024-01-20 13:36:24.924 [info] > git config --get commit.template [38ms]
2024-01-20 13:36:25.035 [info] > git rev-parse --show-toplevel [90ms]
2024-01-20 13:36:25.035 [info] fatal: not a git repository (or any of the parent directories): .git
2024-01-20 13:36:25.059 [info] > git rev-parse --show-toplevel [3ms]
2024-01-20 13:36:25.059 [info] fatal: not a git repository (or any of the parent directories): .git
2024-01-20 13:36:25.059 [info] > git for-each-ref --format=%(refname)%00%(upstream:short)%00%(objectname)%00%(upstream:track)%00%(upstream:remotename)%00%(upstream:remoteref) refs/heads/main refs/remotes/main [27ms]
2024-01-20 13:36:25.075 [info] > git status -z -uall [9ms]
2024-01-20 13:36:25.076 [info] > git rev-parse --show-toplevel [3ms]
2024-01-20 13:36:25.076 [info] fatal: not a git repository (or any of the parent directories): .git
2024-01-20 13:36:25.109 [info] > git rev-parse --show-toplevel [12ms]
2024-01-20 13:36:25.109 [info] fatal: not a git repository (or any of the parent directories): .git
2024-01-20 13:36:25.124 [info] > git config --get commit.template [20ms]
2024-01-20 13:36:25.140 [info] > git rev-parse --show-toplevel [20ms]
2024-01-20 13:36:25.140 [info] fatal: not a git repository (or any of the parent directories): .git
2024-01-20 13:36:25.150 [info] > git for-each-ref --format=%(refname)%00%(upstream:short)%00%(objectname)%00%(upstream:track)%00%(upstream:remotename)%00%(upstream:remoteref) refs/heads/main refs/remotes/main [12ms]
2024-01-20 13:36:25.162 [info] > git status -z -uall [4ms]
2024-01-20 13:36:25.433 [info] > git check-ignore -v -z --stdin [2ms]
2024-01-20 13:36:25.502 [info] > git show --textconv :resources/views/songs_static.blade.php [8ms]
2024-01-20 13:36:25.502 [info] > git ls-files --stage -- /home/seeker/example-app/resources/views/songs_static.blade.php [2ms]
2024-01-20 13:36:25.510 [info] > git cat-file -s 593ece247898e861c10611f3f9214a63ab1ebf17 [2ms]
