2024-02-16 12:29:26.505 [info] Log level: Info
2024-02-16 12:29:26.505 [info] Validating found git in: "git"
2024-02-16 12:29:26.505 [info] Using git "2.34.1" from "git"
2024-02-16 12:29:26.505 [info] > git rev-parse --show-toplevel [270ms]
2024-02-16 12:29:26.505 [info] fatal: not a git repository (or any of the parent directories): .git
2024-02-16 12:29:26.505 [info] > git rev-parse --show-toplevel [115ms]
2024-02-16 12:29:26.506 [info] > git rev-parse --git-dir --git-common-dir [2ms]
2024-02-16 12:29:26.542 [info] Open repository: /home/seeker/example-app
2024-02-16 12:29:26.573 [info] > git rev-parse --show-toplevel [3ms]
2024-02-16 12:29:26.573 [info] fatal: not a git repository (or any of the parent directories): .git
2024-02-16 12:29:26.575 [info] > git config --get commit.template [21ms]
2024-02-16 12:29:26.603 [info] > git rev-parse --show-toplevel [12ms]
2024-02-16 12:29:26.603 [info] fatal: not a git repository (or any of the parent directories): .git
2024-02-16 12:29:26.616 [info] > git for-each-ref --format=%(refname)%00%(upstream:short)%00%(objectname)%00%(upstream:track)%00%(upstream:remotename)%00%(upstream:remoteref) refs/heads/main refs/remotes/main [17ms]
2024-02-16 12:29:26.618 [info] > git rev-parse --show-toplevel [4ms]
2024-02-16 12:29:26.618 [info] fatal: not a git repository (or any of the parent directories): .git
2024-02-16 12:29:26.638 [info] > git rev-parse --show-toplevel [11ms]
2024-02-16 12:29:26.638 [info] fatal: not a git repository (or any of the parent directories): .git
2024-02-16 12:29:26.661 [info] > git status -z -uall [10ms]
2024-02-16 12:29:26.681 [info] > git rev-parse --show-toplevel [23ms]
2024-02-16 12:29:26.681 [info] fatal: not a git repository (or any of the parent directories): .git
2024-02-16 12:29:26.686 [info] > git config --get commit.template [7ms]
2024-02-16 12:29:26.687 [info] > git rev-parse --show-toplevel [2ms]
2024-02-16 12:29:26.687 [info] fatal: not a git repository (or any of the parent directories): .git
2024-02-16 12:29:26.703 [info] > git for-each-ref --format=%(refname)%00%(upstream:short)%00%(objectname)%00%(upstream:track)%00%(upstream:remotename)%00%(upstream:remoteref) refs/heads/main refs/remotes/main [1ms]
2024-02-16 12:29:26.714 [info] > git status -z -uall [3ms]
2024-02-16 12:29:27.170 [info] > git show --textconv :resources/views/components/layouts/main.blade.php [22ms]
2024-02-16 12:29:27.171 [info] > git check-ignore -v -z --stdin [2ms]
2024-02-16 12:29:27.172 [info] > git ls-files --stage -- /home/seeker/example-app/resources/views/components/layouts/main.blade.php [17ms]
2024-02-16 12:29:27.183 [info] > git cat-file -s dede74b25dcf6589c802ba2fcca306ba93f7b999 [3ms]
2024-02-16 12:29:32.667 [info] > git check-ignore -v -z --stdin [1ms]
2024-02-16 12:30:17.452 [info] > git check-ignore -v -z --stdin [1ms]
2024-02-16 12:30:22.764 [info] > git config --get commit.template [1ms]
2024-02-16 12:30:22.773 [info] > git for-each-ref --format=%(refname)%00%(upstream:short)%00%(objectname)%00%(upstream:track)%00%(upstream:remotename)%00%(upstream:remoteref) refs/heads/main refs/remotes/main [2ms]
2024-02-16 12:30:22.781 [info] > git status -z -uall [2ms]
2024-02-16 12:30:23.692 [info] > git check-ignore -v -z --stdin [3ms]
2024-02-16 12:30:26.891 [info] > git check-ignore -v -z --stdin [1ms]
2024-02-16 12:31:02.590 [info] > git config --get commit.template [1ms]
2024-02-16 12:31:02.598 [info] > git for-each-ref --format=%(refname)%00%(upstream:short)%00%(objectname)%00%(upstream:track)%00%(upstream:remotename)%00%(upstream:remoteref) refs/heads/main refs/remotes/main [2ms]
2024-02-16 12:31:02.609 [info] > git status -z -uall [4ms]
2024-02-16 12:34:02.848 [info] > git rev-parse --show-toplevel [240ms]
2024-02-16 12:34:02.848 [info] fatal: not a git repository (or any of the parent directories): .git
2024-02-16 12:34:23.429 [info] > git rev-parse --show-toplevel [2ms]
2024-02-16 12:34:23.430 [info] fatal: not a git repository (or any of the parent directories): .git
2024-02-16 12:34:43.100 [info] > git rev-parse --show-toplevel [1ms]
2024-02-16 12:34:43.100 [info] fatal: not a git repository (or any of the parent directories): .git
2024-02-16 12:35:06.647 [info] > git rev-parse --show-toplevel [13ms]
2024-02-16 12:35:06.647 [info] fatal: not a git repository (or any of the parent directories): .git
2024-02-16 12:35:14.225 [info] > git rev-parse --show-toplevel [7ms]
2024-02-16 12:35:14.225 [info] fatal: not a git repository (or any of the parent directories): .git
2024-02-16 12:35:43.236 [info] > git rev-parse --show-toplevel [1ms]
2024-02-16 12:35:43.244 [info] > git rev-parse --git-dir --git-common-dir [1ms]
2024-02-16 12:35:43.252 [info] Open repository: /home/seeker
2024-02-16 12:35:43.262 [info] > git config --get commit.template [2ms]
2024-02-16 12:35:43.268 [info] No remotes found in the git config file.
2024-02-16 12:35:43.268 [info] > git for-each-ref --format=%(refname)%00%(upstream:short)%00%(objectname)%00%(upstream:track)%00%(upstream:remotename)%00%(upstream:remoteref) refs/heads/master refs/remotes/master [1ms]
2024-02-16 12:35:43.268 [warning] No such branch: master.
2024-02-16 12:35:43.290 [info] > git status -z -uall [15ms]
2024-02-16 12:35:43.337 [info] > git config --get commit.template [1ms]
2024-02-16 12:35:43.337 [info] No remotes found in the git config file.
2024-02-16 12:35:43.619 [info] > git for-each-ref --format=%(refname)%00%(upstream:short)%00%(objectname)%00%(upstream:track)%00%(upstream:remotename)%00%(upstream:remoteref) refs/heads/master refs/remotes/master [273ms]
2024-02-16 12:35:43.619 [warning] No such branch: master.
2024-02-16 12:35:43.647 [info] > git status -z -uall [17ms]
2024-02-16 12:35:44.041 [info] > git show --textconv :requirements1/dateUtil.js [24ms]
2024-02-16 12:35:44.042 [info] > git check-ignore -v -z --stdin [8ms]
2024-02-16 12:35:44.043 [info] > git check-ignore -v -z --stdin [3ms]
2024-02-16 12:35:44.044 [info] > git ls-files --stage -- /home/seeker/requirements1/dateUtil.js [21ms]
