2023-11-22 22:06:53.572 [info] Log level: Info
2023-11-22 22:06:53.572 [info] Validating found git in: "git"
2023-11-22 22:06:53.572 [info] Using git "2.34.1" from "git"
2023-11-22 22:06:53.572 [info] > git rev-parse --show-toplevel [77ms]
2023-11-22 22:06:53.572 [info] > git rev-parse --git-dir --git-common-dir [3ms]
2023-11-22 22:06:53.572 [info] Open repository: /home/seeker/example-app
2023-11-22 22:06:53.572 [info] > git config --get commit.template [6ms]
2023-11-22 22:06:53.574 [info] > git rev-parse --show-toplevel [3ms]
2023-11-22 22:06:53.590 [info] > git rev-parse --show-toplevel [1ms]
2023-11-22 22:06:53.591 [info] > git for-each-ref --format=%(refname)%00%(upstream:short)%00%(objectname)%00%(upstream:track)%00%(upstream:remotename)%00%(upstream:remoteref) refs/heads/main refs/remotes/main [10ms]
2023-11-22 22:06:53.605 [info] > git status -z -uall [7ms]
2023-11-22 22:06:53.605 [info] > git rev-parse --show-toplevel [2ms]
2023-11-22 22:06:53.636 [info] > git rev-parse --show-toplevel [12ms]
2023-11-22 22:06:53.637 [info] > git config --get commit.template [2ms]
2023-11-22 22:06:53.650 [info] > git rev-parse --show-toplevel [5ms]
2023-11-22 22:06:53.651 [info] > git for-each-ref --format=%(refname)%00%(upstream:short)%00%(objectname)%00%(upstream:track)%00%(upstream:remotename)%00%(upstream:remoteref) refs/heads/main refs/remotes/main [2ms]
2023-11-22 22:06:53.712 [info] > git status -z -uall [54ms]
2023-11-22 22:06:53.728 [info] > git rev-parse --show-toplevel [27ms]
2023-11-22 22:06:53.734 [info] > git rev-parse --show-toplevel [1ms]
2023-11-22 22:06:53.746 [info] > git rev-parse --show-toplevel [1ms]
2023-11-22 22:06:53.752 [info] > git rev-parse --show-toplevel [1ms]
2023-11-22 22:06:53.769 [info] > git rev-parse --show-toplevel [1ms]
2023-11-22 22:06:53.786 [info] > git rev-parse --show-toplevel [5ms]
2023-11-22 22:06:53.808 [info] > git rev-parse --show-toplevel [2ms]
2023-11-22 22:06:54.192 [info] > git show --textconv :practicals/song.php [4ms]
2023-11-22 22:06:54.193 [info] > git ls-files --stage -- /home/seeker/example-app/practicals/song.php [2ms]
2023-11-22 22:06:54.198 [info] > git cat-file -s 1136b11f3d0c882484a3151198c17386bdd8e434 [1ms]
2023-11-22 22:06:54.213 [info] > git check-ignore -v -z --stdin [2ms]
2023-11-22 22:07:05.745 [info] > git check-ignore -v -z --stdin [1ms]
2023-11-22 22:07:08.395 [info] > git check-ignore -v -z --stdin [1ms]
2023-11-22 22:10:57.492 [info] > git config --get commit.template [5ms]
2023-11-22 22:10:57.493 [info] > git for-each-ref --format=%(refname)%00%(upstream:short)%00%(objectname)%00%(upstream:track)%00%(upstream:remotename)%00%(upstream:remoteref) refs/heads/main refs/remotes/main [1ms]
2023-11-22 22:10:57.497 [info] > git status -z -uall [1ms]
2023-11-22 22:12:03.460 [info] > git config --get commit.template [0ms]
2023-11-22 22:12:03.464 [info] > git for-each-ref --format=%(refname)%00%(upstream:short)%00%(objectname)%00%(upstream:track)%00%(upstream:remotename)%00%(upstream:remoteref) refs/heads/main refs/remotes/main [1ms]
2023-11-22 22:12:03.468 [info] > git status -z -uall [1ms]
2023-11-22 22:12:08.481 [info] > git config --get commit.template [1ms]
2023-11-22 22:12:08.486 [info] > git for-each-ref --format=%(refname)%00%(upstream:short)%00%(objectname)%00%(upstream:track)%00%(upstream:remotename)%00%(upstream:remoteref) refs/heads/main refs/remotes/main [1ms]
2023-11-22 22:12:08.490 [info] > git status -z -uall [1ms]
2023-11-22 22:27:06.596 [info] > git config --get commit.template [1ms]
2023-11-22 22:27:06.603 [info] > git for-each-ref --format=%(refname)%00%(upstream:short)%00%(objectname)%00%(upstream:track)%00%(upstream:remotename)%00%(upstream:remoteref) refs/heads/main refs/remotes/main [2ms]
2023-11-22 22:27:06.609 [info] > git status -z -uall [2ms]
2023-11-22 22:29:56.771 [info] > git config --get commit.template [4ms]
2023-11-22 22:29:56.771 [info] > git for-each-ref --format=%(refname)%00%(upstream:short)%00%(objectname)%00%(upstream:track)%00%(upstream:remotename)%00%(upstream:remoteref) refs/heads/main refs/remotes/main [1ms]
2023-11-22 22:29:56.777 [info] > git status -z -uall [2ms]
2023-11-22 22:31:45.598 [info] > git show --textconv :routes/web.php [5ms]
2023-11-22 22:31:45.599 [info] > git ls-files --stage -- /home/seeker/example-app/routes/web.php [2ms]
2023-11-22 22:31:45.604 [info] > git cat-file -s de064674a46bc81727cebb88a9808e9cc0ab85ee [0ms]
2023-11-22 22:32:48.493 [info] > git config --get commit.template [1ms]
2023-11-22 22:32:48.503 [info] > git for-each-ref --format=%(refname)%00%(upstream:short)%00%(objectname)%00%(upstream:track)%00%(upstream:remotename)%00%(upstream:remoteref) refs/heads/main refs/remotes/main [1ms]
2023-11-22 22:32:48.512 [info] > git status -z -uall [2ms]
2023-11-22 22:32:59.538 [info] > git show --textconv :practicals/song.php [4ms]
2023-11-22 22:32:59.539 [info] > git ls-files --stage -- /home/seeker/example-app/practicals/song.php [1ms]
2023-11-22 22:32:59.543 [info] > git cat-file -s 1136b11f3d0c882484a3151198c17386bdd8e434 [1ms]
2023-11-22 22:35:51.032 [info] > git show --textconv :practicals/swap.php [4ms]
2023-11-22 22:35:51.033 [info] > git ls-files --stage -- /home/seeker/example-app/practicals/swap.php [1ms]
2023-11-22 22:35:51.038 [info] > git cat-file -s 09d1e21df28a96f1b71e814758d66d65842b6e5a [0ms]
2023-11-22 22:35:52.540 [info] > git show --textconv :practicals/song.php [3ms]
2023-11-22 22:35:52.541 [info] > git ls-files --stage -- /home/seeker/example-app/practicals/song.php [1ms]
2023-11-22 22:35:52.546 [info] > git cat-file -s 1136b11f3d0c882484a3151198c17386bdd8e434 [1ms]
2023-11-22 22:36:06.589 [info] > git show --textconv :practicals/Song.php [4ms]
2023-11-22 22:36:06.590 [info] > git ls-files --stage -- /home/seeker/example-app/practicals/Song.php [2ms]
2023-11-22 22:36:06.866 [info] > git check-ignore -v -z --stdin [1ms]
2023-11-22 22:36:07.467 [info] > git config --get commit.template [1ms]
2023-11-22 22:36:07.473 [info] > git for-each-ref --format=%(refname)%00%(upstream:short)%00%(objectname)%00%(upstream:track)%00%(upstream:remotename)%00%(upstream:remoteref) refs/heads/main refs/remotes/main [2ms]
2023-11-22 22:36:07.478 [info] > git status -z -uall [2ms]
2023-11-22 22:36:29.275 [info] > git show --textconv :routes/web.php [4ms]
2023-11-22 22:36:29.276 [info] > git ls-files --stage -- /home/seeker/example-app/routes/web.php [2ms]
2023-11-22 22:36:29.280 [info] > git cat-file -s de064674a46bc81727cebb88a9808e9cc0ab85ee [1ms]
2023-11-22 22:41:28.330 [info] > git config --get commit.template [9ms]
2023-11-22 22:41:28.331 [info] > git for-each-ref --format=%(refname)%00%(upstream:short)%00%(objectname)%00%(upstream:track)%00%(upstream:remotename)%00%(upstream:remoteref) refs/heads/main refs/remotes/main [2ms]
2023-11-22 22:41:28.340 [info] > git status -z -uall [2ms]
2023-11-22 22:41:33.351 [info] > git config --get commit.template [1ms]
2023-11-22 22:41:33.356 [info] > git for-each-ref --format=%(refname)%00%(upstream:short)%00%(objectname)%00%(upstream:track)%00%(upstream:remotename)%00%(upstream:remoteref) refs/heads/main refs/remotes/main [1ms]
2023-11-22 22:41:33.361 [info] > git status -z -uall [1ms]
2023-11-22 22:41:56.378 [info] > git config --get commit.template [5ms]
2023-11-22 22:41:56.379 [info] > git for-each-ref --format=%(refname)%00%(upstream:short)%00%(objectname)%00%(upstream:track)%00%(upstream:remotename)%00%(upstream:remoteref) refs/heads/main refs/remotes/main [1ms]
2023-11-22 22:41:56.384 [info] > git status -z -uall [1ms]
2023-11-22 22:42:48.622 [info] > git config --get commit.template [11ms]
2023-11-22 22:42:48.624 [info] > git for-each-ref --format=%(refname)%00%(upstream:short)%00%(objectname)%00%(upstream:track)%00%(upstream:remotename)%00%(upstream:remoteref) refs/heads/main refs/remotes/main [4ms]
2023-11-22 22:42:48.633 [info] > git status -z -uall [2ms]
2023-11-22 22:43:33.702 [info] > git show --textconv :tests/Feature/SongsTest.php [4ms]
2023-11-22 22:43:33.703 [info] > git ls-files --stage -- /home/seeker/example-app/tests/Feature/SongsTest.php [1ms]
2023-11-22 22:46:56.262 [info] > git show --textconv :resources/views/songs.blade.php [6ms]
2023-11-22 22:46:56.263 [info] > git ls-files --stage -- /home/seeker/example-app/resources/views/songs.blade.php [1ms]
2023-11-22 22:47:18.201 [info] > git show --textconv :app/Models/Song.php [4ms]
2023-11-22 22:47:18.202 [info] > git ls-files --stage -- /home/seeker/example-app/app/Models/Song.php [2ms]
2023-11-22 22:47:40.113 [info] > git show --textconv :practicals/Song.php [4ms]
2023-11-22 22:47:40.114 [info] > git ls-files --stage -- /home/seeker/example-app/practicals/Song.php [2ms]
2023-11-22 22:48:03.030 [info] > git show --textconv :app/Models/Song.php [6ms]
2023-11-22 22:48:03.031 [info] > git ls-files --stage -- /home/seeker/example-app/app/Models/Song.php [1ms]
2023-11-22 22:48:16.418 [info] > git show --textconv :practicals/Song.php [6ms]
2023-11-22 22:48:16.419 [info] > git ls-files --stage -- /home/seeker/example-app/practicals/Song.php [2ms]
2023-11-22 22:49:01.506 [info] > git config --get commit.template [1ms]
2023-11-22 22:49:01.511 [info] > git for-each-ref --format=%(refname)%00%(upstream:short)%00%(objectname)%00%(upstream:track)%00%(upstream:remotename)%00%(upstream:remoteref) refs/heads/main refs/remotes/main [1ms]
2023-11-22 22:49:01.516 [info] > git status -z -uall [2ms]
2023-11-22 22:49:27.963 [info] > git config --get commit.template [1ms]
2023-11-22 22:49:27.969 [info] > git for-each-ref --format=%(refname)%00%(upstream:short)%00%(objectname)%00%(upstream:track)%00%(upstream:remotename)%00%(upstream:remoteref) refs/heads/main refs/remotes/main [1ms]
2023-11-22 22:49:27.976 [info] > git status -z -uall [2ms]
2023-11-22 22:49:32.988 [info] > git config --get commit.template [1ms]
2023-11-22 22:49:32.992 [info] > git for-each-ref --format=%(refname)%00%(upstream:short)%00%(objectname)%00%(upstream:track)%00%(upstream:remotename)%00%(upstream:remoteref) refs/heads/main refs/remotes/main [1ms]
2023-11-22 22:49:32.998 [info] > git status -z -uall [1ms]
2023-11-22 22:49:50.839 [info] > git show --textconv :app/Models/Song.php [4ms]
2023-11-22 22:49:50.840 [info] > git ls-files --stage -- /home/seeker/example-app/app/Models/Song.php [3ms]
2023-11-22 22:50:14.780 [info] > git config --get commit.template [1ms]
2023-11-22 22:50:14.784 [info] > git for-each-ref --format=%(refname)%00%(upstream:short)%00%(objectname)%00%(upstream:track)%00%(upstream:remotename)%00%(upstream:remoteref) refs/heads/main refs/remotes/main [1ms]
2023-11-22 22:50:14.790 [info] > git status -z -uall [2ms]
2023-11-22 22:50:25.904 [info] > git show --textconv :resources/views/songs.blade.php [5ms]
2023-11-22 22:50:25.905 [info] > git ls-files --stage -- /home/seeker/example-app/resources/views/songs.blade.php [3ms]
2023-11-22 22:50:30.264 [info] > git show --textconv :routes/console.php [7ms]
2023-11-22 22:50:30.265 [info] > git ls-files --stage -- /home/seeker/example-app/routes/console.php [2ms]
2023-11-22 22:50:30.400 [info] > git cat-file -s e05f4c9a1b27a35c20ac897b44dfb7a9238ff9b7 [129ms]
2023-11-22 22:50:46.287 [info] > git show --textconv :routes/web.php [3ms]
2023-11-22 22:50:46.288 [info] > git ls-files --stage -- /home/seeker/example-app/routes/web.php [1ms]
2023-11-22 22:50:46.293 [info] > git cat-file -s de064674a46bc81727cebb88a9808e9cc0ab85ee [0ms]
2023-11-22 22:51:10.341 [info] > git config --get commit.template [1ms]
2023-11-22 22:51:10.346 [info] > git for-each-ref --format=%(refname)%00%(upstream:short)%00%(objectname)%00%(upstream:track)%00%(upstream:remotename)%00%(upstream:remoteref) refs/heads/main refs/remotes/main [1ms]
2023-11-22 22:51:10.351 [info] > git status -z -uall [1ms]
2023-11-22 22:51:20.143 [info] > git show --textconv :app/Models/Song.php [5ms]
2023-11-22 22:51:20.144 [info] > git ls-files --stage -- /home/seeker/example-app/app/Models/Song.php [2ms]
2023-11-22 22:51:23.717 [info] > git show --textconv :routes/web.php [5ms]
2023-11-22 22:51:23.718 [info] > git ls-files --stage -- /home/seeker/example-app/routes/web.php [2ms]
2023-11-22 22:51:23.722 [info] > git cat-file -s de064674a46bc81727cebb88a9808e9cc0ab85ee [1ms]
2023-11-22 22:51:43.675 [info] > git show --textconv :tests/Feature/SongsTest.php [5ms]
2023-11-22 22:51:43.675 [info] > git ls-files --stage -- /home/seeker/example-app/tests/Feature/SongsTest.php [1ms]
2023-11-22 22:51:51.162 [info] > git show --textconv :practicals/song.php [3ms]
2023-11-22 22:51:51.162 [info] > git ls-files --stage -- /home/seeker/example-app/practicals/song.php [1ms]
2023-11-22 22:51:51.167 [info] > git cat-file -s 1136b11f3d0c882484a3151198c17386bdd8e434 [1ms]
2023-11-22 22:52:01.604 [info] > git show --textconv :routes/web.php [4ms]
2023-11-22 22:52:01.605 [info] > git ls-files --stage -- /home/seeker/example-app/routes/web.php [1ms]
2023-11-22 22:52:01.610 [info] > git cat-file -s de064674a46bc81727cebb88a9808e9cc0ab85ee [0ms]
2023-11-22 22:53:10.106 [info] > git config --get commit.template [3ms]
2023-11-22 22:53:10.114 [info] > git for-each-ref --format=%(refname)%00%(upstream:short)%00%(objectname)%00%(upstream:track)%00%(upstream:remotename)%00%(upstream:remoteref) refs/heads/main refs/remotes/main [1ms]
2023-11-22 22:53:10.120 [info] > git status -z -uall [2ms]
