2023-11-11 10:24:19.304 [info] Log level: Info
2023-11-11 10:24:19.305 [info] Validating found git in: "git"
2023-11-11 10:24:19.305 [info] Using git "2.34.1" from "git"
2023-11-11 10:24:19.305 [info] > git rev-parse --show-toplevel [18ms]
2023-11-11 10:24:19.305 [info] > git rev-parse --git-dir --git-common-dir [2ms]
2023-11-11 10:24:19.305 [info] Open repository: /home/seeker/example-app
2023-11-11 10:24:19.305 [info] > git config --get commit.template [2ms]
2023-11-11 10:24:19.325 [info] > git for-each-ref --format=%(refname)%00%(upstream:short)%00%(objectname)%00%(upstream:track)%00%(upstream:remotename)%00%(upstream:remoteref) refs/heads/main refs/remotes/main [11ms]
2023-11-11 10:24:19.334 [info] > git status -z -uall [4ms]
2023-11-11 10:24:19.353 [info] > git config --get commit.template [7ms]
2023-11-11 10:24:19.356 [info] > git for-each-ref --format=%(refname)%00%(upstream:short)%00%(objectname)%00%(upstream:track)%00%(upstream:remotename)%00%(upstream:remoteref) refs/heads/main refs/remotes/main [4ms]
2023-11-11 10:24:19.370 [info] > git status -z -uall [7ms]
2023-11-11 10:24:57.854 [info] > git show --textconv :practicals/helloworld.php [7ms]
2023-11-11 10:24:57.855 [info] > git ls-files --stage -- /home/seeker/example-app/practicals/helloworld.php [2ms]
2023-11-11 10:24:58.099 [info] > git check-ignore -v -z --stdin [1ms]
2023-11-11 10:24:58.674 [info] > git config --get commit.template [1ms]
2023-11-11 10:24:58.680 [info] > git for-each-ref --format=%(refname)%00%(upstream:short)%00%(objectname)%00%(upstream:track)%00%(upstream:remotename)%00%(upstream:remoteref) refs/heads/main refs/remotes/main [1ms]
2023-11-11 10:24:58.686 [info] > git status -z -uall [1ms]
2023-11-11 10:25:28.052 [info] > git config --get commit.template [2ms]
2023-11-11 10:25:28.059 [info] > git for-each-ref --format=%(refname)%00%(upstream:short)%00%(objectname)%00%(upstream:track)%00%(upstream:remotename)%00%(upstream:remoteref) refs/heads/main refs/remotes/main [1ms]
2023-11-11 10:25:28.065 [info] > git status -z -uall [1ms]
2023-11-11 10:25:33.079 [info] > git config --get commit.template [1ms]
2023-11-11 10:25:33.085 [info] > git for-each-ref --format=%(refname)%00%(upstream:short)%00%(objectname)%00%(upstream:track)%00%(upstream:remotename)%00%(upstream:remoteref) refs/heads/main refs/remotes/main [2ms]
2023-11-11 10:25:33.090 [info] > git status -z -uall [1ms]
2023-11-11 10:32:26.294 [info] > git config --get commit.template [9ms]
2023-11-11 10:32:26.295 [info] > git ls-files --stage -- /home/seeker/example-app/practicals/helloworld.php [2ms]
2023-11-11 10:32:26.306 [info] > git for-each-ref --format=%(refname)%00%(upstream:short)%00%(objectname)%00%(upstream:track)%00%(upstream:remotename)%00%(upstream:remoteref) refs/heads/main refs/remotes/main [1ms]
2023-11-11 10:32:26.312 [info] > git cat-file -s 43ebd05cd299fb189848c59b18a5d83f1a7c20d0 [12ms]
2023-11-11 10:32:26.313 [info] > git status -z -uall [1ms]
2023-11-11 10:32:26.338 [info] > git show --textconv :practicals/helloworld.php [3ms]
2023-11-11 10:32:31.336 [info] > git config --get commit.template [6ms]
2023-11-11 10:32:31.337 [info] > git for-each-ref --format=%(refname)%00%(upstream:short)%00%(objectname)%00%(upstream:track)%00%(upstream:remotename)%00%(upstream:remoteref) refs/heads/main refs/remotes/main [1ms]
2023-11-11 10:32:31.343 [info] > git status -z -uall [2ms]
2023-11-11 10:32:54.447 [info] > git show --textconv :practicals/swap.php [5ms]
2023-11-11 10:32:54.448 [info] > git ls-files --stage -- /home/seeker/example-app/practicals/swap.php [2ms]
2023-11-11 10:32:54.696 [info] > git check-ignore -v -z --stdin [1ms]
2023-11-11 10:32:55.301 [info] > git config --get commit.template [0ms]
2023-11-11 10:32:55.306 [info] > git for-each-ref --format=%(refname)%00%(upstream:short)%00%(objectname)%00%(upstream:track)%00%(upstream:remotename)%00%(upstream:remoteref) refs/heads/main refs/remotes/main [1ms]
2023-11-11 10:32:55.312 [info] > git status -z -uall [2ms]
2023-11-11 10:33:03.509 [info] > git config --get commit.template [1ms]
2023-11-11 10:33:03.514 [info] > git for-each-ref --format=%(refname)%00%(upstream:short)%00%(objectname)%00%(upstream:track)%00%(upstream:remotename)%00%(upstream:remoteref) refs/heads/main refs/remotes/main [0ms]
2023-11-11 10:33:03.519 [info] > git status -z -uall [1ms]
2023-11-11 10:38:40.660 [info] > git ls-files --stage -- /home/seeker/example-app/practicals/swap.php [2ms]
2023-11-11 10:38:40.670 [info] > git config --get commit.template [23ms]
2023-11-11 10:38:40.677 [info] > git cat-file -s 09d1e21df28a96f1b71e814758d66d65842b6e5a [9ms]
2023-11-11 10:38:40.678 [info] > git for-each-ref --format=%(refname)%00%(upstream:short)%00%(objectname)%00%(upstream:track)%00%(upstream:remotename)%00%(upstream:remoteref) refs/heads/main refs/remotes/main [2ms]
2023-11-11 10:38:40.685 [info] > git status -z -uall [1ms]
2023-11-11 10:38:40.698 [info] > git show --textconv :practicals/swap.php [3ms]
2023-11-11 10:38:45.710 [info] > git config --get commit.template [6ms]
2023-11-11 10:38:45.711 [info] > git for-each-ref --format=%(refname)%00%(upstream:short)%00%(objectname)%00%(upstream:track)%00%(upstream:remotename)%00%(upstream:remoteref) refs/heads/main refs/remotes/main [1ms]
2023-11-11 10:38:45.716 [info] > git status -z -uall [1ms]
2023-11-11 10:39:24.155 [info] > git show --textconv :practicals/fibonacci.php [6ms]
2023-11-11 10:39:24.157 [info] > git ls-files --stage -- /home/seeker/example-app/practicals/fibonacci.php [2ms]
2023-11-11 10:39:24.406 [info] > git check-ignore -v -z --stdin [2ms]
2023-11-11 10:39:29.390 [info] > git config --get commit.template [2ms]
2023-11-11 10:39:29.406 [info] > git for-each-ref --format=%(refname)%00%(upstream:short)%00%(objectname)%00%(upstream:track)%00%(upstream:remotename)%00%(upstream:remoteref) refs/heads/main refs/remotes/main [3ms]
2023-11-11 10:39:29.412 [info] > git status -z -uall [1ms]
2023-11-11 10:39:41.044 [info] > git config --get commit.template [1ms]
2023-11-11 10:39:41.050 [info] > git for-each-ref --format=%(refname)%00%(upstream:short)%00%(objectname)%00%(upstream:track)%00%(upstream:remotename)%00%(upstream:remoteref) refs/heads/main refs/remotes/main [1ms]
2023-11-11 10:39:41.055 [info] > git status -z -uall [1ms]
2023-11-11 10:48:35.838 [info] > git config --get commit.template [13ms]
2023-11-11 10:48:35.840 [info] > git ls-files --stage -- /home/seeker/example-app/practicals/fibonacci.php [4ms]
2023-11-11 10:48:35.853 [info] > git for-each-ref --format=%(refname)%00%(upstream:short)%00%(objectname)%00%(upstream:track)%00%(upstream:remotename)%00%(upstream:remoteref) refs/heads/main refs/remotes/main [0ms]
2023-11-11 10:48:35.858 [info] > git cat-file -s 4af17630d9250948228f94262511fc4dc21bcd22 [11ms]
2023-11-11 10:48:35.859 [info] > git status -z -uall [1ms]
2023-11-11 10:48:35.877 [info] > git show --textconv :practicals/fibonacci.php [1ms]
2023-11-11 10:48:40.875 [info] > git config --get commit.template [2ms]
2023-11-11 10:48:40.882 [info] > git for-each-ref --format=%(refname)%00%(upstream:short)%00%(objectname)%00%(upstream:track)%00%(upstream:remotename)%00%(upstream:remoteref) refs/heads/main refs/remotes/main [3ms]
2023-11-11 10:48:40.889 [info] > git status -z -uall [2ms]
2023-11-11 10:52:01.982 [info] > git show --textconv :practicals/factorial.php [6ms]
2023-11-11 10:52:01.983 [info] > git ls-files --stage -- /home/seeker/example-app/practicals/factorial.php [2ms]
2023-11-11 10:52:02.219 [info] > git check-ignore -v -z --stdin [2ms]
2023-11-11 10:52:02.767 [info] > git config --get commit.template [1ms]
2023-11-11 10:52:02.774 [info] > git for-each-ref --format=%(refname)%00%(upstream:short)%00%(objectname)%00%(upstream:track)%00%(upstream:remotename)%00%(upstream:remoteref) refs/heads/main refs/remotes/main [1ms]
2023-11-11 10:52:02.780 [info] > git status -z -uall [2ms]
2023-11-11 10:52:14.767 [info] > git config --get commit.template [6ms]
2023-11-11 10:52:14.767 [info] > git for-each-ref --format=%(refname)%00%(upstream:short)%00%(objectname)%00%(upstream:track)%00%(upstream:remotename)%00%(upstream:remoteref) refs/heads/main refs/remotes/main [1ms]
2023-11-11 10:52:14.773 [info] > git status -z -uall [1ms]
2023-11-11 10:52:19.783 [info] > git config --get commit.template [1ms]
2023-11-11 10:52:19.789 [info] > git for-each-ref --format=%(refname)%00%(upstream:short)%00%(objectname)%00%(upstream:track)%00%(upstream:remotename)%00%(upstream:remoteref) refs/heads/main refs/remotes/main [1ms]
2023-11-11 10:52:19.794 [info] > git status -z -uall [2ms]
2023-11-11 10:52:44.646 [info] > git config --get commit.template [5ms]
2023-11-11 10:52:44.646 [info] > git for-each-ref --format=%(refname)%00%(upstream:short)%00%(objectname)%00%(upstream:track)%00%(upstream:remotename)%00%(upstream:remoteref) refs/heads/main refs/remotes/main [1ms]
2023-11-11 10:52:44.652 [info] > git status -z -uall [2ms]
2023-11-11 10:52:49.673 [info] > git config --get commit.template [1ms]
2023-11-11 10:52:49.680 [info] > git for-each-ref --format=%(refname)%00%(upstream:short)%00%(objectname)%00%(upstream:track)%00%(upstream:remotename)%00%(upstream:remoteref) refs/heads/main refs/remotes/main [1ms]
2023-11-11 10:52:49.686 [info] > git status -z -uall [1ms]
2023-11-11 11:01:28.928 [info] > git config --get commit.template [12ms]
2023-11-11 11:01:28.935 [info] > git ls-files --stage -- /home/seeker/example-app/practicals/factorial.php [8ms]
2023-11-11 11:01:28.941 [info] > git for-each-ref --format=%(refname)%00%(upstream:short)%00%(objectname)%00%(upstream:track)%00%(upstream:remotename)%00%(upstream:remoteref) refs/heads/main refs/remotes/main [7ms]
2023-11-11 11:01:28.947 [info] > git cat-file -s 1e5cf31b09862df9b3844d2454cde104fc39996c [7ms]
2023-11-11 11:01:28.948 [info] > git status -z -uall [2ms]
2023-11-11 11:01:28.964 [info] > git show --textconv :practicals/factorial.php [1ms]
2023-11-11 11:01:33.965 [info] > git config --get commit.template [1ms]
2023-11-11 11:01:33.972 [info] > git for-each-ref --format=%(refname)%00%(upstream:short)%00%(objectname)%00%(upstream:track)%00%(upstream:remotename)%00%(upstream:remoteref) refs/heads/main refs/remotes/main [1ms]
2023-11-11 11:01:33.977 [info] > git status -z -uall [1ms]
2023-11-11 11:01:50.960 [info] > git show --textconv :practicals/pattern1.php [6ms]
2023-11-11 11:01:50.961 [info] > git ls-files --stage -- /home/seeker/example-app/practicals/pattern1.php [2ms]
2023-11-11 11:01:51.200 [info] > git check-ignore -v -z --stdin [1ms]
2023-11-11 11:01:51.774 [info] > git config --get commit.template [1ms]
2023-11-11 11:01:51.780 [info] > git for-each-ref --format=%(refname)%00%(upstream:short)%00%(objectname)%00%(upstream:track)%00%(upstream:remotename)%00%(upstream:remoteref) refs/heads/main refs/remotes/main [1ms]
2023-11-11 11:01:51.786 [info] > git status -z -uall [2ms]
2023-11-11 11:02:27.278 [info] > git config --get commit.template [1ms]
2023-11-11 11:02:27.284 [info] > git for-each-ref --format=%(refname)%00%(upstream:short)%00%(objectname)%00%(upstream:track)%00%(upstream:remotename)%00%(upstream:remoteref) refs/heads/main refs/remotes/main [1ms]
2023-11-11 11:02:27.291 [info] > git status -z -uall [1ms]
2023-11-11 11:02:32.306 [info] > git config --get commit.template [1ms]
2023-11-11 11:02:32.312 [info] > git for-each-ref --format=%(refname)%00%(upstream:short)%00%(objectname)%00%(upstream:track)%00%(upstream:remotename)%00%(upstream:remoteref) refs/heads/main refs/remotes/main [1ms]
2023-11-11 11:02:32.318 [info] > git status -z -uall [1ms]
2023-11-11 11:25:02.221 [info] > git ls-files --stage -- /home/seeker/example-app/practicals/pattern1.php [2ms]
2023-11-11 11:25:02.231 [info] > git config --get commit.template [29ms]
2023-11-11 11:25:02.242 [info] > git cat-file -s c9264a860ba805b67138fd3f7920d2bca3787e04 [13ms]
2023-11-11 11:25:02.243 [info] > git for-each-ref --format=%(refname)%00%(upstream:short)%00%(objectname)%00%(upstream:track)%00%(upstream:remotename)%00%(upstream:remoteref) refs/heads/main refs/remotes/main [2ms]
2023-11-11 11:25:02.251 [info] > git status -z -uall [3ms]
2023-11-11 11:25:02.266 [info] > git show --textconv :practicals/pattern1.php [2ms]
2023-11-15 10:04:42.503 [info] > git config --get commit.template [25ms]
2023-11-15 10:04:42.514 [info] > git for-each-ref --format=%(refname)%00%(upstream:short)%00%(objectname)%00%(upstream:track)%00%(upstream:remotename)%00%(upstream:remoteref) refs/heads/main refs/remotes/main [28ms]
2023-11-15 10:04:42.558 [info] > git status -z -uall [32ms]
2023-11-15 10:05:16.201 [info] > git show --textconv :practicals/reliability.php [6ms]
2023-11-15 10:05:16.204 [info] > git ls-files --stage -- /home/seeker/example-app/practicals/reliability.php [4ms]
2023-11-15 10:05:16.447 [info] > git check-ignore -v -z --stdin [4ms]
2023-11-15 10:05:17.058 [info] > git config --get commit.template [1ms]
2023-11-15 10:05:17.062 [info] > git for-each-ref --format=%(refname)%00%(upstream:short)%00%(objectname)%00%(upstream:track)%00%(upstream:remotename)%00%(upstream:remoteref) refs/heads/main refs/remotes/main [1ms]
2023-11-15 10:05:17.068 [info] > git status -z -uall [2ms]
2023-11-17 12:59:59.134 [info] > git ls-files --stage -- /home/seeker/example-app/practicals/song.php [38ms]
2023-11-17 12:59:59.140 [info] > git show --textconv :practicals/song.php [64ms]
2023-11-17 12:59:59.282 [info] > git check-ignore -v -z --stdin [8ms]
2023-11-17 12:59:59.974 [info] > git config --get commit.template [19ms]
2023-11-17 12:59:59.998 [info] > git for-each-ref --format=%(refname)%00%(upstream:short)%00%(objectname)%00%(upstream:track)%00%(upstream:remotename)%00%(upstream:remoteref) refs/heads/main refs/remotes/main [25ms]
2023-11-17 13:00:00.050 [info] > git status -z -uall [40ms]
2023-11-17 13:00:05.347 [info] > git config --get commit.template [1ms]
2023-11-17 13:00:05.356 [info] > git for-each-ref --format=%(refname)%00%(upstream:short)%00%(objectname)%00%(upstream:track)%00%(upstream:remotename)%00%(upstream:remoteref) refs/heads/main refs/remotes/main [2ms]
2023-11-17 13:00:05.366 [info] > git status -z -uall [1ms]
2023-11-17 13:20:01.065 [info] > git config --get commit.template [13ms]
2023-11-17 13:20:01.066 [info] > git for-each-ref --format=%(refname)%00%(upstream:short)%00%(objectname)%00%(upstream:track)%00%(upstream:remotename)%00%(upstream:remoteref) refs/heads/main refs/remotes/main [2ms]
2023-11-17 13:20:01.077 [info] > git status -z -uall [3ms]
2023-11-17 13:20:01.173 [info] > git ls-files --stage -- /home/seeker/example-app/practicals/song.php [2ms]
2023-11-17 13:20:01.190 [info] > git cat-file -s cac2551451ae7a1299c204f16cb54e4cc5dd1701 [3ms]
2023-11-17 13:20:01.218 [info] > git show --textconv :practicals/song.php [4ms]
2023-11-17 13:20:06.131 [info] > git config --get commit.template [1ms]
2023-11-17 13:20:06.140 [info] > git for-each-ref --format=%(refname)%00%(upstream:short)%00%(objectname)%00%(upstream:track)%00%(upstream:remotename)%00%(upstream:remoteref) refs/heads/main refs/remotes/main [2ms]
2023-11-17 13:20:06.149 [info] > git status -z -uall [1ms]
2023-11-17 13:25:45.979 [info] > git config --get commit.template [1ms]
2023-11-17 13:25:45.988 [info] > git for-each-ref --format=%(refname)%00%(upstream:short)%00%(objectname)%00%(upstream:track)%00%(upstream:remotename)%00%(upstream:remoteref) refs/heads/main refs/remotes/main [0ms]
2023-11-17 13:25:46.003 [info] > git status -z -uall [2ms]
2023-11-17 14:00:53.035 [info] > git config --get commit.template [24ms]
2023-11-17 14:00:53.049 [info] > git ls-files --stage -- /home/seeker/example-app/practicals/song.php [18ms]
2023-11-17 14:00:53.065 [info] > git for-each-ref --format=%(refname)%00%(upstream:short)%00%(objectname)%00%(upstream:track)%00%(upstream:remotename)%00%(upstream:remoteref) refs/heads/main refs/remotes/main [17ms]
2023-11-17 14:00:53.081 [info] > git cat-file -s 1136b11f3d0c882484a3151198c17386bdd8e434 [17ms]
2023-11-17 14:00:53.099 [info] > git status -z -uall [19ms]
2023-11-17 14:00:53.121 [info] > git show --textconv :practicals/song.php [24ms]
2023-11-17 14:00:58.141 [info] > git config --get commit.template [8ms]
2023-11-17 14:00:58.142 [info] > git for-each-ref --format=%(refname)%00%(upstream:short)%00%(objectname)%00%(upstream:track)%00%(upstream:remotename)%00%(upstream:remoteref) refs/heads/main refs/remotes/main [2ms]
2023-11-17 14:00:58.151 [info] > git status -z -uall [1ms]
2023-11-17 14:06:47.429 [info] > git check-ignore -v -z --stdin [6ms]
2023-11-17 22:08:39.000 [info] > git config --get commit.template [16ms]
2023-11-17 22:08:39.003 [info] > git ls-files --stage -- /home/seeker/example-app/practicals/song.php [11ms]
2023-11-17 22:08:39.025 [info] > git for-each-ref --format=%(refname)%00%(upstream:short)%00%(objectname)%00%(upstream:track)%00%(upstream:remotename)%00%(upstream:remoteref) refs/heads/main refs/remotes/main [2ms]
2023-11-17 22:08:39.037 [info] > git cat-file -s 1136b11f3d0c882484a3151198c17386bdd8e434 [26ms]
2023-11-17 22:08:39.042 [info] > git status -z -uall [6ms]
2023-11-17 22:08:39.084 [info] > git show --textconv :practicals/song.php [5ms]
2023-11-18 15:08:54.376 [info] > git ls-files --stage -- /home/seeker/example-app/practicals/song.php [6ms]
2023-11-18 15:08:54.394 [info] > git config --get commit.template [47ms]
2023-11-18 15:08:54.408 [info] > git cat-file -s 1136b11f3d0c882484a3151198c17386bdd8e434 [18ms]
2023-11-18 15:08:54.412 [info] > git for-each-ref --format=%(refname)%00%(upstream:short)%00%(objectname)%00%(upstream:track)%00%(upstream:remotename)%00%(upstream:remoteref) refs/heads/main refs/remotes/main [9ms]
2023-11-18 15:08:54.441 [info] > git status -z -uall [18ms]
2023-11-18 15:08:54.473 [info] > git show --textconv :practicals/song.php [33ms]
2023-11-18 15:12:05.001 [info] > git config --get commit.template [10ms]
2023-11-18 15:12:05.003 [info] > git for-each-ref --format=%(refname)%00%(upstream:short)%00%(objectname)%00%(upstream:track)%00%(upstream:remotename)%00%(upstream:remoteref) refs/heads/main refs/remotes/main [2ms]
2023-11-18 15:12:05.011 [info] > git status -z -uall [1ms]
2023-11-20 21:34:55.618 [info] > git config --get commit.template [29ms]
2023-11-20 21:34:55.631 [info] > git for-each-ref --format=%(refname)%00%(upstream:short)%00%(objectname)%00%(upstream:track)%00%(upstream:remotename)%00%(upstream:remoteref) refs/heads/main refs/remotes/main [24ms]
2023-11-20 21:34:55.677 [info] > git status -z -uall [32ms]
2023-11-20 21:35:00.721 [info] > git config --get commit.template [1ms]
2023-11-20 21:35:00.745 [info] > git for-each-ref --format=%(refname)%00%(upstream:short)%00%(objectname)%00%(upstream:track)%00%(upstream:remotename)%00%(upstream:remoteref) refs/heads/main refs/remotes/main [2ms]
2023-11-20 21:35:00.765 [info] > git status -z -uall [2ms]
