2023-11-27 09:59:47.791 [info] Log level: Info
2023-11-27 09:59:47.791 [info] Validating found git in: "git"
2023-11-27 09:59:47.791 [info] Using git "2.34.1" from "git"
2023-11-27 09:59:47.791 [info] > git rev-parse --show-toplevel [13ms]
2023-11-27 09:59:47.793 [info] > git rev-parse --git-dir --git-common-dir [3ms]
2023-11-27 09:59:47.814 [info] Open repository: /home/seeker/example-app
2023-11-27 09:59:47.868 [info] > git rev-parse --show-toplevel [21ms]
2023-11-27 09:59:47.871 [info] > git config --get commit.template [35ms]
2023-11-27 09:59:47.910 [info] > git rev-parse --show-toplevel [25ms]
2023-11-27 09:59:47.918 [info] > git rev-parse --show-toplevel [2ms]
2023-11-27 09:59:47.928 [info] > git for-each-ref --format=%(refname)%00%(upstream:short)%00%(objectname)%00%(upstream:track)%00%(upstream:remotename)%00%(upstream:remoteref) refs/heads/main refs/remotes/main [26ms]
2023-11-27 09:59:47.944 [info] > git rev-parse --show-toplevel [17ms]
2023-11-27 09:59:47.957 [info] > git status -z -uall [17ms]
2023-11-27 09:59:47.995 [info] > git rev-parse --show-toplevel [40ms]
2023-11-27 09:59:48.009 [info] > git config --get commit.template [25ms]
2023-11-27 09:59:48.042 [info] > git rev-parse --show-toplevel [37ms]
2023-11-27 09:59:48.267 [info] > git rev-parse --show-toplevel [191ms]
2023-11-27 09:59:48.268 [info] > git for-each-ref --format=%(refname)%00%(upstream:short)%00%(objectname)%00%(upstream:track)%00%(upstream:remotename)%00%(upstream:remoteref) refs/heads/main refs/remotes/main [207ms]
2023-11-27 09:59:48.289 [info] > git status -z -uall [15ms]
2023-11-27 09:59:48.296 [info] > git rev-parse --show-toplevel [8ms]
2023-11-27 09:59:48.315 [info] > git rev-parse --show-toplevel [4ms]
2023-11-27 09:59:48.345 [info] > git rev-parse --show-toplevel [3ms]
2023-11-27 09:59:48.390 [info] > git rev-parse --show-toplevel [17ms]
2023-11-27 09:59:48.447 [info] > git check-ignore -v -z --stdin [58ms]
2023-11-27 09:59:48.449 [info] > git rev-parse --show-toplevel [43ms]
2023-11-27 09:59:48.497 [info] > git show --textconv :routes/web.php [39ms]
2023-11-27 09:59:48.499 [info] > git ls-files --stage -- /home/seeker/example-app/routes/web.php [27ms]
2023-11-27 09:59:48.507 [info] > git cat-file -s de064674a46bc81727cebb88a9808e9cc0ab85ee [2ms]
2023-11-27 10:05:09.264 [info] > git check-ignore -v -z --stdin [25ms]
2023-11-27 10:05:11.267 [info] > git check-ignore -v -z --stdin [1ms]
2023-11-27 10:05:13.199 [info] > git check-ignore -v -z --stdin [2ms]
2023-11-27 10:05:16.634 [info] > git ls-files --stage -- /home/seeker/example-app/app/Models/Song.php [1ms]
2023-11-27 10:05:16.638 [info] > git show --textconv :app/Models/Song.php [9ms]
2023-11-27 10:05:16.868 [info] > git check-ignore -v -z --stdin [2ms]
2023-11-27 10:05:20.189 [info] > git check-ignore -v -z --stdin [1ms]
2023-11-27 10:05:26.388 [info] > git ls-files --stage -- /home/seeker/example-app/practicals/song.php [1ms]
2023-11-27 10:05:26.392 [info] > git show --textconv :practicals/song.php [11ms]
2023-11-27 10:05:26.394 [info] > git cat-file -s 1136b11f3d0c882484a3151198c17386bdd8e434 [2ms]
2023-11-27 10:06:55.899 [info] > git config --get commit.template [5ms]
2023-11-27 10:06:55.901 [info] > git for-each-ref --format=%(refname)%00%(upstream:short)%00%(objectname)%00%(upstream:track)%00%(upstream:remotename)%00%(upstream:remoteref) refs/heads/main refs/remotes/main [4ms]
2023-11-27 10:06:55.909 [info] > git status -z -uall [5ms]
2023-11-27 10:07:12.239 [info] > git show --textconv :practicals/Song.php [5ms]
2023-11-27 10:07:12.240 [info] > git ls-files --stage -- /home/seeker/example-app/practicals/Song.php [2ms]
2023-11-27 10:07:12.501 [info] > git check-ignore -v -z --stdin [4ms]
2023-11-27 10:07:13.092 [info] > git config --get commit.template [1ms]
2023-11-27 10:07:13.096 [info] > git for-each-ref --format=%(refname)%00%(upstream:short)%00%(objectname)%00%(upstream:track)%00%(upstream:remotename)%00%(upstream:remoteref) refs/heads/main refs/remotes/main [1ms]
2023-11-27 10:07:13.102 [info] > git status -z -uall [1ms]
2023-11-27 10:07:39.610 [info] > git show --textconv :resources/views/songs.blade.php [4ms]
2023-11-27 10:07:39.610 [info] > git ls-files --stage -- /home/seeker/example-app/resources/views/songs.blade.php [1ms]
2023-11-27 10:07:44.692 [info] > git show --textconv :routes/web.php [5ms]
2023-11-27 10:07:44.693 [info] > git ls-files --stage -- /home/seeker/example-app/routes/web.php [2ms]
2023-11-27 10:07:44.697 [info] > git cat-file -s de064674a46bc81727cebb88a9808e9cc0ab85ee [1ms]
2023-11-27 10:13:24.565 [info] > git config --get commit.template [6ms]
2023-11-27 10:13:24.566 [info] > git for-each-ref --format=%(refname)%00%(upstream:short)%00%(objectname)%00%(upstream:track)%00%(upstream:remotename)%00%(upstream:remoteref) refs/heads/main refs/remotes/main [2ms]
2023-11-27 10:13:24.571 [info] > git status -z -uall [2ms]
2023-11-27 10:13:29.579 [info] > git config --get commit.template [1ms]
2023-11-27 10:13:29.585 [info] > git for-each-ref --format=%(refname)%00%(upstream:short)%00%(objectname)%00%(upstream:track)%00%(upstream:remotename)%00%(upstream:remoteref) refs/heads/main refs/remotes/main [1ms]
2023-11-27 10:13:29.592 [info] > git status -z -uall [2ms]
2023-11-27 10:13:55.246 [info] > git config --get commit.template [5ms]
2023-11-27 10:13:55.247 [info] > git for-each-ref --format=%(refname)%00%(upstream:short)%00%(objectname)%00%(upstream:track)%00%(upstream:remotename)%00%(upstream:remoteref) refs/heads/main refs/remotes/main [1ms]
2023-11-27 10:13:55.252 [info] > git status -z -uall [1ms]
2023-11-27 10:14:27.359 [info] > git check-ignore -v -z --stdin [1ms]
2023-11-27 10:15:16.830 [info] > git config --get commit.template [1ms]
2023-11-27 10:15:16.835 [info] > git for-each-ref --format=%(refname)%00%(upstream:short)%00%(objectname)%00%(upstream:track)%00%(upstream:remotename)%00%(upstream:remoteref) refs/heads/main refs/remotes/main [1ms]
2023-11-27 10:15:16.840 [info] > git status -z -uall [1ms]
2023-11-27 10:15:35.243 [info] > git config --get commit.template [2ms]
2023-11-27 10:15:35.247 [info] > git for-each-ref --format=%(refname)%00%(upstream:short)%00%(objectname)%00%(upstream:track)%00%(upstream:remotename)%00%(upstream:remoteref) refs/heads/main refs/remotes/main [1ms]
2023-11-27 10:15:35.252 [info] > git status -z -uall [1ms]
2023-11-27 10:15:43.796 [info] > git show --textconv :resources/views/songs.blade.php [4ms]
2023-11-27 10:15:43.797 [info] > git ls-files --stage -- /home/seeker/example-app/resources/views/songs.blade.php [1ms]
2023-11-27 10:16:01.409 [info] > git show --textconv :app/Models/Song.php [4ms]
2023-11-27 10:16:01.410 [info] > git ls-files --stage -- /home/seeker/example-app/app/Models/Song.php [2ms]
2023-11-27 10:16:07.689 [info] > git config --get commit.template [1ms]
2023-11-27 10:16:07.695 [info] > git for-each-ref --format=%(refname)%00%(upstream:short)%00%(objectname)%00%(upstream:track)%00%(upstream:remotename)%00%(upstream:remoteref) refs/heads/main refs/remotes/main [0ms]
2023-11-27 10:16:07.700 [info] > git status -z -uall [2ms]
2023-11-27 10:17:26.857 [info] > git config --get commit.template [7ms]
2023-11-27 10:17:26.857 [info] > git for-each-ref --format=%(refname)%00%(upstream:short)%00%(objectname)%00%(upstream:track)%00%(upstream:remotename)%00%(upstream:remoteref) refs/heads/main refs/remotes/main [2ms]
2023-11-27 10:17:26.866 [info] > git status -z -uall [2ms]
2023-11-27 10:17:31.882 [info] > git config --get commit.template [7ms]
2023-11-27 10:17:31.883 [info] > git for-each-ref --format=%(refname)%00%(upstream:short)%00%(objectname)%00%(upstream:track)%00%(upstream:remotename)%00%(upstream:remoteref) refs/heads/main refs/remotes/main [1ms]
2023-11-27 10:17:31.889 [info] > git status -z -uall [3ms]
2023-11-27 10:17:38.488 [info] > git show --textconv :practicals/Song.php [6ms]
2023-11-27 10:17:38.489 [info] > git ls-files --stage -- /home/seeker/example-app/practicals/Song.php [2ms]
2023-11-27 10:17:58.867 [info] > git show --textconv :routes/web.php [4ms]
2023-11-27 10:17:58.867 [info] > git ls-files --stage -- /home/seeker/example-app/routes/web.php [1ms]
2023-11-27 10:17:58.872 [info] > git cat-file -s de064674a46bc81727cebb88a9808e9cc0ab85ee [1ms]
2023-11-27 10:20:30.678 [info] > git show --textconv :resources/views/songs.blade.php [5ms]
2023-11-27 10:20:30.679 [info] > git ls-files --stage -- /home/seeker/example-app/resources/views/songs.blade.php [2ms]
2023-11-27 10:20:51.743 [info] > git show --textconv :resources/views/Songs.blade.php [5ms]
2023-11-27 10:20:51.743 [info] > git ls-files --stage -- /home/seeker/example-app/resources/views/Songs.blade.php [1ms]
2023-11-27 10:20:52.015 [info] > git check-ignore -v -z --stdin [4ms]
2023-11-27 10:20:52.570 [info] > git config --get commit.template [0ms]
2023-11-27 10:20:52.576 [info] > git for-each-ref --format=%(refname)%00%(upstream:short)%00%(objectname)%00%(upstream:track)%00%(upstream:remotename)%00%(upstream:remoteref) refs/heads/main refs/remotes/main [1ms]
2023-11-27 10:20:52.581 [info] > git status -z -uall [1ms]
2023-11-27 10:21:51.153 [info] > git config --get commit.template [1ms]
2023-11-27 10:21:51.158 [info] > git for-each-ref --format=%(refname)%00%(upstream:short)%00%(objectname)%00%(upstream:track)%00%(upstream:remotename)%00%(upstream:remoteref) refs/heads/main refs/remotes/main [1ms]
2023-11-27 10:21:51.163 [info] > git status -z -uall [1ms]
2023-11-27 10:21:56.066 [info] > git show --textconv :routes/web.php [5ms]
2023-11-27 10:21:56.067 [info] > git ls-files --stage -- /home/seeker/example-app/routes/web.php [1ms]
2023-11-27 10:21:56.071 [info] > git cat-file -s de064674a46bc81727cebb88a9808e9cc0ab85ee [0ms]
2023-11-27 10:23:05.697 [info] > git config --get commit.template [5ms]
2023-11-27 10:23:05.697 [info] > git for-each-ref --format=%(refname)%00%(upstream:short)%00%(objectname)%00%(upstream:track)%00%(upstream:remotename)%00%(upstream:remoteref) refs/heads/main refs/remotes/main [1ms]
2023-11-27 10:23:05.703 [info] > git status -z -uall [2ms]
2023-11-27 10:23:27.563 [info] > git show --textconv :tests/Feature/SongsTest.php [5ms]
2023-11-27 10:23:27.564 [info] > git ls-files --stage -- /home/seeker/example-app/tests/Feature/SongsTest.php [2ms]
2023-11-27 10:24:23.425 [info] > git show --textconv :practicals/Song.php [4ms]
2023-11-27 10:24:23.426 [info] > git ls-files --stage -- /home/seeker/example-app/practicals/Song.php [1ms]
2023-11-27 10:24:41.438 [info] > git config --get commit.template [1ms]
2023-11-27 10:24:41.444 [info] > git for-each-ref --format=%(refname)%00%(upstream:short)%00%(objectname)%00%(upstream:track)%00%(upstream:remotename)%00%(upstream:remoteref) refs/heads/main refs/remotes/main [1ms]
2023-11-27 10:24:41.451 [info] > git status -z -uall [2ms]
2023-11-27 10:24:52.311 [info] > git show --textconv :resources/views/Songs.blade.php [5ms]
2023-11-27 10:24:52.312 [info] > git ls-files --stage -- /home/seeker/example-app/resources/views/Songs.blade.php [3ms]
2023-11-27 10:25:02.252 [info] > git show --textconv :routes/web.php [4ms]
2023-11-27 10:25:02.253 [info] > git ls-files --stage -- /home/seeker/example-app/routes/web.php [1ms]
2023-11-27 10:25:02.258 [info] > git cat-file -s de064674a46bc81727cebb88a9808e9cc0ab85ee [0ms]
2023-11-27 10:25:19.862 [info] > git config --get commit.template [2ms]
2023-11-27 10:25:19.868 [info] > git for-each-ref --format=%(refname)%00%(upstream:short)%00%(objectname)%00%(upstream:track)%00%(upstream:remotename)%00%(upstream:remoteref) refs/heads/main refs/remotes/main [1ms]
2023-11-27 10:25:19.872 [info] > git status -z -uall [1ms]
2023-11-27 10:25:24.889 [info] > git config --get commit.template [1ms]
2023-11-27 10:25:24.894 [info] > git for-each-ref --format=%(refname)%00%(upstream:short)%00%(objectname)%00%(upstream:track)%00%(upstream:remotename)%00%(upstream:remoteref) refs/heads/main refs/remotes/main [1ms]
2023-11-27 10:25:24.898 [info] > git status -z -uall [1ms]
2023-11-27 10:25:43.254 [info] > git config --get commit.template [6ms]
2023-11-27 10:25:43.255 [info] > git for-each-ref --format=%(refname)%00%(upstream:short)%00%(objectname)%00%(upstream:track)%00%(upstream:remotename)%00%(upstream:remoteref) refs/heads/main refs/remotes/main [1ms]
2023-11-27 10:25:43.260 [info] > git status -z -uall [2ms]
2023-11-27 10:25:48.272 [info] > git config --get commit.template [1ms]
2023-11-27 10:25:48.277 [info] > git for-each-ref --format=%(refname)%00%(upstream:short)%00%(objectname)%00%(upstream:track)%00%(upstream:remotename)%00%(upstream:remoteref) refs/heads/main refs/remotes/main [1ms]
2023-11-27 10:25:48.282 [info] > git status -z -uall [1ms]
2023-11-27 10:25:52.470 [info] > git show --textconv :tests/Feature/SongsTest.php [4ms]
2023-11-27 10:25:52.471 [info] > git ls-files --stage -- /home/seeker/example-app/tests/Feature/SongsTest.php [1ms]
2023-11-27 10:27:58.008 [info] > git show --textconv :app/Models/Song.php [6ms]
2023-11-27 10:27:58.009 [info] > git ls-files --stage -- /home/seeker/example-app/app/Models/Song.php [2ms]
2023-11-27 10:28:07.803 [info] > git show --textconv :tests/Feature/SongsTest.php [4ms]
2023-11-27 10:28:07.804 [info] > git ls-files --stage -- /home/seeker/example-app/tests/Feature/SongsTest.php [1ms]
2023-11-27 10:28:08.153 [info] > git check-ignore -v -z --stdin [1ms]
2023-11-27 10:28:18.980 [info] > git config --get commit.template [1ms]
2023-11-27 10:28:18.984 [info] > git for-each-ref --format=%(refname)%00%(upstream:short)%00%(objectname)%00%(upstream:track)%00%(upstream:remotename)%00%(upstream:remoteref) refs/heads/main refs/remotes/main [1ms]
2023-11-27 10:28:18.989 [info] > git status -z -uall [1ms]
2023-11-27 10:29:23.847 [info] > git show --textconv :practicals/Song.php [6ms]
2023-11-27 10:29:23.847 [info] > git ls-files --stage -- /home/seeker/example-app/practicals/Song.php [1ms]
2023-11-27 10:30:10.882 [info] > git show --textconv :practicals/factorial.php [4ms]
2023-11-27 10:30:10.883 [info] > git ls-files --stage -- /home/seeker/example-app/practicals/factorial.php [1ms]
2023-11-27 10:30:10.888 [info] > git cat-file -s 1e5cf31b09862df9b3844d2454cde104fc39996c [1ms]
2023-11-27 10:30:16.578 [info] > git show --textconv :practicals/Song.php [4ms]
2023-11-27 10:30:16.579 [info] > git ls-files --stage -- /home/seeker/example-app/practicals/Song.php [1ms]
2023-11-27 10:30:34.291 [info] > git config --get commit.template [0ms]
2023-11-27 10:30:34.296 [info] > git for-each-ref --format=%(refname)%00%(upstream:short)%00%(objectname)%00%(upstream:track)%00%(upstream:remotename)%00%(upstream:remoteref) refs/heads/main refs/remotes/main [1ms]
2023-11-27 10:30:34.301 [info] > git status -z -uall [2ms]
2023-11-27 10:30:51.376 [info] > git show --textconv :tests/Feature/SongsTest.php [5ms]
2023-11-27 10:30:51.377 [info] > git ls-files --stage -- /home/seeker/example-app/tests/Feature/SongsTest.php [1ms]
2023-11-27 10:31:05.779 [info] > git config --get commit.template [1ms]
2023-11-27 10:31:05.783 [info] > git for-each-ref --format=%(refname)%00%(upstream:short)%00%(objectname)%00%(upstream:track)%00%(upstream:remotename)%00%(upstream:remoteref) refs/heads/main refs/remotes/main [1ms]
2023-11-27 10:31:05.788 [info] > git status -z -uall [2ms]
2023-11-27 10:31:51.962 [info] > git config --get commit.template [0ms]
2023-11-27 10:31:51.968 [info] > git for-each-ref --format=%(refname)%00%(upstream:short)%00%(objectname)%00%(upstream:track)%00%(upstream:remotename)%00%(upstream:remoteref) refs/heads/main refs/remotes/main [1ms]
2023-11-27 10:31:51.973 [info] > git status -z -uall [2ms]
2023-11-27 10:32:12.069 [info] > git show --textconv :practicals/Song.php [5ms]
2023-11-27 10:32:12.070 [info] > git ls-files --stage -- /home/seeker/example-app/practicals/Song.php [1ms]
2023-11-27 10:32:23.664 [info] > git show --textconv :resources/views/Songs.blade.php [8ms]
2023-11-27 10:32:23.665 [info] > git ls-files --stage -- /home/seeker/example-app/resources/views/Songs.blade.php [1ms]
2023-11-27 10:32:56.028 [info] > git config --get commit.template [2ms]
2023-11-27 10:32:56.032 [info] > git for-each-ref --format=%(refname)%00%(upstream:short)%00%(objectname)%00%(upstream:track)%00%(upstream:remotename)%00%(upstream:remoteref) refs/heads/main refs/remotes/main [1ms]
2023-11-27 10:32:56.037 [info] > git status -z -uall [2ms]
2023-11-27 10:36:29.385 [info] > git config --get commit.template [1ms]
2023-11-27 10:36:29.390 [info] > git for-each-ref --format=%(refname)%00%(upstream:short)%00%(objectname)%00%(upstream:track)%00%(upstream:remotename)%00%(upstream:remoteref) refs/heads/main refs/remotes/main [1ms]
2023-11-27 10:36:29.394 [info] > git status -z -uall [1ms]
2023-11-27 10:37:09.560 [info] > git show --textconv :resources/views/songs.blade.php [6ms]
2023-11-27 10:37:09.561 [info] > git ls-files --stage -- /home/seeker/example-app/resources/views/songs.blade.php [2ms]
2023-11-27 10:37:10.401 [info] > git config --get commit.template [8ms]
2023-11-27 10:37:10.402 [info] > git for-each-ref --format=%(refname)%00%(upstream:short)%00%(objectname)%00%(upstream:track)%00%(upstream:remotename)%00%(upstream:remoteref) refs/heads/main refs/remotes/main [1ms]
2023-11-27 10:37:10.416 [info] > git status -z -uall [2ms]
2023-11-27 10:37:18.977 [info] > git check-ignore -v -z --stdin [1ms]
2023-11-27 10:37:29.010 [info] > git show --textconv :routes/web.php [6ms]
2023-11-27 10:37:29.010 [info] > git ls-files --stage -- /home/seeker/example-app/routes/web.php [2ms]
2023-11-27 10:37:29.015 [info] > git cat-file -s de064674a46bc81727cebb88a9808e9cc0ab85ee [1ms]
2023-11-27 10:39:12.806 [info] > git config --get commit.template [1ms]
2023-11-27 10:39:12.811 [info] > git for-each-ref --format=%(refname)%00%(upstream:short)%00%(objectname)%00%(upstream:track)%00%(upstream:remotename)%00%(upstream:remoteref) refs/heads/main refs/remotes/main [1ms]
2023-11-27 10:39:12.816 [info] > git status -z -uall [1ms]
2023-11-27 10:39:27.391 [info] > git config --get commit.template [7ms]
2023-11-27 10:39:27.391 [info] > git for-each-ref --format=%(refname)%00%(upstream:short)%00%(objectname)%00%(upstream:track)%00%(upstream:remotename)%00%(upstream:remoteref) refs/heads/main refs/remotes/main [1ms]
2023-11-27 10:39:27.396 [info] > git status -z -uall [1ms]
2023-11-27 10:40:12.822 [info] > git show --textconv :practicals/Song.php [5ms]
2023-11-27 10:40:12.823 [info] > git ls-files --stage -- /home/seeker/example-app/practicals/Song.php [1ms]
2023-11-27 10:40:15.697 [info] > git config --get commit.template [1ms]
2023-11-27 10:40:15.702 [info] > git for-each-ref --format=%(refname)%00%(upstream:short)%00%(objectname)%00%(upstream:track)%00%(upstream:remotename)%00%(upstream:remoteref) refs/heads/main refs/remotes/main [0ms]
2023-11-27 10:40:15.708 [info] > git status -z -uall [1ms]
2023-11-27 10:40:16.939 [info] > git show --textconv :routes/web.php [4ms]
2023-11-27 10:40:16.939 [info] > git ls-files --stage -- /home/seeker/example-app/routes/web.php [1ms]
2023-11-27 10:40:16.944 [info] > git cat-file -s de064674a46bc81727cebb88a9808e9cc0ab85ee [1ms]
2023-11-27 10:40:20.385 [info] > git show --textconv :resources/views/songs.blade.php [6ms]
2023-11-27 10:40:20.386 [info] > git ls-files --stage -- /home/seeker/example-app/resources/views/songs.blade.php [2ms]
2023-11-27 10:40:20.721 [info] > git config --get commit.template [3ms]
2023-11-27 10:40:20.725 [info] > git for-each-ref --format=%(refname)%00%(upstream:short)%00%(objectname)%00%(upstream:track)%00%(upstream:remotename)%00%(upstream:remoteref) refs/heads/main refs/remotes/main [1ms]
2023-11-27 10:40:20.729 [info] > git status -z -uall [1ms]
2023-11-27 10:40:27.578 [info] > git config --get commit.template [1ms]
2023-11-27 10:40:27.582 [info] > git for-each-ref --format=%(refname)%00%(upstream:short)%00%(objectname)%00%(upstream:track)%00%(upstream:remotename)%00%(upstream:remoteref) refs/heads/main refs/remotes/main [1ms]
2023-11-27 10:40:27.586 [info] > git status -z -uall [1ms]
2023-11-27 10:40:37.039 [info] > git show --textconv :tests/Feature/SongsTest.php [4ms]
2023-11-27 10:40:37.040 [info] > git ls-files --stage -- /home/seeker/example-app/tests/Feature/SongsTest.php [2ms]
2023-11-27 10:40:40.307 [info] > git config --get commit.template [1ms]
2023-11-27 10:40:40.312 [info] > git for-each-ref --format=%(refname)%00%(upstream:short)%00%(objectname)%00%(upstream:track)%00%(upstream:remotename)%00%(upstream:remoteref) refs/heads/main refs/remotes/main [1ms]
2023-11-27 10:40:40.317 [info] > git status -z -uall [2ms]
2023-11-27 10:44:00.075 [info] > git config --get commit.template [14ms]
2023-11-27 10:44:00.076 [info] > git for-each-ref --format=%(refname)%00%(upstream:short)%00%(objectname)%00%(upstream:track)%00%(upstream:remotename)%00%(upstream:remoteref) refs/heads/main refs/remotes/main [3ms]
2023-11-27 10:44:00.087 [info] > git status -z -uall [2ms]
2023-11-27 10:44:05.099 [info] > git config --get commit.template [1ms]
2023-11-27 10:44:05.106 [info] > git for-each-ref --format=%(refname)%00%(upstream:short)%00%(objectname)%00%(upstream:track)%00%(upstream:remotename)%00%(upstream:remoteref) refs/heads/main refs/remotes/main [2ms]
2023-11-27 10:44:05.112 [info] > git status -z -uall [1ms]
2023-11-27 10:44:38.491 [info] > git show --textconv :practicals/Song.php [5ms]
2023-11-27 10:44:38.492 [info] > git ls-files --stage -- /home/seeker/example-app/practicals/Song.php [2ms]
2023-11-27 10:45:12.511 [info] > git show --textconv :routes/web.php [4ms]
2023-11-27 10:45:12.512 [info] > git ls-files --stage -- /home/seeker/example-app/routes/web.php [1ms]
2023-11-27 10:45:12.516 [info] > git cat-file -s de064674a46bc81727cebb88a9808e9cc0ab85ee [1ms]
2023-11-27 10:46:59.226 [info] > git show --textconv :tests/Feature/SongsTest.php [4ms]
2023-11-27 10:46:59.226 [info] > git ls-files --stage -- /home/seeker/example-app/tests/Feature/SongsTest.php [1ms]
2023-11-27 10:48:25.627 [info] > git for-each-ref --format=%(refname)%00%(upstream:short)%00%(objectname)%00%(upstream:track)%00%(upstream:remotename)%00%(upstream:remoteref) refs/heads/main refs/remotes/main [3ms]
2023-11-27 10:48:25.628 [info] > git config --get commit.template [10ms]
2023-11-27 10:48:25.637 [info] > git status -z -uall [2ms]
2023-11-27 10:48:28.210 [info] > git show --textconv :practicals/Song.php [5ms]
2023-11-27 10:48:28.211 [info] > git ls-files --stage -- /home/seeker/example-app/practicals/Song.php [2ms]
2023-11-27 10:48:41.239 [info] > git config --get commit.template [0ms]
2023-11-27 10:48:41.244 [info] > git for-each-ref --format=%(refname)%00%(upstream:short)%00%(objectname)%00%(upstream:track)%00%(upstream:remotename)%00%(upstream:remoteref) refs/heads/main refs/remotes/main [1ms]
2023-11-27 10:48:41.249 [info] > git status -z -uall [2ms]
2023-11-27 10:49:28.001 [info] > git config --get commit.template [9ms]
2023-11-27 10:49:28.004 [info] > git for-each-ref --format=%(refname)%00%(upstream:short)%00%(objectname)%00%(upstream:track)%00%(upstream:remotename)%00%(upstream:remoteref) refs/heads/main refs/remotes/main [4ms]
2023-11-27 10:49:28.013 [info] > git status -z -uall [2ms]
2023-11-28 21:48:29.675 [info] > git config --get commit.template [23ms]
2023-11-28 21:48:29.678 [info] > git for-each-ref --format=%(refname)%00%(upstream:short)%00%(objectname)%00%(upstream:track)%00%(upstream:remotename)%00%(upstream:remoteref) refs/heads/main refs/remotes/main [15ms]
2023-11-28 21:48:29.712 [info] > git status -z -uall [14ms]
2023-11-29 11:34:42.339 [info] > git config --get commit.template [15ms]
2023-11-29 11:34:42.340 [info] > git for-each-ref --format=%(refname)%00%(upstream:short)%00%(objectname)%00%(upstream:track)%00%(upstream:remotename)%00%(upstream:remoteref) refs/heads/main refs/remotes/main [6ms]
2023-11-29 11:34:42.374 [info] > git status -z -uall [6ms]
2023-11-29 11:35:09.988 [info] > git show --textconv :tests/Feature/SongsTest.php [9ms]
2023-11-29 11:35:09.989 [info] > git ls-files --stage -- /home/seeker/example-app/tests/Feature/SongsTest.php [4ms]
2023-11-29 11:35:16.958 [info] > git show --textconv :practicals/Song.php [5ms]
2023-11-29 11:35:16.959 [info] > git ls-files --stage -- /home/seeker/example-app/practicals/Song.php [1ms]
2023-11-29 11:35:51.438 [info] > git config --get commit.template [2ms]
2023-11-29 11:35:51.446 [info] > git for-each-ref --format=%(refname)%00%(upstream:short)%00%(objectname)%00%(upstream:track)%00%(upstream:remotename)%00%(upstream:remoteref) refs/heads/main refs/remotes/main [1ms]
2023-11-29 11:35:51.460 [info] > git status -z -uall [2ms]
2023-11-29 11:36:23.913 [info] > git show --textconv :routes/api.php [7ms]
2023-11-29 11:36:23.913 [info] > git ls-files --stage -- /home/seeker/example-app/routes/api.php [1ms]
2023-11-29 11:36:23.920 [info] > git cat-file -s 889937e11a55065725869401d22252f888029c2f [1ms]
2023-11-29 11:36:30.359 [info] > git show --textconv :routes/web.php [7ms]
2023-11-29 11:36:30.360 [info] > git ls-files --stage -- /home/seeker/example-app/routes/web.php [2ms]
2023-11-29 11:36:30.373 [info] > git cat-file -s de064674a46bc81727cebb88a9808e9cc0ab85ee [1ms]
2023-11-29 11:36:41.678 [info] > git show --textconv :practicals/Song.php [6ms]
2023-11-29 11:36:41.679 [info] > git ls-files --stage -- /home/seeker/example-app/practicals/Song.php [2ms]
2023-11-29 11:36:46.273 [info] > git config --get commit.template [1ms]
2023-11-29 11:36:46.278 [info] > git for-each-ref --format=%(refname)%00%(upstream:short)%00%(objectname)%00%(upstream:track)%00%(upstream:remotename)%00%(upstream:remoteref) refs/heads/main refs/remotes/main [1ms]
2023-11-29 11:36:46.285 [info] > git status -z -uall [2ms]
2023-11-29 11:37:17.892 [info] > git show --textconv :routes/web.php [5ms]
2023-11-29 11:37:17.893 [info] > git ls-files --stage -- /home/seeker/example-app/routes/web.php [2ms]
2023-11-29 11:37:17.898 [info] > git cat-file -s de064674a46bc81727cebb88a9808e9cc0ab85ee [1ms]
2023-11-29 11:38:33.158 [info] > git config --get commit.template [1ms]
2023-11-29 11:38:33.164 [info] > git for-each-ref --format=%(refname)%00%(upstream:short)%00%(objectname)%00%(upstream:track)%00%(upstream:remotename)%00%(upstream:remoteref) refs/heads/main refs/remotes/main [0ms]
2023-11-29 11:38:33.169 [info] > git status -z -uall [1ms]
2023-11-29 11:38:38.184 [info] > git config --get commit.template [1ms]
2023-11-29 11:38:38.192 [info] > git for-each-ref --format=%(refname)%00%(upstream:short)%00%(objectname)%00%(upstream:track)%00%(upstream:remotename)%00%(upstream:remoteref) refs/heads/main refs/remotes/main [2ms]
2023-11-29 11:38:38.202 [info] > git status -z -uall [2ms]
2023-11-29 11:38:43.610 [info] > git config --get commit.template [1ms]
2023-11-29 11:38:43.615 [info] > git for-each-ref --format=%(refname)%00%(upstream:short)%00%(objectname)%00%(upstream:track)%00%(upstream:remotename)%00%(upstream:remoteref) refs/heads/main refs/remotes/main [1ms]
2023-11-29 11:38:43.620 [info] > git status -z -uall [1ms]
2023-11-29 11:39:53.087 [info] > git show --textconv :app/Models/Song.php [4ms]
2023-11-29 11:39:53.088 [info] > git ls-files --stage -- /home/seeker/example-app/app/Models/Song.php [1ms]
2023-11-29 11:40:28.361 [info] > git show --textconv :docker-compose.yml [6ms]
2023-11-29 11:40:28.362 [info] > git ls-files --stage -- /home/seeker/example-app/docker-compose.yml [2ms]
2023-11-29 11:40:28.369 [info] > git cat-file -s fea7dc94a5f3faed116c96744388d1530895d7e9 [1ms]
2023-11-29 11:40:33.225 [info] > git show --textconv :helloworld.php [6ms]
2023-11-29 11:40:33.226 [info] > git ls-files --stage -- /home/seeker/example-app/helloworld.php [2ms]
2023-11-29 11:40:33.231 [info] > git cat-file -s 0cfa9c3c6ed2040e9bbb1b91e2ce0bb1cba0312b [1ms]
2023-11-29 11:40:53.989 [info] > git show --textconv :practicals/Song.php [6ms]
2023-11-29 11:40:53.990 [info] > git ls-files --stage -- /home/seeker/example-app/practicals/Song.php [2ms]
2023-11-29 11:41:01.966 [info] > git show --textconv :tests/Feature/SongsTest.php [5ms]
2023-11-29 11:41:01.967 [info] > git ls-files --stage -- /home/seeker/example-app/tests/Feature/SongsTest.php [2ms]
2023-11-29 11:41:14.872 [info] > git show --textconv :resources/views/songs.blade.php [8ms]
2023-11-29 11:41:14.875 [info] > git ls-files --stage -- /home/seeker/example-app/resources/views/songs.blade.php [6ms]
2023-11-29 11:41:19.978 [info] > git show --textconv :app/Models/Song.php [6ms]
2023-11-29 11:41:19.978 [info] > git ls-files --stage -- /home/seeker/example-app/app/Models/Song.php [1ms]
2023-11-29 11:41:26.059 [info] > git show --textconv :practicals/Song.php [6ms]
2023-11-29 11:41:26.060 [info] > git ls-files --stage -- /home/seeker/example-app/practicals/Song.php [1ms]
2023-11-29 11:41:40.340 [info] > git show --textconv :routes/web.php [6ms]
2023-11-29 11:41:40.340 [info] > git ls-files --stage -- /home/seeker/example-app/routes/web.php [1ms]
2023-11-29 11:41:40.350 [info] > git cat-file -s de064674a46bc81727cebb88a9808e9cc0ab85ee [0ms]
2023-11-29 11:42:03.202 [info] > git config --get commit.template [1ms]
2023-11-29 11:42:03.207 [info] > git for-each-ref --format=%(refname)%00%(upstream:short)%00%(objectname)%00%(upstream:track)%00%(upstream:remotename)%00%(upstream:remoteref) refs/heads/main refs/remotes/main [1ms]
2023-11-29 11:42:03.214 [info] > git status -z -uall [1ms]
2023-11-29 11:48:54.274 [info] > git config --get commit.template [1ms]
2023-11-29 11:48:54.282 [info] > git for-each-ref --format=%(refname)%00%(upstream:short)%00%(objectname)%00%(upstream:track)%00%(upstream:remotename)%00%(upstream:remoteref) refs/heads/main refs/remotes/main [1ms]
2023-11-29 11:48:54.291 [info] > git status -z -uall [3ms]
2023-11-29 11:49:10.205 [info] > git show --textconv :practicals/Song.php [5ms]
2023-11-29 11:49:10.206 [info] > git ls-files --stage -- /home/seeker/example-app/practicals/Song.php [1ms]
2023-11-29 11:55:04.764 [info] > git show --textconv :routes/web.php [6ms]
2023-11-29 11:55:04.765 [info] > git ls-files --stage -- /home/seeker/example-app/routes/web.php [1ms]
2023-11-29 11:55:04.771 [info] > git cat-file -s de064674a46bc81727cebb88a9808e9cc0ab85ee [1ms]
