2023-12-01 12:14:47.253 [info] Log level: Info
2023-12-01 12:14:47.253 [info] Validating found git in: "git"
2023-12-01 12:14:47.253 [info] Using git "2.34.1" from "git"
2023-12-01 12:14:47.253 [info] > git rev-parse --show-toplevel [144ms]
2023-12-01 12:14:47.253 [info] > git rev-parse --git-dir --git-common-dir [14ms]
2023-12-01 12:14:47.253 [info] Open repository: /home/seeker/example-app
2023-12-01 12:14:47.253 [info] > git config --get commit.template [13ms]
2023-12-01 12:14:47.256 [info] > git rev-parse --show-toplevel [10ms]
2023-12-01 12:14:47.293 [info] > git for-each-ref --format=%(refname)%00%(upstream:short)%00%(objectname)%00%(upstream:track)%00%(upstream:remotename)%00%(upstream:remoteref) refs/heads/main refs/remotes/main [22ms]
2023-12-01 12:14:47.311 [info] > git rev-parse --show-toplevel [31ms]
2023-12-01 12:14:47.328 [info] > git status -z -uall [21ms]
2023-12-01 12:14:47.371 [info] > git rev-parse --show-toplevel [43ms]
2023-12-01 12:14:47.379 [info] > git config --get commit.template [10ms]
2023-12-01 12:14:47.380 [info] > git rev-parse --show-toplevel [2ms]
2023-12-01 12:14:47.395 [info] > git for-each-ref --format=%(refname)%00%(upstream:short)%00%(objectname)%00%(upstream:track)%00%(upstream:remotename)%00%(upstream:remoteref) refs/heads/main refs/remotes/main [8ms]
2023-12-01 12:14:47.411 [info] > git rev-parse --show-toplevel [17ms]
2023-12-01 12:14:47.422 [info] > git status -z -uall [17ms]
2023-12-01 12:14:47.439 [info] > git rev-parse --show-toplevel [21ms]
2023-12-01 12:14:47.455 [info] > git rev-parse --show-toplevel [5ms]
2023-12-01 12:14:47.478 [info] > git rev-parse --show-toplevel [3ms]
2023-12-01 12:14:47.494 [info] > git rev-parse --show-toplevel [3ms]
2023-12-01 12:14:47.505 [info] > git rev-parse --show-toplevel [3ms]
2023-12-01 12:14:47.518 [info] > git rev-parse --show-toplevel [1ms]
2023-12-01 12:14:47.692 [info] > git rev-parse --show-toplevel [161ms]
2023-12-01 12:14:47.784 [info] > git show --textconv :routes/web.php [12ms]
2023-12-01 12:14:47.784 [info] > git ls-files --stage -- /home/seeker/example-app/routes/web.php [2ms]
2023-12-01 12:14:47.801 [info] > git cat-file -s de064674a46bc81727cebb88a9808e9cc0ab85ee [11ms]
2023-12-01 12:14:47.802 [info] > git check-ignore -v -z --stdin [2ms]
2023-12-01 12:16:44.593 [info] > git config --get commit.template [12ms]
2023-12-01 12:16:44.594 [info] > git for-each-ref --format=%(refname)%00%(upstream:short)%00%(objectname)%00%(upstream:track)%00%(upstream:remotename)%00%(upstream:remoteref) refs/heads/main refs/remotes/main [3ms]
2023-12-01 12:16:44.601 [info] > git status -z -uall [2ms]
2023-12-01 12:16:48.902 [info] > git check-ignore -v -z --stdin [1ms]
2023-12-01 12:16:50.349 [info] > git check-ignore -v -z --stdin [1ms]
2023-12-01 12:16:54.643 [info] > git show --textconv :practicals/Song.php [7ms]
2023-12-01 12:16:54.645 [info] > git ls-files --stage -- /home/seeker/example-app/practicals/Song.php [3ms]
2023-12-01 12:17:20.045 [info] > git show --textconv :app/Models/Song.php [4ms]
2023-12-01 12:17:20.047 [info] > git ls-files --stage -- /home/seeker/example-app/app/Models/Song.php [3ms]
2023-12-01 12:17:20.406 [info] > git check-ignore -v -z --stdin [3ms]
2023-12-01 12:17:22.088 [info] > git show --textconv :practicals/Song.php [6ms]
2023-12-01 12:17:22.090 [info] > git ls-files --stage -- /home/seeker/example-app/practicals/Song.php [3ms]
2023-12-01 12:18:02.156 [info] > git config --get commit.template [5ms]
2023-12-01 12:18:02.156 [info] > git for-each-ref --format=%(refname)%00%(upstream:short)%00%(objectname)%00%(upstream:track)%00%(upstream:remotename)%00%(upstream:remoteref) refs/heads/main refs/remotes/main [2ms]
2023-12-01 12:18:02.162 [info] > git status -z -uall [2ms]
2023-12-01 12:18:16.446 [info] > git config --get commit.template [2ms]
2023-12-01 12:18:16.457 [info] > git for-each-ref --format=%(refname)%00%(upstream:short)%00%(objectname)%00%(upstream:track)%00%(upstream:remotename)%00%(upstream:remoteref) refs/heads/main refs/remotes/main [3ms]
2023-12-01 12:18:16.467 [info] > git status -z -uall [2ms]
2023-12-01 12:19:50.563 [info] > git show --textconv :routes/web.php [10ms]
2023-12-01 12:19:50.566 [info] > git ls-files --stage -- /home/seeker/example-app/routes/web.php [3ms]
2023-12-01 12:19:50.577 [info] > git cat-file -s de064674a46bc81727cebb88a9808e9cc0ab85ee [3ms]
2023-12-01 12:19:50.951 [info] > git check-ignore -v -z --stdin [2ms]
2023-12-01 12:21:01.777 [info] > git show --textconv :tests/Feature/SongsTest.php [6ms]
2023-12-01 12:21:01.779 [info] > git ls-files --stage -- /home/seeker/example-app/tests/Feature/SongsTest.php [4ms]
2023-12-01 12:21:13.047 [info] > git show --textconv :resources/views/songs.blade.php [5ms]
2023-12-01 12:21:13.049 [info] > git ls-files --stage -- /home/seeker/example-app/resources/views/songs.blade.php [3ms]
2023-12-01 12:21:17.497 [info] > git show --textconv :app/Models/Song.php [8ms]
2023-12-01 12:21:17.499 [info] > git ls-files --stage -- /home/seeker/example-app/app/Models/Song.php [3ms]
2023-12-01 12:21:24.379 [info] > git show --textconv :routes/web.php [8ms]
2023-12-01 12:21:24.380 [info] > git ls-files --stage -- /home/seeker/example-app/routes/web.php [3ms]
2023-12-01 12:21:24.385 [info] > git cat-file -s de064674a46bc81727cebb88a9808e9cc0ab85ee [1ms]
2023-12-01 12:21:29.399 [info] > git show --textconv :app/Models/Song.php [7ms]
2023-12-01 12:21:29.401 [info] > git ls-files --stage -- /home/seeker/example-app/app/Models/Song.php [3ms]
2023-12-01 12:21:46.418 [info] > git show --textconv :practicals/Song.php [5ms]
2023-12-01 12:21:46.419 [info] > git ls-files --stage -- /home/seeker/example-app/practicals/Song.php [2ms]
2023-12-01 12:22:06.763 [info] > git show --textconv :routes/web.php [11ms]
2023-12-01 12:22:06.764 [info] > git config --get commit.template [2ms]
2023-12-01 12:22:06.764 [info] > git ls-files --stage -- /home/seeker/example-app/routes/web.php [6ms]
2023-12-01 12:22:06.770 [info] > git cat-file -s de064674a46bc81727cebb88a9808e9cc0ab85ee [1ms]
2023-12-01 12:22:06.778 [info] > git for-each-ref --format=%(refname)%00%(upstream:short)%00%(objectname)%00%(upstream:track)%00%(upstream:remotename)%00%(upstream:remoteref) refs/heads/main refs/remotes/main [1ms]
2023-12-01 12:22:06.786 [info] > git status -z -uall [3ms]
2023-12-01 12:22:16.336 [info] > git show --textconv :practicals/Song.php [6ms]
2023-12-01 12:22:16.338 [info] > git ls-files --stage -- /home/seeker/example-app/practicals/Song.php [2ms]
2023-12-01 12:22:20.873 [info] > git show --textconv :routes/web.php [9ms]
2023-12-01 12:22:20.874 [info] > git ls-files --stage -- /home/seeker/example-app/routes/web.php [3ms]
2023-12-01 12:22:20.880 [info] > git cat-file -s de064674a46bc81727cebb88a9808e9cc0ab85ee [1ms]
2023-12-01 12:22:50.719 [info] > git config --get commit.template [1ms]
2023-12-01 12:22:50.729 [info] > git for-each-ref --format=%(refname)%00%(upstream:short)%00%(objectname)%00%(upstream:track)%00%(upstream:remotename)%00%(upstream:remoteref) refs/heads/main refs/remotes/main [2ms]
2023-12-01 12:22:50.736 [info] > git status -z -uall [2ms]
2023-12-01 12:23:04.379 [info] > git config --get commit.template [2ms]
2023-12-01 12:23:04.385 [info] > git for-each-ref --format=%(refname)%00%(upstream:short)%00%(objectname)%00%(upstream:track)%00%(upstream:remotename)%00%(upstream:remoteref) refs/heads/main refs/remotes/main [1ms]
2023-12-01 12:23:04.391 [info] > git status -z -uall [2ms]
2023-12-01 12:23:10.295 [info] > git config --get commit.template [12ms]
2023-12-01 12:23:10.297 [info] > git for-each-ref --format=%(refname)%00%(upstream:short)%00%(objectname)%00%(upstream:track)%00%(upstream:remotename)%00%(upstream:remoteref) refs/heads/main refs/remotes/main [3ms]
2023-12-01 12:23:10.304 [info] > git status -z -uall [2ms]
2023-12-01 12:23:13.286 [info] > git check-ignore -v -z --stdin [2ms]
2023-12-01 12:23:16.967 [info] > git show --textconv :composer.json [6ms]
2023-12-01 12:23:16.968 [info] > git ls-files --stage -- /home/seeker/example-app/composer.json [2ms]
2023-12-01 12:23:16.976 [info] > git cat-file -s 8a3d72d422b80a197e628cbe436a0afedcdad183 [2ms]
2023-12-01 12:29:30.984 [info] > git config --get commit.template [9ms]
2023-12-01 12:29:30.985 [info] > git for-each-ref --format=%(refname)%00%(upstream:short)%00%(objectname)%00%(upstream:track)%00%(upstream:remotename)%00%(upstream:remoteref) refs/heads/main refs/remotes/main [3ms]
2023-12-01 12:29:30.995 [info] > git status -z -uall [3ms]
2023-12-01 12:29:45.719 [info] > git config --get commit.template [7ms]
2023-12-01 12:29:45.719 [info] > git for-each-ref --format=%(refname)%00%(upstream:short)%00%(objectname)%00%(upstream:track)%00%(upstream:remotename)%00%(upstream:remoteref) refs/heads/main refs/remotes/main [2ms]
2023-12-01 12:29:45.730 [info] > git status -z -uall [3ms]
2023-12-01 12:29:51.460 [info] > git config --get commit.template [6ms]
2023-12-01 12:29:51.461 [info] > git for-each-ref --format=%(refname)%00%(upstream:short)%00%(objectname)%00%(upstream:track)%00%(upstream:remotename)%00%(upstream:remoteref) refs/heads/main refs/remotes/main [2ms]
2023-12-01 12:29:51.467 [info] > git status -z -uall [1ms]
2023-12-01 12:30:04.443 [info] > git show --textconv :tests/Feature/SongsTest.php [8ms]
2023-12-01 12:30:04.445 [info] > git ls-files --stage -- /home/seeker/example-app/tests/Feature/SongsTest.php [3ms]
2023-12-01 12:30:35.633 [info] > git config --get commit.template [5ms]
2023-12-01 12:30:35.644 [info] > git for-each-ref --format=%(refname)%00%(upstream:short)%00%(objectname)%00%(upstream:track)%00%(upstream:remotename)%00%(upstream:remoteref) refs/heads/main refs/remotes/main [2ms]
2023-12-01 12:30:35.658 [info] > git status -z -uall [3ms]
2023-12-01 12:30:42.735 [info] > git show --textconv :practicals/Song.php [7ms]
2023-12-01 12:30:42.737 [info] > git ls-files --stage -- /home/seeker/example-app/practicals/Song.php [2ms]
2023-12-01 12:30:49.505 [info] > git show --textconv :routes/web.php [10ms]
2023-12-01 12:30:49.507 [info] > git ls-files --stage -- /home/seeker/example-app/routes/web.php [2ms]
2023-12-01 12:30:49.516 [info] > git cat-file -s de064674a46bc81727cebb88a9808e9cc0ab85ee [3ms]
2023-12-01 12:30:58.935 [info] > git config --get commit.template [8ms]
2023-12-01 12:30:58.936 [info] > git for-each-ref --format=%(refname)%00%(upstream:short)%00%(objectname)%00%(upstream:track)%00%(upstream:remotename)%00%(upstream:remoteref) refs/heads/main refs/remotes/main [2ms]
2023-12-01 12:30:58.943 [info] > git status -z -uall [2ms]
2023-12-01 12:31:19.944 [info] > git config --get commit.template [9ms]
2023-12-01 12:31:19.944 [info] > git for-each-ref --format=%(refname)%00%(upstream:short)%00%(objectname)%00%(upstream:track)%00%(upstream:remotename)%00%(upstream:remoteref) refs/heads/main refs/remotes/main [3ms]
2023-12-01 12:31:19.958 [info] > git status -z -uall [2ms]
2023-12-01 12:31:24.988 [info] > git config --get commit.template [7ms]
2023-12-01 12:31:24.989 [info] > git for-each-ref --format=%(refname)%00%(upstream:short)%00%(objectname)%00%(upstream:track)%00%(upstream:remotename)%00%(upstream:remoteref) refs/heads/main refs/remotes/main [2ms]
2023-12-01 12:31:24.995 [info] > git status -z -uall [2ms]
2023-12-01 12:31:40.371 [info] > git show --textconv :practicals/Song.php [10ms]
2023-12-01 12:31:40.373 [info] > git ls-files --stage -- /home/seeker/example-app/practicals/Song.php [4ms]
2023-12-01 12:31:46.839 [info] > git config --get commit.template [8ms]
2023-12-01 12:31:46.840 [info] > git for-each-ref --format=%(refname)%00%(upstream:short)%00%(objectname)%00%(upstream:track)%00%(upstream:remotename)%00%(upstream:remoteref) refs/heads/main refs/remotes/main [2ms]
2023-12-01 12:31:46.847 [info] > git status -z -uall [2ms]
2023-12-01 12:31:54.072 [info] > git show --textconv :tests/Feature/SongsTest.php [6ms]
2023-12-01 12:31:54.074 [info] > git ls-files --stage -- /home/seeker/example-app/tests/Feature/SongsTest.php [2ms]
2023-12-01 12:31:59.124 [info] > git config --get commit.template [7ms]
2023-12-01 12:31:59.124 [info] > git for-each-ref --format=%(refname)%00%(upstream:short)%00%(objectname)%00%(upstream:track)%00%(upstream:remotename)%00%(upstream:remoteref) refs/heads/main refs/remotes/main [2ms]
2023-12-01 12:31:59.132 [info] > git status -z -uall [3ms]
2023-12-01 12:32:00.541 [info] > git show --textconv :resources/views/songs.blade.php [7ms]
2023-12-01 12:32:00.542 [info] > git ls-files --stage -- /home/seeker/example-app/resources/views/songs.blade.php [2ms]
2023-12-01 12:32:04.205 [info] > git config --get commit.template [1ms]
2023-12-01 12:32:04.212 [info] > git for-each-ref --format=%(refname)%00%(upstream:short)%00%(objectname)%00%(upstream:track)%00%(upstream:remotename)%00%(upstream:remoteref) refs/heads/main refs/remotes/main [1ms]
2023-12-01 12:32:04.220 [info] > git status -z -uall [2ms]
2023-12-01 12:33:03.070 [info] > git config --get commit.template [17ms]
2023-12-01 12:33:03.070 [info] > git for-each-ref --format=%(refname)%00%(upstream:short)%00%(objectname)%00%(upstream:track)%00%(upstream:remotename)%00%(upstream:remoteref) refs/heads/main refs/remotes/main [3ms]
2023-12-01 12:33:03.082 [info] > git status -z -uall [3ms]
2023-12-01 12:35:58.467 [info] > git config --get commit.template [9ms]
2023-12-01 12:35:58.468 [info] > git for-each-ref --format=%(refname)%00%(upstream:short)%00%(objectname)%00%(upstream:track)%00%(upstream:remotename)%00%(upstream:remoteref) refs/heads/main refs/remotes/main [3ms]
2023-12-01 12:35:58.479 [info] > git status -z -uall [2ms]
2023-12-01 12:36:02.706 [info] > git show --textconv :tests/Feature/ExampleTest.php [10ms]
2023-12-01 12:36:02.707 [info] > git ls-files --stage -- /home/seeker/example-app/tests/Feature/ExampleTest.php [3ms]
2023-12-01 12:36:02.713 [info] > git cat-file -s 8364a84e2b7eea9f007e99a5d3333273fe30bf8a [2ms]
2023-12-01 12:36:54.089 [info] > git config --get commit.template [14ms]
2023-12-01 12:36:54.090 [info] > git for-each-ref --format=%(refname)%00%(upstream:short)%00%(objectname)%00%(upstream:track)%00%(upstream:remotename)%00%(upstream:remoteref) refs/heads/main refs/remotes/main [4ms]
2023-12-01 12:36:54.103 [info] > git status -z -uall [2ms]
2023-12-01 12:37:39.048 [info] > git show --textconv :resources/views/songs.blade.php [7ms]
2023-12-01 12:37:39.049 [info] > git ls-files --stage -- /home/seeker/example-app/resources/views/songs.blade.php [2ms]
2023-12-01 12:37:39.883 [info] > git config --get commit.template [3ms]
2023-12-01 12:37:39.892 [info] > git for-each-ref --format=%(refname)%00%(upstream:short)%00%(objectname)%00%(upstream:track)%00%(upstream:remotename)%00%(upstream:remoteref) refs/heads/main refs/remotes/main [1ms]
2023-12-01 12:37:39.902 [info] > git status -z -uall [4ms]
2023-12-01 12:37:54.024 [info] > git show --textconv :tests/Feature/SongsTest.php [6ms]
2023-12-01 12:37:54.026 [info] > git ls-files --stage -- /home/seeker/example-app/tests/Feature/SongsTest.php [3ms]
2023-12-01 12:38:09.087 [info] > git config --get commit.template [1ms]
2023-12-01 12:38:09.095 [info] > git for-each-ref --format=%(refname)%00%(upstream:short)%00%(objectname)%00%(upstream:track)%00%(upstream:remotename)%00%(upstream:remoteref) refs/heads/main refs/remotes/main [1ms]
2023-12-01 12:38:09.107 [info] > git status -z -uall [3ms]
2023-12-01 12:39:16.714 [info] > git config --get commit.template [10ms]
2023-12-01 12:39:16.715 [info] > git for-each-ref --format=%(refname)%00%(upstream:short)%00%(objectname)%00%(upstream:track)%00%(upstream:remotename)%00%(upstream:remoteref) refs/heads/main refs/remotes/main [3ms]
2023-12-01 12:39:16.722 [info] > git status -z -uall [1ms]
2023-12-01 12:39:19.570 [info] > git show --textconv :resources/views/songs.blade.php [7ms]
2023-12-01 12:39:19.571 [info] > git ls-files --stage -- /home/seeker/example-app/resources/views/songs.blade.php [2ms]
2023-12-01 12:39:27.750 [info] > git show --textconv :routes/web.php [8ms]
2023-12-01 12:39:27.751 [info] > git ls-files --stage -- /home/seeker/example-app/routes/web.php [2ms]
2023-12-01 12:39:27.759 [info] > git cat-file -s de064674a46bc81727cebb88a9808e9cc0ab85ee [2ms]
2023-12-01 12:40:01.053 [info] > git config --get commit.template [2ms]
2023-12-01 12:40:01.060 [info] > git for-each-ref --format=%(refname)%00%(upstream:short)%00%(objectname)%00%(upstream:track)%00%(upstream:remotename)%00%(upstream:remoteref) refs/heads/main refs/remotes/main [1ms]
2023-12-01 12:40:01.067 [info] > git status -z -uall [2ms]
2023-12-01 12:40:11.812 [info] > git show --textconv :tests/Feature/SongsTest.php [10ms]
2023-12-01 12:40:11.813 [info] > git ls-files --stage -- /home/seeker/example-app/tests/Feature/SongsTest.php [3ms]
2023-12-01 12:40:18.295 [info] > git config --get commit.template [4ms]
2023-12-01 12:40:18.302 [info] > git for-each-ref --format=%(refname)%00%(upstream:short)%00%(objectname)%00%(upstream:track)%00%(upstream:remotename)%00%(upstream:remoteref) refs/heads/main refs/remotes/main [1ms]
2023-12-01 12:40:18.309 [info] > git status -z -uall [2ms]
2023-12-01 12:40:49.692 [info] > git config --get commit.template [1ms]
2023-12-01 12:40:49.705 [info] > git for-each-ref --format=%(refname)%00%(upstream:short)%00%(objectname)%00%(upstream:track)%00%(upstream:remotename)%00%(upstream:remoteref) refs/heads/main refs/remotes/main [3ms]
2023-12-01 12:40:49.715 [info] > git status -z -uall [2ms]
2023-12-01 12:40:50.099 [info] > git show --textconv :resources/views/songs.blade.php [8ms]
2023-12-01 12:40:50.101 [info] > git ls-files --stage -- /home/seeker/example-app/resources/views/songs.blade.php [3ms]
2023-12-01 12:42:01.347 [info] > git show --textconv :composer.json [11ms]
2023-12-01 12:42:01.352 [info] > git ls-files --stage -- /home/seeker/example-app/composer.json [6ms]
2023-12-01 12:42:01.365 [info] > git cat-file -s 8a3d72d422b80a197e628cbe436a0afedcdad183 [2ms]
2023-12-01 12:42:13.720 [info] > git config --get commit.template [1ms]
2023-12-01 12:42:13.730 [info] > git for-each-ref --format=%(refname)%00%(upstream:short)%00%(objectname)%00%(upstream:track)%00%(upstream:remotename)%00%(upstream:remoteref) refs/heads/main refs/remotes/main [2ms]
2023-12-01 12:42:13.739 [info] > git status -z -uall [2ms]
2023-12-01 12:42:59.264 [info] > git config --get commit.template [2ms]
2023-12-01 12:42:59.280 [info] > git for-each-ref --format=%(refname)%00%(upstream:short)%00%(objectname)%00%(upstream:track)%00%(upstream:remotename)%00%(upstream:remoteref) refs/heads/main refs/remotes/main [3ms]
2023-12-01 12:42:59.290 [info] > git status -z -uall [2ms]
2023-12-01 12:42:59.654 [info] > git show --textconv :app/Models/Song.php [8ms]
2023-12-01 12:42:59.656 [info] > git ls-files --stage -- /home/seeker/example-app/app/Models/Song.php [4ms]
2023-12-01 12:43:10.980 [info] > git show --textconv :practicals/Song.php [7ms]
2023-12-01 12:43:10.982 [info] > git ls-files --stage -- /home/seeker/example-app/practicals/Song.php [3ms]
2023-12-01 12:43:19.392 [info] > git show --textconv :routes/web.php [8ms]
2023-12-01 12:43:19.394 [info] > git ls-files --stage -- /home/seeker/example-app/routes/web.php [3ms]
2023-12-01 12:43:19.402 [info] > git cat-file -s de064674a46bc81727cebb88a9808e9cc0ab85ee [2ms]
2023-12-01 12:43:52.861 [info] > git config --get commit.template [15ms]
2023-12-01 12:43:52.861 [info] > git for-each-ref --format=%(refname)%00%(upstream:short)%00%(objectname)%00%(upstream:track)%00%(upstream:remotename)%00%(upstream:remoteref) refs/heads/main refs/remotes/main [2ms]
2023-12-01 12:43:52.871 [info] > git status -z -uall [3ms]
2023-12-01 12:43:53.769 [info] > git show --textconv :app/Models/Song.php [7ms]
2023-12-01 12:43:53.770 [info] > git ls-files --stage -- /home/seeker/example-app/app/Models/Song.php [3ms]
2023-12-01 12:44:02.639 [info] > git config --get commit.template [8ms]
2023-12-01 12:44:02.641 [info] > git for-each-ref --format=%(refname)%00%(upstream:short)%00%(objectname)%00%(upstream:track)%00%(upstream:remotename)%00%(upstream:remoteref) refs/heads/main refs/remotes/main [3ms]
2023-12-01 12:44:02.653 [info] > git status -z -uall [2ms]
2023-12-01 12:44:03.011 [info] > git show --textconv :resources/views/songs.blade.php [8ms]
2023-12-01 12:44:03.013 [info] > git ls-files --stage -- /home/seeker/example-app/resources/views/songs.blade.php [3ms]
2023-12-01 12:44:28.492 [info] > git show --textconv :tests/Feature/SongsTest.php [7ms]
2023-12-01 12:44:28.493 [info] > git ls-files --stage -- /home/seeker/example-app/tests/Feature/SongsTest.php [2ms]
2023-12-01 12:44:30.039 [info] > git show --textconv :resources/views/songs.blade.php [8ms]
2023-12-01 12:44:30.041 [info] > git ls-files --stage -- /home/seeker/example-app/resources/views/songs.blade.php [3ms]
2023-12-01 12:45:27.526 [info] > git show --textconv :routes/web.php [9ms]
2023-12-01 12:45:27.528 [info] > git ls-files --stage -- /home/seeker/example-app/routes/web.php [3ms]
2023-12-01 12:45:27.537 [info] > git cat-file -s de064674a46bc81727cebb88a9808e9cc0ab85ee [2ms]
2023-12-01 12:45:43.695 [info] > git config --get commit.template [7ms]
2023-12-01 12:45:43.696 [info] > git for-each-ref --format=%(refname)%00%(upstream:short)%00%(objectname)%00%(upstream:track)%00%(upstream:remotename)%00%(upstream:remoteref) refs/heads/main refs/remotes/main [1ms]
2023-12-01 12:45:43.703 [info] > git status -z -uall [2ms]
2023-12-01 12:45:47.896 [info] > git show --textconv :tests/Feature/SongsTest.php [6ms]
2023-12-01 12:45:47.897 [info] > git ls-files --stage -- /home/seeker/example-app/tests/Feature/SongsTest.php [2ms]
2023-12-01 12:46:42.096 [info] > git config --get commit.template [10ms]
2023-12-01 12:46:42.096 [info] > git for-each-ref --format=%(refname)%00%(upstream:short)%00%(objectname)%00%(upstream:track)%00%(upstream:remotename)%00%(upstream:remoteref) refs/heads/main refs/remotes/main [1ms]
2023-12-01 12:46:42.108 [info] > git status -z -uall [3ms]
2023-12-01 12:47:03.393 [info] > git config --get commit.template [3ms]
2023-12-01 12:47:03.403 [info] > git for-each-ref --format=%(refname)%00%(upstream:short)%00%(objectname)%00%(upstream:track)%00%(upstream:remotename)%00%(upstream:remoteref) refs/heads/main refs/remotes/main [2ms]
2023-12-01 12:47:03.416 [info] > git status -z -uall [2ms]
2023-12-01 12:47:05.186 [info] > git show --textconv :app/Models/Song.php [8ms]
2023-12-01 12:47:05.188 [info] > git ls-files --stage -- /home/seeker/example-app/app/Models/Song.php [4ms]
2023-12-01 12:47:10.904 [info] > git show --textconv :practicals/Song.php [6ms]
2023-12-01 12:47:10.906 [info] > git ls-files --stage -- /home/seeker/example-app/practicals/Song.php [3ms]
2023-12-01 12:48:17.132 [info] > git config --get commit.template [8ms]
2023-12-01 12:48:17.133 [info] > git for-each-ref --format=%(refname)%00%(upstream:short)%00%(objectname)%00%(upstream:track)%00%(upstream:remotename)%00%(upstream:remoteref) refs/heads/main refs/remotes/main [2ms]
2023-12-01 12:48:17.143 [info] > git status -z -uall [2ms]
2023-12-01 12:48:19.989 [info] > git show --textconv :routes/web.php [7ms]
2023-12-01 12:48:19.990 [info] > git ls-files --stage -- /home/seeker/example-app/routes/web.php [2ms]
2023-12-01 12:48:19.996 [info] > git cat-file -s de064674a46bc81727cebb88a9808e9cc0ab85ee [1ms]
2023-12-01 12:48:35.683 [info] > git show --textconv :app/Models/Song.php [7ms]
2023-12-01 12:48:35.685 [info] > git ls-files --stage -- /home/seeker/example-app/app/Models/Song.php [4ms]
2023-12-01 12:48:56.984 [info] > git config --get commit.template [10ms]
2023-12-01 12:48:56.985 [info] > git for-each-ref --format=%(refname)%00%(upstream:short)%00%(objectname)%00%(upstream:track)%00%(upstream:remotename)%00%(upstream:remoteref) refs/heads/main refs/remotes/main [3ms]
2023-12-01 12:48:56.992 [info] > git status -z -uall [2ms]
2023-12-01 12:48:59.470 [info] > git show --textconv :resources/views/songs.blade.php [6ms]
2023-12-01 12:48:59.472 [info] > git ls-files --stage -- /home/seeker/example-app/resources/views/songs.blade.php [3ms]
2023-12-01 12:49:01.552 [info] > git show --textconv :tests/Feature/SongsTest.php [10ms]
2023-12-01 12:49:01.553 [info] > git ls-files --stage -- /home/seeker/example-app/tests/Feature/SongsTest.php [2ms]
2023-12-01 12:49:11.144 [info] > git config --get commit.template [1ms]
2023-12-01 12:49:11.156 [info] > git for-each-ref --format=%(refname)%00%(upstream:short)%00%(objectname)%00%(upstream:track)%00%(upstream:remotename)%00%(upstream:remoteref) refs/heads/main refs/remotes/main [1ms]
2023-12-01 12:49:11.167 [info] > git status -z -uall [2ms]
2023-12-01 12:49:15.306 [info] > git show --textconv :app/Models/Song.php [12ms]
2023-12-01 12:49:15.309 [info] > git ls-files --stage -- /home/seeker/example-app/app/Models/Song.php [5ms]
2023-12-01 12:49:19.030 [info] > git show --textconv :resources/views/songs.blade.php [7ms]
2023-12-01 12:49:19.031 [info] > git ls-files --stage -- /home/seeker/example-app/resources/views/songs.blade.php [2ms]
2023-12-01 12:49:37.853 [info] > git config --get commit.template [9ms]
2023-12-01 12:49:37.854 [info] > git for-each-ref --format=%(refname)%00%(upstream:short)%00%(objectname)%00%(upstream:track)%00%(upstream:remotename)%00%(upstream:remoteref) refs/heads/main refs/remotes/main [1ms]
2023-12-01 12:49:37.865 [info] > git status -z -uall [2ms]
2023-12-01 12:49:42.894 [info] > git config --get commit.template [9ms]
2023-12-01 12:49:42.895 [info] > git for-each-ref --format=%(refname)%00%(upstream:short)%00%(objectname)%00%(upstream:track)%00%(upstream:remotename)%00%(upstream:remoteref) refs/heads/main refs/remotes/main [2ms]
2023-12-01 12:49:42.902 [info] > git status -z -uall [2ms]
2023-12-01 12:57:15.425 [info] > git config --get commit.template [14ms]
2023-12-01 12:57:15.426 [info] > git for-each-ref --format=%(refname)%00%(upstream:short)%00%(objectname)%00%(upstream:track)%00%(upstream:remotename)%00%(upstream:remoteref) refs/heads/main refs/remotes/main [2ms]
2023-12-01 12:57:15.436 [info] > git status -z -uall [3ms]
2023-12-01 12:57:15.506 [info] > git ls-files --stage -- /home/seeker/example-app/resources/views/songs.blade.php [1ms]
2023-12-01 12:57:15.514 [info] > git cat-file -s 0cbe69f68eebcf8aac8e22f6a97f2013df0c85b1 [1ms]
2023-12-01 12:57:15.558 [info] > git show --textconv :resources/views/songs.blade.php [2ms]
2023-12-01 12:57:30.356 [info] > git config --get commit.template [2ms]
2023-12-01 12:57:30.366 [info] > git for-each-ref --format=%(refname)%00%(upstream:short)%00%(objectname)%00%(upstream:track)%00%(upstream:remotename)%00%(upstream:remoteref) refs/heads/main refs/remotes/main [1ms]
2023-12-01 12:57:30.372 [info] > git status -z -uall [2ms]
2023-12-01 12:58:02.735 [info] > git show --textconv :composer.json [9ms]
2023-12-01 12:58:02.737 [info] > git ls-files --stage -- /home/seeker/example-app/composer.json [4ms]
2023-12-01 12:58:02.746 [info] > git cat-file -s 54ba82c93717fbc8a4743d951b4b8210fc0bc678 [2ms]
2023-12-01 13:01:48.225 [info] > git config --get commit.template [14ms]
2023-12-01 13:01:48.226 [info] > git for-each-ref --format=%(refname)%00%(upstream:short)%00%(objectname)%00%(upstream:track)%00%(upstream:remotename)%00%(upstream:remoteref) refs/heads/main refs/remotes/main [2ms]
2023-12-01 13:01:48.235 [info] > git status -z -uall [2ms]
2023-12-01 13:01:58.558 [info] > git show --textconv :practicals/Song.php [8ms]
2023-12-01 13:01:58.559 [info] > git ls-files --stage -- /home/seeker/example-app/practicals/Song.php [2ms]
2023-12-01 13:01:58.566 [info] > git cat-file -s 71ec395a6462ec90b8374568437fd581ab1d1c30 [1ms]
2023-12-01 13:02:20.632 [info] > git config --get commit.template [11ms]
2023-12-01 13:02:20.633 [info] > git for-each-ref --format=%(refname)%00%(upstream:short)%00%(objectname)%00%(upstream:track)%00%(upstream:remotename)%00%(upstream:remoteref) refs/heads/main refs/remotes/main [2ms]
2023-12-01 13:02:20.641 [info] > git status -z -uall [3ms]
2023-12-01 13:04:10.286 [info] > git config --get commit.template [10ms]
2023-12-01 13:04:10.297 [info] > git ls-files --stage -- /home/seeker/example-app/practicals/Song.php [13ms]
2023-12-01 13:04:10.311 [info] > git for-each-ref --format=%(refname)%00%(upstream:short)%00%(objectname)%00%(upstream:track)%00%(upstream:remotename)%00%(upstream:remoteref) refs/heads/main refs/remotes/main [14ms]
2023-12-01 13:04:10.321 [info] > git cat-file -s 71ec395a6462ec90b8374568437fd581ab1d1c30 [11ms]
2023-12-01 13:04:10.321 [info] > git status -z -uall [2ms]
2023-12-01 13:04:10.339 [info] > git show --textconv :practicals/Song.php [1ms]
2023-12-01 13:04:15.606 [info] > git show --textconv :tests/Feature/SongsTest.php [7ms]
2023-12-01 13:04:15.607 [info] > git ls-files --stage -- /home/seeker/example-app/tests/Feature/SongsTest.php [2ms]
2023-12-01 13:04:15.615 [info] > git cat-file -s f6800635060aff966861c0347aa4edc0a00abc01 [2ms]
2023-12-01 13:05:07.345 [info] > git config --get commit.template [9ms]
2023-12-01 13:05:07.346 [info] > git for-each-ref --format=%(refname)%00%(upstream:short)%00%(objectname)%00%(upstream:track)%00%(upstream:remotename)%00%(upstream:remoteref) refs/heads/main refs/remotes/main [1ms]
2023-12-01 13:05:07.355 [info] > git status -z -uall [3ms]
2023-12-01 13:05:12.465 [info] > git show --textconv :routes/web.php [6ms]
2023-12-01 13:05:12.466 [info] > git ls-files --stage -- /home/seeker/example-app/routes/web.php [1ms]
2023-12-01 13:05:12.473 [info] > git cat-file -s 1a0c68dfbd9bb95b1e1eb1bd578c0477f9149555 [1ms]
2023-12-01 13:06:59.151 [info] > git config --get commit.template [23ms]
2023-12-01 13:06:59.153 [info] > git ls-files --stage -- /home/seeker/example-app/routes/web.php [2ms]
2023-12-01 13:06:59.163 [info] > git for-each-ref --format=%(refname)%00%(upstream:short)%00%(objectname)%00%(upstream:track)%00%(upstream:remotename)%00%(upstream:remoteref) refs/heads/main refs/remotes/main [21ms]
2023-12-01 13:06:59.172 [info] > git cat-file -s 1a0c68dfbd9bb95b1e1eb1bd578c0477f9149555 [10ms]
2023-12-01 13:06:59.174 [info] > git status -z -uall [5ms]
2023-12-01 13:06:59.193 [info] > git show --textconv :routes/web.php [3ms]
2023-12-01 13:07:57.150 [info] > git show --textconv :app/Models/Song.php [9ms]
2023-12-01 13:07:57.151 [info] > git ls-files --stage -- /home/seeker/example-app/app/Models/Song.php [2ms]
2023-12-01 13:07:57.159 [info] > git cat-file -s 9662896835a03ee49b90f46f6068583d1b192077 [1ms]
2023-12-01 13:08:38.406 [info] > git show --textconv :database/migrations/2023_11_18_090758_create_songs_table.php [11ms]
2023-12-01 13:08:38.409 [info] > git ls-files --stage -- /home/seeker/example-app/database/migrations/2023_11_18_090758_create_songs_table.php [4ms]
2023-12-01 13:08:38.422 [info] > git cat-file -s 82c81f876bd9bcdb73c7f532c74a14cb4af032f2 [3ms]
2023-12-01 13:08:52.871 [info] > git config --get commit.template [1ms]
2023-12-01 13:08:52.880 [info] > git for-each-ref --format=%(refname)%00%(upstream:short)%00%(objectname)%00%(upstream:track)%00%(upstream:remotename)%00%(upstream:remoteref) refs/heads/main refs/remotes/main [2ms]
2023-12-01 13:08:52.888 [info] > git status -z -uall [2ms]
2023-12-01 13:10:05.127 [info] > git config --get commit.template [8ms]
2023-12-01 13:10:05.127 [info] > git for-each-ref --format=%(refname)%00%(upstream:short)%00%(objectname)%00%(upstream:track)%00%(upstream:remotename)%00%(upstream:remoteref) refs/heads/main refs/remotes/main [1ms]
2023-12-01 13:10:05.140 [info] > git status -z -uall [3ms]
2023-12-01 13:10:05.751 [info] > git show --textconv :database/seeders/SongSeeder.php [8ms]
2023-12-01 13:10:05.752 [info] > git ls-files --stage -- /home/seeker/example-app/database/seeders/SongSeeder.php [2ms]
2023-12-01 13:10:05.761 [info] > git cat-file -s 023ebbf4d48c922aefc03ff701ffa2e733aaf1ee [2ms]
2023-12-01 13:15:16.815 [info] > git config --get commit.template [1ms]
2023-12-01 13:15:16.827 [info] > git for-each-ref --format=%(refname)%00%(upstream:short)%00%(objectname)%00%(upstream:track)%00%(upstream:remotename)%00%(upstream:remoteref) refs/heads/main refs/remotes/main [2ms]
2023-12-01 13:15:16.838 [info] > git status -z -uall [3ms]
2023-12-01 13:15:21.854 [info] > git config --get commit.template [1ms]
2023-12-01 13:15:21.864 [info] > git for-each-ref --format=%(refname)%00%(upstream:short)%00%(objectname)%00%(upstream:track)%00%(upstream:remotename)%00%(upstream:remoteref) refs/heads/main refs/remotes/main [1ms]
2023-12-01 13:15:21.871 [info] > git status -z -uall [2ms]
2023-12-01 13:23:35.792 [info] > git config --get commit.template [5ms]
2023-12-01 13:23:35.811 [info] > git for-each-ref --format=%(refname)%00%(upstream:short)%00%(objectname)%00%(upstream:track)%00%(upstream:remotename)%00%(upstream:remoteref) refs/heads/main refs/remotes/main [8ms]
2023-12-01 13:23:35.820 [info] > git ls-files --stage -- /home/seeker/example-app/database/seeders/SongSeeder.php [11ms]
2023-12-01 13:23:35.828 [info] > git status -z -uall [8ms]
2023-12-01 13:23:35.830 [info] > git cat-file -s 023ebbf4d48c922aefc03ff701ffa2e733aaf1ee [3ms]
2023-12-01 13:23:35.892 [info] > git show --textconv :database/seeders/SongSeeder.php [1ms]
2023-12-01 13:23:40.724 [info] > git show --textconv :routes/web.php [10ms]
2023-12-01 13:23:40.725 [info] > git ls-files --stage -- /home/seeker/example-app/routes/web.php [2ms]
2023-12-01 13:23:40.733 [info] > git cat-file -s 1a0c68dfbd9bb95b1e1eb1bd578c0477f9149555 [1ms]
2023-12-01 13:23:40.852 [info] > git config --get commit.template [8ms]
2023-12-01 13:23:40.853 [info] > git for-each-ref --format=%(refname)%00%(upstream:short)%00%(objectname)%00%(upstream:track)%00%(upstream:remotename)%00%(upstream:remoteref) refs/heads/main refs/remotes/main [2ms]
2023-12-01 13:23:40.860 [info] > git status -z -uall [2ms]
2023-12-01 13:24:31.737 [info] > git config --get commit.template [7ms]
2023-12-01 13:24:31.738 [info] > git for-each-ref --format=%(refname)%00%(upstream:short)%00%(objectname)%00%(upstream:track)%00%(upstream:remotename)%00%(upstream:remoteref) refs/heads/main refs/remotes/main [1ms]
2023-12-01 13:24:31.745 [info] > git status -z -uall [2ms]
2023-12-01 13:24:36.761 [info] > git config --get commit.template [1ms]
2023-12-01 13:24:36.767 [info] > git for-each-ref --format=%(refname)%00%(upstream:short)%00%(objectname)%00%(upstream:track)%00%(upstream:remotename)%00%(upstream:remoteref) refs/heads/main refs/remotes/main [1ms]
2023-12-01 13:24:36.775 [info] > git status -z -uall [2ms]
2023-12-01 13:32:49.101 [info] > git show --textconv :resources/views/songs.blade.php [7ms]
2023-12-01 13:32:49.103 [info] > git ls-files --stage -- /home/seeker/example-app/resources/views/songs.blade.php [3ms]
2023-12-01 13:32:49.109 [info] > git cat-file -s 0cbe69f68eebcf8aac8e22f6a97f2013df0c85b1 [1ms]
2023-12-01 13:33:47.241 [info] > git config --get commit.template [12ms]
2023-12-01 13:33:47.242 [info] > git for-each-ref --format=%(refname)%00%(upstream:short)%00%(objectname)%00%(upstream:track)%00%(upstream:remotename)%00%(upstream:remoteref) refs/heads/main refs/remotes/main [1ms]
2023-12-01 13:33:47.251 [info] > git status -z -uall [2ms]
2023-12-01 13:33:47.731 [info] > git show --textconv :routes/web.php [8ms]
2023-12-01 13:33:47.732 [info] > git ls-files --stage -- /home/seeker/example-app/routes/web.php [1ms]
2023-12-01 13:33:47.741 [info] > git cat-file -s 1a0c68dfbd9bb95b1e1eb1bd578c0477f9149555 [2ms]
2023-12-01 13:34:01.494 [info] > git config --get commit.template [6ms]
2023-12-01 13:34:01.494 [info] > git for-each-ref --format=%(refname)%00%(upstream:short)%00%(objectname)%00%(upstream:track)%00%(upstream:remotename)%00%(upstream:remoteref) refs/heads/main refs/remotes/main [1ms]
2023-12-01 13:34:01.501 [info] > git status -z -uall [2ms]
2023-12-01 13:34:13.636 [info] > git config --get commit.template [2ms]
2023-12-01 13:34:13.646 [info] > git for-each-ref --format=%(refname)%00%(upstream:short)%00%(objectname)%00%(upstream:track)%00%(upstream:remotename)%00%(upstream:remoteref) refs/heads/main refs/remotes/main [2ms]
2023-12-01 13:34:13.657 [info] > git status -z -uall [2ms]
2023-12-01 13:34:14.300 [info] > git show --textconv :resources/views/songs.blade.php [16ms]
2023-12-01 13:34:14.302 [info] > git ls-files --stage -- /home/seeker/example-app/resources/views/songs.blade.php [4ms]
2023-12-01 13:34:14.317 [info] > git cat-file -s 0cbe69f68eebcf8aac8e22f6a97f2013df0c85b1 [3ms]
2023-12-01 13:34:29.177 [info] > git config --get commit.template [12ms]
2023-12-01 13:34:29.178 [info] > git for-each-ref --format=%(refname)%00%(upstream:short)%00%(objectname)%00%(upstream:track)%00%(upstream:remotename)%00%(upstream:remoteref) refs/heads/main refs/remotes/main [3ms]
2023-12-01 13:34:29.187 [info] > git status -z -uall [2ms]
2023-12-01 13:34:46.248 [info] > git config --get commit.template [1ms]
2023-12-01 13:34:46.256 [info] > git for-each-ref --format=%(refname)%00%(upstream:short)%00%(objectname)%00%(upstream:track)%00%(upstream:remotename)%00%(upstream:remoteref) refs/heads/main refs/remotes/main [2ms]
2023-12-01 13:34:46.266 [info] > git status -z -uall [2ms]
2023-12-01 13:37:01.832 [info] > git config --get commit.template [2ms]
2023-12-01 13:37:01.843 [info] > git for-each-ref --format=%(refname)%00%(upstream:short)%00%(objectname)%00%(upstream:track)%00%(upstream:remotename)%00%(upstream:remoteref) refs/heads/main refs/remotes/main [1ms]
2023-12-01 13:37:01.852 [info] > git status -z -uall [2ms]
2023-12-01 13:37:01.928 [info] > git ls-files --stage -- /home/seeker/example-app/resources/views/songs.blade.php [3ms]
2023-12-01 13:37:01.937 [info] > git cat-file -s 05b702623fdd74754d5d90a6749bbc6280eae503 [2ms]
2023-12-01 13:37:02.030 [info] > git show --textconv :resources/views/songs.blade.php [4ms]
2023-12-01 13:37:02.441 [info] > git show --textconv :routes/web.php [8ms]
2023-12-01 13:37:02.443 [info] > git ls-files --stage -- /home/seeker/example-app/routes/web.php [1ms]
2023-12-01 13:37:02.453 [info] > git cat-file -s 0f7bc454e9202f4cc9784ae843143d569d005987 [1ms]
2023-12-01 13:37:06.885 [info] > git config --get commit.template [7ms]
2023-12-01 13:37:06.885 [info] > git for-each-ref --format=%(refname)%00%(upstream:short)%00%(objectname)%00%(upstream:track)%00%(upstream:remotename)%00%(upstream:remoteref) refs/heads/main refs/remotes/main [1ms]
2023-12-01 13:37:06.892 [info] > git status -z -uall [1ms]
2023-12-01 13:37:26.472 [info] > git config --get commit.template [6ms]
2023-12-01 13:37:26.473 [info] > git for-each-ref --format=%(refname)%00%(upstream:short)%00%(objectname)%00%(upstream:track)%00%(upstream:remotename)%00%(upstream:remoteref) refs/heads/main refs/remotes/main [2ms]
2023-12-01 13:37:26.481 [info] > git status -z -uall [1ms]
2023-12-01 13:39:11.950 [info] > git check-ignore -v -z --stdin [3ms]
2023-12-01 13:39:49.810 [info] > git config --get commit.template [14ms]
2023-12-01 13:39:49.824 [info] > git ls-files --stage -- /home/seeker/example-app/routes/web.php [15ms]
2023-12-01 13:39:49.835 [info] > git for-each-ref --format=%(refname)%00%(upstream:short)%00%(objectname)%00%(upstream:track)%00%(upstream:remotename)%00%(upstream:remoteref) refs/heads/main refs/remotes/main [13ms]
2023-12-01 13:39:49.843 [info] > git cat-file -s 5a6a980d7f54d4aabbecb484f32b9e4b60673d5a [9ms]
2023-12-01 13:39:49.845 [info] > git status -z -uall [3ms]
2023-12-01 13:39:49.890 [info] > git show --textconv :routes/web.php [2ms]
2023-12-01 13:39:50.727 [info] > git check-ignore -v -z --stdin [2ms]
2023-12-01 13:39:52.540 [info] > git show --textconv :resources/views/components/layouts/main.blade.php [9ms]
2023-12-01 13:39:52.542 [info] > git ls-files --stage -- /home/seeker/example-app/resources/views/components/layouts/main.blade.php [3ms]
2023-12-01 13:39:54.880 [info] > git config --get commit.template [9ms]
2023-12-01 13:39:54.881 [info] > git for-each-ref --format=%(refname)%00%(upstream:short)%00%(objectname)%00%(upstream:track)%00%(upstream:remotename)%00%(upstream:remoteref) refs/heads/main refs/remotes/main [2ms]
2023-12-01 13:39:54.894 [info] > git status -z -uall [3ms]
2023-12-01 13:40:26.807 [info] > git check-ignore -v -z --stdin [2ms]
2023-12-01 13:48:31.665 [info] > git show --textconv :resources/views/songs.blade.php [8ms]
2023-12-01 13:48:31.666 [info] > git ls-files --stage -- /home/seeker/example-app/resources/views/songs.blade.php [2ms]
2023-12-01 13:48:31.674 [info] > git cat-file -s 05b702623fdd74754d5d90a6749bbc6280eae503 [1ms]
2023-12-01 13:51:20.477 [info] > git show --textconv :resources/views/welcome.blade.php [10ms]
2023-12-01 13:51:20.480 [info] > git ls-files --stage -- /home/seeker/example-app/resources/views/welcome.blade.php [5ms]
2023-12-01 13:51:20.505 [info] > git cat-file -s 638ec96066aa83821c4b7dfd5be4a0bec922a6a2 [13ms]
2023-12-01 13:51:33.918 [info] > git show --textconv :resources/views/songs_static.blade.php [6ms]
2023-12-01 13:51:33.919 [info] > git ls-files --stage -- /home/seeker/example-app/resources/views/songs_static.blade.php [2ms]
2023-12-01 13:51:34.148 [info] > git check-ignore -v -z --stdin [2ms]
2023-12-01 13:51:34.748 [info] > git config --get commit.template [9ms]
2023-12-01 13:51:34.749 [info] > git for-each-ref --format=%(refname)%00%(upstream:short)%00%(objectname)%00%(upstream:track)%00%(upstream:remotename)%00%(upstream:remoteref) refs/heads/main refs/remotes/main [2ms]
2023-12-01 13:51:34.758 [info] > git status -z -uall [2ms]
2023-12-01 13:52:17.112 [info] > git config --get commit.template [7ms]
2023-12-01 13:52:17.113 [info] > git for-each-ref --format=%(refname)%00%(upstream:short)%00%(objectname)%00%(upstream:track)%00%(upstream:remotename)%00%(upstream:remoteref) refs/heads/main refs/remotes/main [1ms]
2023-12-01 13:52:17.123 [info] > git status -z -uall [4ms]
2023-12-01 13:52:50.738 [info] > git show --textconv :resources/views/songs.blade.php [6ms]
2023-12-01 13:52:50.739 [info] > git ls-files --stage -- /home/seeker/example-app/resources/views/songs.blade.php [2ms]
2023-12-01 13:52:50.746 [info] > git cat-file -s 05b702623fdd74754d5d90a6749bbc6280eae503 [1ms]
2023-12-01 13:56:44.595 [info] > git show --textconv :routes/web.php [8ms]
2023-12-01 13:56:44.596 [info] > git ls-files --stage -- /home/seeker/example-app/routes/web.php [2ms]
2023-12-01 13:56:44.612 [info] > git cat-file -s 5a6a980d7f54d4aabbecb484f32b9e4b60673d5a [1ms]
2023-12-01 14:00:21.105 [info] > git config --get commit.template [3ms]
2023-12-01 14:00:21.112 [info] > git for-each-ref --format=%(refname)%00%(upstream:short)%00%(objectname)%00%(upstream:track)%00%(upstream:remotename)%00%(upstream:remoteref) refs/heads/main refs/remotes/main [2ms]
2023-12-01 14:00:21.120 [info] > git status -z -uall [2ms]
2023-12-01 14:01:36.721 [info] > git config --get commit.template [10ms]
2023-12-01 14:01:36.721 [info] > git for-each-ref --format=%(refname)%00%(upstream:short)%00%(objectname)%00%(upstream:track)%00%(upstream:remotename)%00%(upstream:remoteref) refs/heads/main refs/remotes/main [1ms]
2023-12-01 14:01:36.728 [info] > git status -z -uall [2ms]
2023-12-01 14:02:07.607 [info] > git show --textconv :resources/views/songs.blade.php [9ms]
2023-12-01 14:02:07.608 [info] > git ls-files --stage -- /home/seeker/example-app/resources/views/songs.blade.php [2ms]
2023-12-01 14:02:07.615 [info] > git cat-file -s 05b702623fdd74754d5d90a6749bbc6280eae503 [2ms]
2023-12-01 14:02:32.551 [info] > git check-ignore -v -z --stdin [2ms]
2023-12-01 14:03:06.560 [info] > git config --get commit.template [14ms]
2023-12-01 14:03:06.560 [info] > git for-each-ref --format=%(refname)%00%(upstream:short)%00%(objectname)%00%(upstream:track)%00%(upstream:remotename)%00%(upstream:remoteref) refs/heads/main refs/remotes/main [1ms]
2023-12-01 14:03:06.575 [info] > git status -z -uall [3ms]
2023-12-01 14:03:46.783 [info] > git check-ignore -v -z --stdin [3ms]
2023-12-01 14:04:44.762 [info] > git show --textconv :resources/css/app.css [7ms]
2023-12-01 14:04:44.763 [info] > git ls-files --stage -- /home/seeker/example-app/resources/css/app.css [2ms]
2023-12-01 14:04:44.771 [info] > git cat-file -s e69de29bb2d1d6434b8b29ae775ad8c2e48c5391 [2ms]
